================================
Order details :
Cup Size: Small
Number Of Cups: 4
1 appeles added successfully
1 bananas added successfully
1 mangos added successfully
1 peaches added successfully
adding  will cause an overflow

20 strawberries added successfully
================================
Blender Contents:
Total Calories: 493
Current Volume: 0 mL
Capacity: 1200 mL
Number of bananas: 1
Number of Apples: 1
Number of Strawberrys: 10
Number of Peachs: 1
Number of Mangos: 1
Milk volume :100.0
Ingredient Blended 
Final color: OrangeRed
================================
Thank you for ordering from us
 We hope to see you again soon :)
 
================================
Order details :
Cup Size: Small
Number Of Cups: 4
1 appeles added successfully
1 mangos added successfully
1 peaches added successfully
1 bananas added successfully
1 strawberries added successfully
1 strawberries added successfully
1 strawberries added successfully
1 strawberries added successfully
1 strawberries added successfully
1 strawberries added successfully
1 strawberries added successfully
1 strawberries added successfully
1 strawberries added successfully
1 strawberries added successfully
adding  will cause an overflow

1 strawberries added successfully
================================
Blender Contents:
Total Calories: 493
Current Volume: 0 mL
Capacity: 1200 mL
Number of bananas: 1
Number of Apples: 1
Number of Strawberrys: 10
Number of Peachs: 1
Number of Mangos: 1
Milk volume :100.0
Ingredient Blended 
Final color: OrangeRed
================================
================================
Order details :
Cup Size: Medium
Number Of Cups: 2
1 appeles added successfully
1 peaches added successfully
1 mangos added successfully
1 strawberries added successfully
1 bananas added successfully
1 bananas added successfully
1 bananas added successfully
1 bananas added successfully
adding  will cause an overflow

1 bananas added successfully
================================
Blender Contents:
Total Calories: 672
Current Volume: -40 mL
Capacity: 1200 mL
Number of bananas: 4
Number of Apples: 1
Number of Strawberrys: 1
Number of Peachs: 1
Number of Mangos: 1

Ingredient Blended 
Final color: Tan
================================
Thank you for ordering from us
 We hope to see you again soon :)
 
================================
Order details :
Cup Size: Small
Number Of Cups: 5
1 appeles added successfully
1 appeles added successfully
1 appeles added successfully
1 appeles added successfully
1 appeles added successfully
1 appeles added successfully
1 appeles added successfully
1 appeles added successfully
1 appeles added successfully
================================
Blender Contents:
Total Calories: 810
Current Volume: 50 mL
Capacity: 1200 mL
Number of Apples: 9

Ingredient Blended 
Final color: Red
================================
Thank you for ordering from us
 We hope to see you again soon :)
 
================================
Order details :
Cup Size: Small
Number Of Cups: 4
5 appeles added successfully
================================
Blender Contents:
Total Calories: 450
Current Volume: 150 mL
Capacity: 1200 mL
Number of Apples: 5

Ingredient Blended 
Final color: Red
================================
Thank you for ordering from us
 We hope to see you again soon :)
 
================================
Order details :
Cup Size: Medium
Number Of Cups: 2
10 strawberries added successfully
adding  will cause an overflow

5 mangos added successfully
================================
Blender Contents:
Total Calories: 540
Current Volume: 0 mL
Capacity: 1200 mL
Number of Strawberrys: 10
Number of Mangos: 4
Milk volume :100.0
Ingredient Blended 
Final color: OrangeRed
================================
Thank you for ordering from us
 We hope to see you again soon :)
 
Cup Size: Small
Number Of Cups: 0
Cup Size: Small
Number Of Cups: 3
add ingredients to the blender:
adding  will cause an overflow
 , we added 4 apples 
remaining capacity: 25
add ingredients to the blender:
2 strawberries added successfully
ingredient are not blended

Cup Size: Large
Number Of Cups: 2
Cup Size: Small
Number Of Cups: 1
add ingredients to the blender:
Cup Size: Small
Number Of Cups: 4
add ingredients to the blender:
1 apples added successfully
add ingredients to the blender:
Cup Size: Small
Number Of Cups: 1
add ingredients to the blender:
2 apples added successfully
================================
Order details :
Cup Size: Small
Number Of Cups: 4
1 appeles added successfully
================================
Blender Contents:
Total Calories: 90
Current Volume: 350 mL
Capacity: 1200 mL
Number of Apples: 1

Ingredient Blended 
Final color: Red
================================
================================
Order details :
Cup Size: Medium
Number Of Cups: 2
1 appeles added successfully
1 appeles added successfully
1 appeles added successfully
1 appeles added successfully
1 appeles added successfully
1 mangos added successfully
1 peaches added successfully
1 bananas added successfully
================================
Blender Contents:
Total Calories: 713
Current Volume: 0 mL
Capacity: 1200 mL
Number of bananas: 1
Number of Apples: 5
Number of Peachs: 1
Number of Mangos: 1

Ingredient Blended 
Final color: OrangeRed
================================
================================
Order details :
Cup Size: Small
Number Of Cups: 12
1 strawberries added successfully
================================
Blender Contents:
Total Calories: 4
Current Volume: 1190 mL
Capacity: 1200 mL
Number of Strawberrys: 1

Ingredient Blended 
Final color: OrangeRed
================================
================================
Order details :
Cup Size: Small
Number Of Cups: 5
1 strawberries added successfully
================================
Blender Contents:
Total Calories: 4
Current Volume: 490 mL
Capacity: 1200 mL
Number of Strawberrys: 1

Ingredient Blended 
Final color: OrangeRed
================================
================================
Order details :
Cup Size: Small
Number Of Cups: 4
1 strawberries added successfully
================================
Blender Contents:
Total Calories: 4
Current Volume: 390 mL
Capacity: 1200 mL
Number of Strawberrys: 1

Ingredient Blended 
Final color: OrangeRed
================================
================================
Order details :
Cup Size: Small
Number Of Cups: 12
1 strawberries added successfully
1 strawberries added successfully
================================
Blender Contents:
Total Calories: 8
Current Volume: 1180 mL
Capacity: 1200 mL
Number of Strawberrys: 2

Ingredient Blended 
Final color: OrangeRed
================================
================================
Order details :
Cup Size: Small
Number Of Cups: 12
1 strawberries added successfully
================================
Blender Contents:
Total Calories: 13
Current Volume: 1190 mL
Capacity: 1200 mL
Number of Strawberrys: 1

Ingredient Blended 
Final color: OrangeRed
================================
Thank you for ordering from us
 We hope to see you again soon :)
 
================================
Order details :
Cup Size: Small
Number Of Cups: 12
1 strawberries added successfully
================================
Blender Contents:
Total Calories: 13
Current Volume: 1190 mL
Capacity: 1200 mL
Number of Strawberrys: 1

Ingredient Blended 
Final color: OrangeRed
================================
Thank you for ordering from us
 We hope to see you again soon :)
 
================================
Order details :
Cup Size: Small
Number Of Cups: 1
1 strawberries added successfully
1 strawberries added successfully
1 strawberries added successfully
1 strawberries added successfully
1 strawberries added successfully
================================
Blender Contents:
Total Calories: 65
Current Volume: 50 mL
Capacity: 1200 mL
Number of Strawberrys: 5

Ingredient Blended 
Final color: OrangeRed
================================
Thank you for ordering from us
 We hope to see you again soon :)
 
================================
Order details :
Cup Size: Small
Number Of Cups: 12
1 strawberries added successfully
1 strawberries added successfully
================================
Blender Contents:
Total Calories: 8
Current Volume: 1180 mL
Capacity: 1200 mL
Number of Strawberrys: 2

Ingredient Blended 
Final color: OrangeRed
================================
================================
Order details :
Cup Size: Large
Number Of Cups: 2
1 appeles added successfully
1 bananas added successfully
1 mangos added successfully
1 peaches added successfully
1 strawberries added successfully
1 appeles added successfully
1 appeles added successfully
1 appeles added successfully
1 appeles added successfully
1 appeles added successfully
1 appeles added successfully
1 appeles added successfully
adding  will cause an overflow

1 appeles added successfully
================================
Blender Contents:
Total Calories: 1187
Current Volume: 40 mL
Capacity: 1200 mL
Number of bananas: 1
Number of Apples: 8
Number of Strawberrys: 1
Number of Peachs: 1
Number of Mangos: 1
Milk volume :200.0
Ingredient Blended 
Final color: OrangeRed
================================
Thank you for ordering from us
 We hope to see you again soon :)
 
================================
Order details :
Cup Size: Small
Number Of Cups: 3
1 appeles added successfully
1 appeles added successfully
1 appeles added successfully
1 appeles added successfully
adding  will cause an overflow

1 appeles added successfully
1 strawberries added successfully
1 strawberries added successfully
adding  will cause an overflow

1 strawberries added successfully
adding  will cause an overflow

1 strawberries added successfully
================================
Order details :
Cup Size: Small
Number Of Cups: 1
1 appeles added successfully
adding  will cause an overflow

1 appeles added successfully
1 strawberries added successfully
1 strawberries added successfully
================================
Blender Contents:
Total Calories: 123
Current Volume: 5 mL
Capacity: 1200 mL
Number of Apples: 1
Number of Strawberrys: 2
Milk volume :25.0
Ingredient Blended 
Final color: OrangeRed
================================
================================
Order details :
Cup Size: Small
Number Of Cups: 4
1 strawberries added successfully
1 appeles added successfully
1 appeles added successfully
1 appeles added successfully
1 appeles added successfully
1 appeles added successfully
adding  will cause an overflow

1 appeles added successfully
1 strawberries added successfully
adding  will cause an overflow

4 strawberries added successfully
================================
Blender Contents:
Total Calories: 570
Current Volume: 0 mL
Capacity: 1200 mL
Number of Apples: 5
Number of Strawberrys: 5
Milk volume :100.0
Ingredient Blended 
Final color: OrangeRed
================================
Thank you for ordering from us
 We hope to see you again soon :)
 
================================
Order details :
Cup Size: Small
Number Of Cups: 4
1 appeles added successfully
1 appeles added successfully
1 strawberries added successfully
1 appeles added successfully
1 appeles added successfully
1 appeles added successfully
4 strawberries added successfully
================================
Blender Contents:
Total Calories: 570
Current Volume: 0 mL
Capacity: 1200 mL
Number of Apples: 5
Number of Strawberrys: 5
Milk volume :100.0
Ingredient Blended 
Final color: OrangeRed
================================
Thank you for ordering from us
 We hope to see you again soon :)
 
