#
# There is insufficient memory for the Java Runtime Environment to continue.
# Native memory allocation (malloc) failed to allocate 32744 bytes for Chunk::new
# Possible reasons:
#   The system is out of physical RAM or swap space
#   The process is running with CompressedOops enabled, and the Java Heap may be blocking the growth of the native heap
# Possible solutions:
#   Reduce memory load on the system
#   Increase physical memory or swap space
#   Check if swap backing store is full
#   Decrease Java heap size (-Xmx/-Xms)
#   Decrease number of Java threads
#   Decrease Java thread stack sizes (-Xss)
#   Set larger code cache with -XX:ReservedCodeCacheSize=
#   JVM is running with Unscaled Compressed Oops mode in which the Java heap is
#     placed in the first 4GB address space. The Java Heap base address is the
#     maximum limit for the native heap growth. Please use -XX:HeapBaseMinAddress
#     to set the Java Heap base and to place the Java Heap above 4GB virtual address.
# This output file may be truncated or incomplete.
#
#  Out of Memory Error (arena.cpp:168), pid=15672, tid=4632
#
# JRE version: Java(TM) SE Runtime Environment (21.0.2+13) (build 21.0.2+13-LTS-58)
# Java VM: Java HotSpot(TM) 64-Bit Server VM (21.0.2+13-LTS-58, mixed mode, sharing, tiered, compressed oops, compressed class ptrs, g1 gc, windows-amd64)
# No core dump will be written. Minidumps are not enabled by default on client versions of Windows
#

---------------  S U M M A R Y ------------

Command Line: com.mycompany.cocktail.Cocktail

Host: 11th Gen Intel(R) Core(TM) i5-1135G7 @ 2.40GHz, 8 cores, 7G,  Windows 11 , 64 bit Build 22621 (10.0.22621.3374)
Time: Thu May  2 17:31:58 2024 Jerusalem Daylight Time elapsed time: 18.013941 seconds (0d 0h 0m 18s)

---------------  T H R E A D  ---------------

Current thread (0x000002281f0f1ce0):  JavaThread "C1 CompilerThread0" daemon [_thread_in_native, id=4632, stack(0x000000fe21500000,0x000000fe21600000) (1024K)]


Current CompileTask:
C1:  18013  255       3       jdk.internal.org.objectweb.asm.Frame::execute (2305 bytes)

Stack: [0x000000fe21500000,0x000000fe21600000]
Native frames: (J=compiled Java code, j=interpreted, Vv=VM code, C=native code)
V  [jvm.dll+0x6cade9]
V  [jvm.dll+0x8569c1]
V  [jvm.dll+0x858d2e]
V  [jvm.dll+0x859413]
V  [jvm.dll+0x280e56]
V  [jvm.dll+0xc3f3d]
V  [jvm.dll+0xc4473]
V  [jvm.dll+0x13333f]
V  [jvm.dll+0x186a84]
V  [jvm.dll+0x17de7e]
V  [jvm.dll+0x16bf60]
V  [jvm.dll+0x1548c7]
V  [jvm.dll+0x154208]
V  [jvm.dll+0x154444]
V  [jvm.dll+0x153886]
V  [jvm.dll+0x1555ed]
V  [jvm.dll+0x258859]
V  [jvm.dll+0x256e3a]
V  [jvm.dll+0x3ef6c6]
V  [jvm.dll+0x7ff568]
V  [jvm.dll+0x6c953d]
C  [ucrtbase.dll+0x29333]
C  [KERNEL32.DLL+0x1257d]
C  [ntdll.dll+0x5aa48]


---------------  P R O C E S S  ---------------

Threads class SMR info:
_java_thread_list=0x000002281f35f9f0, length=11, elements={
0x000002280069c180, 0x000002281f0d8d80, 0x000002281f0dcac0, 0x000002281f0df960,
0x000002281f0e2790, 0x000002281f0e3cd0, 0x000002281f0e49f0, 0x000002281f0ef230,
0x000002281f0f1ce0, 0x000002281f0e5da0, 0x000002281f0e3640
}

Java Threads: ( => current thread )
  0x000002280069c180 JavaThread "main"                              [_thread_in_native, id=16404, stack(0x000000fe20600000,0x000000fe20700000) (1024K)]
  0x000002281f0d8d80 JavaThread "Reference Handler"          daemon [_thread_blocked, id=10868, stack(0x000000fe20e00000,0x000000fe20f00000) (1024K)]
  0x000002281f0dcac0 JavaThread "Finalizer"                  daemon [_thread_blocked, id=17240, stack(0x000000fe20f00000,0x000000fe21000000) (1024K)]
  0x000002281f0df960 JavaThread "Signal Dispatcher"          daemon [_thread_blocked, id=12760, stack(0x000000fe21000000,0x000000fe21100000) (1024K)]
  0x000002281f0e2790 JavaThread "Attach Listener"            daemon [_thread_blocked, id=15812, stack(0x000000fe21100000,0x000000fe21200000) (1024K)]
  0x000002281f0e3cd0 JavaThread "Service Thread"             daemon [_thread_blocked, id=3020, stack(0x000000fe21200000,0x000000fe21300000) (1024K)]
  0x000002281f0e49f0 JavaThread "Monitor Deflation Thread"   daemon [_thread_blocked, id=13452, stack(0x000000fe21300000,0x000000fe21400000) (1024K)]
  0x000002281f0ef230 JavaThread "C2 CompilerThread0"         daemon [_thread_blocked, id=6604, stack(0x000000fe21400000,0x000000fe21500000) (1024K)]
=>0x000002281f0f1ce0 JavaThread "C1 CompilerThread0"         daemon [_thread_in_native, id=4632, stack(0x000000fe21500000,0x000000fe21600000) (1024K)]
  0x000002281f0e5da0 JavaThread "Notification Thread"        daemon [_thread_blocked, id=2336, stack(0x000000fe21600000,0x000000fe21700000) (1024K)]
  0x000002281f0e3640 JavaThread "Common-Cleaner"             daemon [_thread_blocked, id=15612, stack(0x000000fe21700000,0x000000fe21800000) (1024K)]
Total: 11

Other Threads:
  0x000002281f0ba440 VMThread "VM Thread"                           [id=17076, stack(0x000000fe20d00000,0x000000fe20e00000) (1024K)]
  0x000002281f0a29e0 WatcherThread "VM Periodic Task Thread"        [id=3924, stack(0x000000fe20c00000,0x000000fe20d00000) (1024K)]
  0x00000228028be730 WorkerThread "GC Thread#0"                     [id=16304, stack(0x000000fe20700000,0x000000fe20800000) (1024K)]
  0x00000228028cf8d0 ConcurrentGCThread "G1 Main Marker"            [id=11444, stack(0x000000fe20800000,0x000000fe20900000) (1024K)]
  0x00000228028d0b70 WorkerThread "G1 Conc#0"                       [id=14460, stack(0x000000fe20900000,0x000000fe20a00000) (1024K)]
  0x000002280292e930 ConcurrentGCThread "G1 Refine#0"               [id=11388, stack(0x000000fe20a00000,0x000000fe20b00000) (1024K)]
  0x000002281ef764e0 ConcurrentGCThread "G1 Service"                [id=17356, stack(0x000000fe20b00000,0x000000fe20c00000) (1024K)]
Total: 7

Threads with active compile tasks:
C1 CompilerThread0    18032  255       3       jdk.internal.org.objectweb.asm.Frame::execute (2305 bytes)
Total: 1

VM state: not at safepoint (normal execution)

VM Mutex/Monitor currently owned by a thread: None

Heap address: 0x0000000084000000, size: 1984 MB, Compressed Oops mode: 32-bit

CDS archive(s) mapped at: [0x0000022820000000-0x0000022820c90000-0x0000022820c90000), size 13172736, SharedBaseAddress: 0x0000022820000000, ArchiveRelocationMode: 1.
Compressed class space mapped at: 0x0000022821000000-0x0000022861000000, reserved size: 1073741824
Narrow klass base: 0x0000022820000000, Narrow klass shift: 0, Narrow klass range: 0x100000000

GC Precious Log:
 CardTable entry size: 512
 Card Set container configuration: InlinePtr #cards 5 size 8 Array Of Cards #cards 12 size 40 Howl #buckets 4 coarsen threshold 1843 Howl Bitmap #cards 512 size 80 coarsen threshold 460 Card regions per heap region 1 cards per card region 2048
 CPUs: 8 total, 8 available
 Memory: 7932M
 Large Page Support: Disabled
 NUMA Support: Disabled
 Compressed Oops: Enabled (32-bit)
 Heap Region Size: 1M
 Heap Min Capacity: 8M
 Heap Initial Capacity: 124M
 Heap Max Capacity: 1984M
 Pre-touch: Disabled
 Parallel Workers: 8
 Concurrent Workers: 2
 Concurrent Refinement Workers: 8
 Periodic GC: Disabled

Heap:
 garbage-first heap   total 126976K, used 2048K [0x0000000084000000, 0x0000000100000000)
  region size 1024K, 3 young (3072K), 0 survivors (0K)
 Metaspace       used 599K, committed 768K, reserved 1114112K
  class space    used 43K, committed 128K, reserved 1048576K

Heap Regions: E=young(eden), S=young(survivor), O=old, HS=humongous(starts), HC=humongous(continues), CS=collection set, F=free, TAMS=top-at-mark-start, PB=parsable bottom
|   0|0x0000000084000000, 0x0000000084000000, 0x0000000084100000|  0%| F|  |TAMS 0x0000000084000000| PB 0x0000000084000000| Untracked 
|   1|0x0000000084100000, 0x0000000084100000, 0x0000000084200000|  0%| F|  |TAMS 0x0000000084100000| PB 0x0000000084100000| Untracked 
|   2|0x0000000084200000, 0x0000000084200000, 0x0000000084300000|  0%| F|  |TAMS 0x0000000084200000| PB 0x0000000084200000| Untracked 
|   3|0x0000000084300000, 0x0000000084300000, 0x0000000084400000|  0%| F|  |TAMS 0x0000000084300000| PB 0x0000000084300000| Untracked 
|   4|0x0000000084400000, 0x0000000084400000, 0x0000000084500000|  0%| F|  |TAMS 0x0000000084400000| PB 0x0000000084400000| Untracked 
|   5|0x0000000084500000, 0x0000000084500000, 0x0000000084600000|  0%| F|  |TAMS 0x0000000084500000| PB 0x0000000084500000| Untracked 
|   6|0x0000000084600000, 0x0000000084600000, 0x0000000084700000|  0%| F|  |TAMS 0x0000000084600000| PB 0x0000000084600000| Untracked 
|   7|0x0000000084700000, 0x0000000084700000, 0x0000000084800000|  0%| F|  |TAMS 0x0000000084700000| PB 0x0000000084700000| Untracked 
|   8|0x0000000084800000, 0x0000000084800000, 0x0000000084900000|  0%| F|  |TAMS 0x0000000084800000| PB 0x0000000084800000| Untracked 
|   9|0x0000000084900000, 0x0000000084900000, 0x0000000084a00000|  0%| F|  |TAMS 0x0000000084900000| PB 0x0000000084900000| Untracked 
|  10|0x0000000084a00000, 0x0000000084a00000, 0x0000000084b00000|  0%| F|  |TAMS 0x0000000084a00000| PB 0x0000000084a00000| Untracked 
|  11|0x0000000084b00000, 0x0000000084b00000, 0x0000000084c00000|  0%| F|  |TAMS 0x0000000084b00000| PB 0x0000000084b00000| Untracked 
|  12|0x0000000084c00000, 0x0000000084c00000, 0x0000000084d00000|  0%| F|  |TAMS 0x0000000084c00000| PB 0x0000000084c00000| Untracked 
|  13|0x0000000084d00000, 0x0000000084d00000, 0x0000000084e00000|  0%| F|  |TAMS 0x0000000084d00000| PB 0x0000000084d00000| Untracked 
|  14|0x0000000084e00000, 0x0000000084e00000, 0x0000000084f00000|  0%| F|  |TAMS 0x0000000084e00000| PB 0x0000000084e00000| Untracked 
|  15|0x0000000084f00000, 0x0000000084f00000, 0x0000000085000000|  0%| F|  |TAMS 0x0000000084f00000| PB 0x0000000084f00000| Untracked 
|  16|0x0000000085000000, 0x0000000085000000, 0x0000000085100000|  0%| F|  |TAMS 0x0000000085000000| PB 0x0000000085000000| Untracked 
|  17|0x0000000085100000, 0x0000000085100000, 0x0000000085200000|  0%| F|  |TAMS 0x0000000085100000| PB 0x0000000085100000| Untracked 
|  18|0x0000000085200000, 0x0000000085200000, 0x0000000085300000|  0%| F|  |TAMS 0x0000000085200000| PB 0x0000000085200000| Untracked 
|  19|0x0000000085300000, 0x0000000085300000, 0x0000000085400000|  0%| F|  |TAMS 0x0000000085300000| PB 0x0000000085300000| Untracked 
|  20|0x0000000085400000, 0x0000000085400000, 0x0000000085500000|  0%| F|  |TAMS 0x0000000085400000| PB 0x0000000085400000| Untracked 
|  21|0x0000000085500000, 0x0000000085500000, 0x0000000085600000|  0%| F|  |TAMS 0x0000000085500000| PB 0x0000000085500000| Untracked 
|  22|0x0000000085600000, 0x0000000085600000, 0x0000000085700000|  0%| F|  |TAMS 0x0000000085600000| PB 0x0000000085600000| Untracked 
|  23|0x0000000085700000, 0x0000000085700000, 0x0000000085800000|  0%| F|  |TAMS 0x0000000085700000| PB 0x0000000085700000| Untracked 
|  24|0x0000000085800000, 0x0000000085800000, 0x0000000085900000|  0%| F|  |TAMS 0x0000000085800000| PB 0x0000000085800000| Untracked 
|  25|0x0000000085900000, 0x0000000085900000, 0x0000000085a00000|  0%| F|  |TAMS 0x0000000085900000| PB 0x0000000085900000| Untracked 
|  26|0x0000000085a00000, 0x0000000085a00000, 0x0000000085b00000|  0%| F|  |TAMS 0x0000000085a00000| PB 0x0000000085a00000| Untracked 
|  27|0x0000000085b00000, 0x0000000085b00000, 0x0000000085c00000|  0%| F|  |TAMS 0x0000000085b00000| PB 0x0000000085b00000| Untracked 
|  28|0x0000000085c00000, 0x0000000085c00000, 0x0000000085d00000|  0%| F|  |TAMS 0x0000000085c00000| PB 0x0000000085c00000| Untracked 
|  29|0x0000000085d00000, 0x0000000085d00000, 0x0000000085e00000|  0%| F|  |TAMS 0x0000000085d00000| PB 0x0000000085d00000| Untracked 
|  30|0x0000000085e00000, 0x0000000085e00000, 0x0000000085f00000|  0%| F|  |TAMS 0x0000000085e00000| PB 0x0000000085e00000| Untracked 
|  31|0x0000000085f00000, 0x0000000085f00000, 0x0000000086000000|  0%| F|  |TAMS 0x0000000085f00000| PB 0x0000000085f00000| Untracked 
|  32|0x0000000086000000, 0x0000000086000000, 0x0000000086100000|  0%| F|  |TAMS 0x0000000086000000| PB 0x0000000086000000| Untracked 
|  33|0x0000000086100000, 0x0000000086100000, 0x0000000086200000|  0%| F|  |TAMS 0x0000000086100000| PB 0x0000000086100000| Untracked 
|  34|0x0000000086200000, 0x0000000086200000, 0x0000000086300000|  0%| F|  |TAMS 0x0000000086200000| PB 0x0000000086200000| Untracked 
|  35|0x0000000086300000, 0x0000000086300000, 0x0000000086400000|  0%| F|  |TAMS 0x0000000086300000| PB 0x0000000086300000| Untracked 
|  36|0x0000000086400000, 0x0000000086400000, 0x0000000086500000|  0%| F|  |TAMS 0x0000000086400000| PB 0x0000000086400000| Untracked 
|  37|0x0000000086500000, 0x0000000086500000, 0x0000000086600000|  0%| F|  |TAMS 0x0000000086500000| PB 0x0000000086500000| Untracked 
|  38|0x0000000086600000, 0x0000000086600000, 0x0000000086700000|  0%| F|  |TAMS 0x0000000086600000| PB 0x0000000086600000| Untracked 
|  39|0x0000000086700000, 0x0000000086700000, 0x0000000086800000|  0%| F|  |TAMS 0x0000000086700000| PB 0x0000000086700000| Untracked 
|  40|0x0000000086800000, 0x0000000086800000, 0x0000000086900000|  0%| F|  |TAMS 0x0000000086800000| PB 0x0000000086800000| Untracked 
|  41|0x0000000086900000, 0x0000000086900000, 0x0000000086a00000|  0%| F|  |TAMS 0x0000000086900000| PB 0x0000000086900000| Untracked 
|  42|0x0000000086a00000, 0x0000000086a00000, 0x0000000086b00000|  0%| F|  |TAMS 0x0000000086a00000| PB 0x0000000086a00000| Untracked 
|  43|0x0000000086b00000, 0x0000000086b00000, 0x0000000086c00000|  0%| F|  |TAMS 0x0000000086b00000| PB 0x0000000086b00000| Untracked 
|  44|0x0000000086c00000, 0x0000000086c00000, 0x0000000086d00000|  0%| F|  |TAMS 0x0000000086c00000| PB 0x0000000086c00000| Untracked 
|  45|0x0000000086d00000, 0x0000000086d00000, 0x0000000086e00000|  0%| F|  |TAMS 0x0000000086d00000| PB 0x0000000086d00000| Untracked 
|  46|0x0000000086e00000, 0x0000000086e00000, 0x0000000086f00000|  0%| F|  |TAMS 0x0000000086e00000| PB 0x0000000086e00000| Untracked 
|  47|0x0000000086f00000, 0x0000000086f00000, 0x0000000087000000|  0%| F|  |TAMS 0x0000000086f00000| PB 0x0000000086f00000| Untracked 
|  48|0x0000000087000000, 0x0000000087000000, 0x0000000087100000|  0%| F|  |TAMS 0x0000000087000000| PB 0x0000000087000000| Untracked 
|  49|0x0000000087100000, 0x0000000087100000, 0x0000000087200000|  0%| F|  |TAMS 0x0000000087100000| PB 0x0000000087100000| Untracked 
|  50|0x0000000087200000, 0x0000000087200000, 0x0000000087300000|  0%| F|  |TAMS 0x0000000087200000| PB 0x0000000087200000| Untracked 
|  51|0x0000000087300000, 0x0000000087300000, 0x0000000087400000|  0%| F|  |TAMS 0x0000000087300000| PB 0x0000000087300000| Untracked 
|  52|0x0000000087400000, 0x0000000087400000, 0x0000000087500000|  0%| F|  |TAMS 0x0000000087400000| PB 0x0000000087400000| Untracked 
|  53|0x0000000087500000, 0x0000000087500000, 0x0000000087600000|  0%| F|  |TAMS 0x0000000087500000| PB 0x0000000087500000| Untracked 
|  54|0x0000000087600000, 0x0000000087600000, 0x0000000087700000|  0%| F|  |TAMS 0x0000000087600000| PB 0x0000000087600000| Untracked 
|  55|0x0000000087700000, 0x0000000087700000, 0x0000000087800000|  0%| F|  |TAMS 0x0000000087700000| PB 0x0000000087700000| Untracked 
|  56|0x0000000087800000, 0x0000000087800000, 0x0000000087900000|  0%| F|  |TAMS 0x0000000087800000| PB 0x0000000087800000| Untracked 
|  57|0x0000000087900000, 0x0000000087900000, 0x0000000087a00000|  0%| F|  |TAMS 0x0000000087900000| PB 0x0000000087900000| Untracked 
|  58|0x0000000087a00000, 0x0000000087a00000, 0x0000000087b00000|  0%| F|  |TAMS 0x0000000087a00000| PB 0x0000000087a00000| Untracked 
|  59|0x0000000087b00000, 0x0000000087b00000, 0x0000000087c00000|  0%| F|  |TAMS 0x0000000087b00000| PB 0x0000000087b00000| Untracked 
|  60|0x0000000087c00000, 0x0000000087c00000, 0x0000000087d00000|  0%| F|  |TAMS 0x0000000087c00000| PB 0x0000000087c00000| Untracked 
|  61|0x0000000087d00000, 0x0000000087d00000, 0x0000000087e00000|  0%| F|  |TAMS 0x0000000087d00000| PB 0x0000000087d00000| Untracked 
|  62|0x0000000087e00000, 0x0000000087e00000, 0x0000000087f00000|  0%| F|  |TAMS 0x0000000087e00000| PB 0x0000000087e00000| Untracked 
|  63|0x0000000087f00000, 0x0000000087f00000, 0x0000000088000000|  0%| F|  |TAMS 0x0000000087f00000| PB 0x0000000087f00000| Untracked 
|  64|0x0000000088000000, 0x0000000088000000, 0x0000000088100000|  0%| F|  |TAMS 0x0000000088000000| PB 0x0000000088000000| Untracked 
|  65|0x0000000088100000, 0x0000000088100000, 0x0000000088200000|  0%| F|  |TAMS 0x0000000088100000| PB 0x0000000088100000| Untracked 
|  66|0x0000000088200000, 0x0000000088200000, 0x0000000088300000|  0%| F|  |TAMS 0x0000000088200000| PB 0x0000000088200000| Untracked 
|  67|0x0000000088300000, 0x0000000088300000, 0x0000000088400000|  0%| F|  |TAMS 0x0000000088300000| PB 0x0000000088300000| Untracked 
|  68|0x0000000088400000, 0x0000000088400000, 0x0000000088500000|  0%| F|  |TAMS 0x0000000088400000| PB 0x0000000088400000| Untracked 
|  69|0x0000000088500000, 0x0000000088500000, 0x0000000088600000|  0%| F|  |TAMS 0x0000000088500000| PB 0x0000000088500000| Untracked 
|  70|0x0000000088600000, 0x0000000088600000, 0x0000000088700000|  0%| F|  |TAMS 0x0000000088600000| PB 0x0000000088600000| Untracked 
|  71|0x0000000088700000, 0x0000000088700000, 0x0000000088800000|  0%| F|  |TAMS 0x0000000088700000| PB 0x0000000088700000| Untracked 
|  72|0x0000000088800000, 0x0000000088800000, 0x0000000088900000|  0%| F|  |TAMS 0x0000000088800000| PB 0x0000000088800000| Untracked 
|  73|0x0000000088900000, 0x0000000088900000, 0x0000000088a00000|  0%| F|  |TAMS 0x0000000088900000| PB 0x0000000088900000| Untracked 
|  74|0x0000000088a00000, 0x0000000088a00000, 0x0000000088b00000|  0%| F|  |TAMS 0x0000000088a00000| PB 0x0000000088a00000| Untracked 
|  75|0x0000000088b00000, 0x0000000088b00000, 0x0000000088c00000|  0%| F|  |TAMS 0x0000000088b00000| PB 0x0000000088b00000| Untracked 
|  76|0x0000000088c00000, 0x0000000088c00000, 0x0000000088d00000|  0%| F|  |TAMS 0x0000000088c00000| PB 0x0000000088c00000| Untracked 
|  77|0x0000000088d00000, 0x0000000088d00000, 0x0000000088e00000|  0%| F|  |TAMS 0x0000000088d00000| PB 0x0000000088d00000| Untracked 
|  78|0x0000000088e00000, 0x0000000088e00000, 0x0000000088f00000|  0%| F|  |TAMS 0x0000000088e00000| PB 0x0000000088e00000| Untracked 
|  79|0x0000000088f00000, 0x0000000088f00000, 0x0000000089000000|  0%| F|  |TAMS 0x0000000088f00000| PB 0x0000000088f00000| Untracked 
|  80|0x0000000089000000, 0x0000000089000000, 0x0000000089100000|  0%| F|  |TAMS 0x0000000089000000| PB 0x0000000089000000| Untracked 
|  81|0x0000000089100000, 0x0000000089100000, 0x0000000089200000|  0%| F|  |TAMS 0x0000000089100000| PB 0x0000000089100000| Untracked 
|  82|0x0000000089200000, 0x0000000089200000, 0x0000000089300000|  0%| F|  |TAMS 0x0000000089200000| PB 0x0000000089200000| Untracked 
|  83|0x0000000089300000, 0x0000000089300000, 0x0000000089400000|  0%| F|  |TAMS 0x0000000089300000| PB 0x0000000089300000| Untracked 
|  84|0x0000000089400000, 0x0000000089400000, 0x0000000089500000|  0%| F|  |TAMS 0x0000000089400000| PB 0x0000000089400000| Untracked 
|  85|0x0000000089500000, 0x0000000089500000, 0x0000000089600000|  0%| F|  |TAMS 0x0000000089500000| PB 0x0000000089500000| Untracked 
|  86|0x0000000089600000, 0x0000000089600000, 0x0000000089700000|  0%| F|  |TAMS 0x0000000089600000| PB 0x0000000089600000| Untracked 
|  87|0x0000000089700000, 0x0000000089700000, 0x0000000089800000|  0%| F|  |TAMS 0x0000000089700000| PB 0x0000000089700000| Untracked 
|  88|0x0000000089800000, 0x0000000089800000, 0x0000000089900000|  0%| F|  |TAMS 0x0000000089800000| PB 0x0000000089800000| Untracked 
|  89|0x0000000089900000, 0x0000000089900000, 0x0000000089a00000|  0%| F|  |TAMS 0x0000000089900000| PB 0x0000000089900000| Untracked 
|  90|0x0000000089a00000, 0x0000000089a00000, 0x0000000089b00000|  0%| F|  |TAMS 0x0000000089a00000| PB 0x0000000089a00000| Untracked 
|  91|0x0000000089b00000, 0x0000000089b00000, 0x0000000089c00000|  0%| F|  |TAMS 0x0000000089b00000| PB 0x0000000089b00000| Untracked 
|  92|0x0000000089c00000, 0x0000000089c00000, 0x0000000089d00000|  0%| F|  |TAMS 0x0000000089c00000| PB 0x0000000089c00000| Untracked 
|  93|0x0000000089d00000, 0x0000000089d00000, 0x0000000089e00000|  0%| F|  |TAMS 0x0000000089d00000| PB 0x0000000089d00000| Untracked 
|  94|0x0000000089e00000, 0x0000000089e00000, 0x0000000089f00000|  0%| F|  |TAMS 0x0000000089e00000| PB 0x0000000089e00000| Untracked 
|  95|0x0000000089f00000, 0x0000000089f00000, 0x000000008a000000|  0%| F|  |TAMS 0x0000000089f00000| PB 0x0000000089f00000| Untracked 
|  96|0x000000008a000000, 0x000000008a000000, 0x000000008a100000|  0%| F|  |TAMS 0x000000008a000000| PB 0x000000008a000000| Untracked 
|  97|0x000000008a100000, 0x000000008a100000, 0x000000008a200000|  0%| F|  |TAMS 0x000000008a100000| PB 0x000000008a100000| Untracked 
|  98|0x000000008a200000, 0x000000008a200000, 0x000000008a300000|  0%| F|  |TAMS 0x000000008a200000| PB 0x000000008a200000| Untracked 
|  99|0x000000008a300000, 0x000000008a300000, 0x000000008a400000|  0%| F|  |TAMS 0x000000008a300000| PB 0x000000008a300000| Untracked 
| 100|0x000000008a400000, 0x000000008a400000, 0x000000008a500000|  0%| F|  |TAMS 0x000000008a400000| PB 0x000000008a400000| Untracked 
| 101|0x000000008a500000, 0x000000008a500000, 0x000000008a600000|  0%| F|  |TAMS 0x000000008a500000| PB 0x000000008a500000| Untracked 
| 102|0x000000008a600000, 0x000000008a600000, 0x000000008a700000|  0%| F|  |TAMS 0x000000008a600000| PB 0x000000008a600000| Untracked 
| 103|0x000000008a700000, 0x000000008a700000, 0x000000008a800000|  0%| F|  |TAMS 0x000000008a700000| PB 0x000000008a700000| Untracked 
| 104|0x000000008a800000, 0x000000008a800000, 0x000000008a900000|  0%| F|  |TAMS 0x000000008a800000| PB 0x000000008a800000| Untracked 
| 105|0x000000008a900000, 0x000000008a900000, 0x000000008aa00000|  0%| F|  |TAMS 0x000000008a900000| PB 0x000000008a900000| Untracked 
| 106|0x000000008aa00000, 0x000000008aa00000, 0x000000008ab00000|  0%| F|  |TAMS 0x000000008aa00000| PB 0x000000008aa00000| Untracked 
| 107|0x000000008ab00000, 0x000000008ab00000, 0x000000008ac00000|  0%| F|  |TAMS 0x000000008ab00000| PB 0x000000008ab00000| Untracked 
| 108|0x000000008ac00000, 0x000000008ac00000, 0x000000008ad00000|  0%| F|  |TAMS 0x000000008ac00000| PB 0x000000008ac00000| Untracked 
| 109|0x000000008ad00000, 0x000000008ad00000, 0x000000008ae00000|  0%| F|  |TAMS 0x000000008ad00000| PB 0x000000008ad00000| Untracked 
| 110|0x000000008ae00000, 0x000000008ae00000, 0x000000008af00000|  0%| F|  |TAMS 0x000000008ae00000| PB 0x000000008ae00000| Untracked 
| 111|0x000000008af00000, 0x000000008af00000, 0x000000008b000000|  0%| F|  |TAMS 0x000000008af00000| PB 0x000000008af00000| Untracked 
| 112|0x000000008b000000, 0x000000008b000000, 0x000000008b100000|  0%| F|  |TAMS 0x000000008b000000| PB 0x000000008b000000| Untracked 
| 113|0x000000008b100000, 0x000000008b100000, 0x000000008b200000|  0%| F|  |TAMS 0x000000008b100000| PB 0x000000008b100000| Untracked 
| 114|0x000000008b200000, 0x000000008b200000, 0x000000008b300000|  0%| F|  |TAMS 0x000000008b200000| PB 0x000000008b200000| Untracked 
| 115|0x000000008b300000, 0x000000008b300000, 0x000000008b400000|  0%| F|  |TAMS 0x000000008b300000| PB 0x000000008b300000| Untracked 
| 116|0x000000008b400000, 0x000000008b400000, 0x000000008b500000|  0%| F|  |TAMS 0x000000008b400000| PB 0x000000008b400000| Untracked 
| 117|0x000000008b500000, 0x000000008b500000, 0x000000008b600000|  0%| F|  |TAMS 0x000000008b500000| PB 0x000000008b500000| Untracked 
| 118|0x000000008b600000, 0x000000008b600000, 0x000000008b700000|  0%| F|  |TAMS 0x000000008b600000| PB 0x000000008b600000| Untracked 
| 119|0x000000008b700000, 0x000000008b700000, 0x000000008b800000|  0%| F|  |TAMS 0x000000008b700000| PB 0x000000008b700000| Untracked 
| 120|0x000000008b800000, 0x000000008b800000, 0x000000008b900000|  0%| F|  |TAMS 0x000000008b800000| PB 0x000000008b800000| Untracked 
| 121|0x000000008b900000, 0x000000008b9eda20, 0x000000008ba00000| 92%| E|  |TAMS 0x000000008b900000| PB 0x000000008b900000| Complete 
| 122|0x000000008ba00000, 0x000000008bb00000, 0x000000008bb00000|100%| E|CS|TAMS 0x000000008ba00000| PB 0x000000008ba00000| Complete 
| 123|0x000000008bb00000, 0x000000008bc00000, 0x000000008bc00000|100%| E|CS|TAMS 0x000000008bb00000| PB 0x000000008bb00000| Complete 

Card table byte_map: [0x000002281a3e0000,0x000002281a7c0000] _byte_map_base: 0x0000022819fc0000

Marking Bits: (CMBitMap*) 0x00000228028bf640
 Bits: [0x000002281a7c0000, 0x000002281c6c0000)

Polling page: 0x00000228007e0000

Metaspace:

Usage:
  Non-class:    556.11 KB used.
      Class:     43.09 KB used.
       Both:    599.20 KB used.

Virtual space:
  Non-class space:       64.00 MB reserved,     640.00 KB ( <1%) committed,  1 nodes.
      Class space:        1.00 GB reserved,     128.00 KB ( <1%) committed,  1 nodes.
             Both:        1.06 GB reserved,     768.00 KB ( <1%) committed. 

Chunk freelists:
   Non-Class:  11.92 MB
       Class:  15.71 MB
        Both:  27.63 MB

MaxMetaspaceSize: unlimited
CompressedClassSpaceSize: 1.00 GB
Initial GC threshold: 21.00 MB
Current GC threshold: 21.00 MB
CDS: on
 - commit_granule_bytes: 65536.
 - commit_granule_words: 8192.
 - virtual_space_node_default_size: 8388608.
 - enlarge_chunks_in_place: 1.
 - use_allocation_guard: 0.


Internal statistics:

num_allocs_failed_limit: 0.
num_arena_births: 50.
num_arena_deaths: 0.
num_vsnodes_births: 2.
num_vsnodes_deaths: 0.
num_space_committed: 12.
num_space_uncommitted: 0.
num_chunks_returned_to_freelist: 0.
num_chunks_taken_from_freelist: 57.
num_chunk_merges: 0.
num_chunk_splits: 37.
num_chunks_enlarged: 24.
num_inconsistent_stats: 0.

CodeHeap 'non-profiled nmethods': size=120000Kb used=98Kb max_used=98Kb free=119901Kb
 bounds [0x00000228127a0000, 0x0000022812a10000, 0x0000022819cd0000]
CodeHeap 'profiled nmethods': size=120000Kb used=273Kb max_used=273Kb free=119726Kb
 bounds [0x000002280acd0000, 0x000002280af40000, 0x0000022812200000]
CodeHeap 'non-nmethods': size=5760Kb used=1390Kb max_used=1402Kb free=4369Kb
 bounds [0x0000022812200000, 0x0000022812470000, 0x00000228127a0000]
 total_blobs=664 nmethods=268 adapters=301
 compilation: enabled
              stopped_count=0, restarted_count=0
 full_count=0

Compilation events (20 events):
Event: 18.008 Thread 0x000002281f0f1ce0  240       3       java.lang.invoke.LambdaForm$Name::initIndex (26 bytes)
Event: 18.009 Thread 0x000002281f0f1ce0 nmethod 240 0x000002280ad0f790 code [0x000002280ad0f940, 0x000002280ad0faf8]
Event: 18.009 Thread 0x000002281f0f1ce0  241       3       java.lang.invoke.LambdaForm::parameter (38 bytes)
Event: 18.009 Thread 0x000002281f0f1ce0 nmethod 241 0x000002280ad0fb90 code [0x000002280ad0fd40, 0x000002280ad0fe88]
Event: 18.009 Thread 0x000002281f0f1ce0  242       3       java.lang.invoke.MethodTypeForm::canonicalizeAll (63 bytes)
Event: 18.009 Thread 0x000002281f0f1ce0 nmethod 242 0x000002280ad0ff90 code [0x000002280ad10180, 0x000002280ad107c8]
Event: 18.009 Thread 0x000002281f0f1ce0  243       3       java.lang.invoke.MethodType$ConcurrentWeakInternSet$WeakEntry::<init> (15 bytes)
Event: 18.009 Thread 0x000002281f0f1ce0 nmethod 243 0x000002280ad10990 code [0x000002280ad10b60, 0x000002280ad10f68]
Event: 18.009 Thread 0x000002281f0f1ce0  245       3       java.lang.invoke.MemberName::isConstructor (8 bytes)
Event: 18.010 Thread 0x000002281f0f1ce0 nmethod 245 0x000002280ad11090 code [0x000002280ad11240, 0x000002280ad11410]
Event: 18.010 Thread 0x000002281f0f1ce0  248       3       jdk.internal.util.ArraysSupport::newLength (27 bytes)
Event: 18.010 Thread 0x000002281f0f1ce0 nmethod 248 0x000002280ad11510 code [0x000002280ad116e0, 0x000002280ad11940]
Event: 18.010 Thread 0x000002281f0f1ce0  251   !   3       java.lang.invoke.MemberName::clone (14 bytes)
Event: 18.010 Thread 0x000002281f0f1ce0 nmethod 251 0x000002280ad11a10 code [0x000002280ad11be0, 0x000002280ad11f40]
Event: 18.010 Thread 0x000002281f0f1ce0  254       3       java.lang.StringLatin1::replace (198 bytes)
Event: 18.011 Thread 0x000002281f0f1ce0 nmethod 254 0x000002280ad12090 code [0x000002280ad12340, 0x000002280ad13160]
Event: 18.011 Thread 0x000002281f0f1ce0  253       3       java.lang.invoke.MethodType::equals (56 bytes)
Event: 18.011 Thread 0x000002281f0f1ce0 nmethod 253 0x000002280ad13690 code [0x000002280ad138c0, 0x000002280ad143f0]
Event: 18.011 Thread 0x000002281f0f1ce0  255       3       jdk.internal.org.objectweb.asm.Frame::execute (2305 bytes)
Event: 18.013 Thread 0x000002281f0ef230  267       4       jdk.internal.org.objectweb.asm.SymbolTable::get (13 bytes)

GC Heap History (0 events):
No events

Dll operation events (3 events):
Event: 0.004 Loaded shared library C:\Program Files\Java\jdk-21\bin\java.dll
Event: 0.028 Loaded shared library C:\Program Files\Java\jdk-21\bin\jsvml.dll
Event: 0.054 Loaded shared library C:\Program Files\Java\jdk-21\bin\jimage.dll

Deoptimization events (4 events):
Event: 6.864 Thread 0x000002280069c180 Uncommon trap: trap_request=0xffffff45 fr.pc=0x00000228127ade20 relative=0x0000000000000660
Event: 6.864 Thread 0x000002280069c180 Uncommon trap: reason=unstable_if action=reinterpret pc=0x00000228127ade20 method=java.util.regex.Matcher.search(I)Z @ 30 c2
Event: 6.864 Thread 0x000002280069c180 DEOPT PACKING pc=0x00000228127ade20 sp=0x000000fe206fef10
Event: 6.864 Thread 0x000002280069c180 DEOPT UNPACKING pc=0x0000022812257da2 sp=0x000000fe206fef00 mode 2

Classes loaded (20 events):
Event: 0.043 Loading class java/util/Scanner
Event: 0.043 Loading class java/util/Scanner done
Event: 0.050 Loading class java/io/InputStreamReader
Event: 0.050 Loading class java/io/Reader
Event: 0.050 Loading class java/io/Reader done
Event: 0.050 Loading class java/io/InputStreamReader done
Event: 0.050 Loading class sun/nio/cs/StreamDecoder
Event: 0.050 Loading class sun/nio/cs/StreamDecoder done
Event: 0.050 Loading class sun/nio/cs/UTF_8$Decoder
Event: 0.050 Loading class sun/nio/cs/UTF_8$Decoder done
Event: 0.050 Loading class java/util/Scanner$PatternLRUCache
Event: 0.050 Loading class java/util/Scanner$PatternLRUCache done
Event: 0.052 Loading class jdk/internal/module/ModulePatcher$PatchedModuleReader
Event: 0.052 Loading class jdk/internal/module/ModulePatcher$PatchedModuleReader done
Event: 0.054 Loading class sun/net/www/protocol/jrt/Handler
Event: 0.054 Loading class sun/net/www/protocol/jrt/Handler done
Event: 0.059 Loading class sun/text/resources/cldr/FormatData_en
Event: 0.059 Loading class sun/text/resources/cldr/FormatData_en done
Event: 0.059 Loading class sun/text/resources/cldr/FormatData_en_US
Event: 0.059 Loading class sun/text/resources/cldr/FormatData_en_US done

Classes unloaded (0 events):
No events

Classes redefined (0 events):
No events

Internal exceptions (0 events):
No events

ZGC Phase Switch (0 events):
No events

VM Operations (2 events):
Event: 1.024 Executing VM operation: Cleanup
Event: 1.024 Executing VM operation: Cleanup done

Events (11 events):
Event: 0.017 Thread 0x000002280069c180 Thread added: 0x000002280069c180
Event: 0.026 Thread 0x000002281f0d8d80 Thread added: 0x000002281f0d8d80
Event: 0.026 Thread 0x000002281f0dcac0 Thread added: 0x000002281f0dcac0
Event: 0.026 Thread 0x000002281f0df960 Thread added: 0x000002281f0df960
Event: 0.026 Thread 0x000002281f0e2790 Thread added: 0x000002281f0e2790
Event: 0.027 Thread 0x000002281f0e3cd0 Thread added: 0x000002281f0e3cd0
Event: 0.027 Thread 0x000002281f0e49f0 Thread added: 0x000002281f0e49f0
Event: 0.027 Thread 0x000002281f0ef230 Thread added: 0x000002281f0ef230
Event: 0.027 Thread 0x000002281f0f1ce0 Thread added: 0x000002281f0f1ce0
Event: 0.037 Thread 0x000002281f0e5da0 Thread added: 0x000002281f0e5da0
Event: 0.039 Thread 0x000002281f0e3640 Thread added: 0x000002281f0e3640


Dynamic libraries:
0x00007ff7cb020000 - 0x00007ff7cb030000 	C:\Program Files\Java\jdk-21\bin\java.exe
0x00007ffd23230000 - 0x00007ffd23446000 	C:\WINDOWS\SYSTEM32\ntdll.dll
0x00007ffd210d0000 - 0x00007ffd21194000 	C:\WINDOWS\System32\KERNEL32.DLL
0x00007ffd20bb0000 - 0x00007ffd20f57000 	C:\WINDOWS\System32\KERNELBASE.dll
0x00007ffd20a90000 - 0x00007ffd20ba1000 	C:\WINDOWS\System32\ucrtbase.dll
0x00007ffcd6320000 - 0x00007ffcd633b000 	C:\Program Files\Java\jdk-21\bin\VCRUNTIME140.dll
0x00007ffd0e2b0000 - 0x00007ffd0e2c9000 	C:\Program Files\Java\jdk-21\bin\jli.dll
0x00007ffd21210000 - 0x00007ffd212c2000 	C:\WINDOWS\System32\ADVAPI32.dll
0x00007ffd21c90000 - 0x00007ffd21d37000 	C:\WINDOWS\System32\msvcrt.dll
0x00007ffd22b40000 - 0x00007ffd22be8000 	C:\WINDOWS\System32\sechost.dll
0x00007ffd20810000 - 0x00007ffd20838000 	C:\WINDOWS\System32\bcrypt.dll
0x00007ffd229d0000 - 0x00007ffd22ae5000 	C:\WINDOWS\System32\RPCRT4.dll
0x00007ffd219b0000 - 0x00007ffd21b5e000 	C:\WINDOWS\System32\USER32.dll
0x00007ffd207e0000 - 0x00007ffd20806000 	C:\WINDOWS\System32\win32u.dll
0x00007ffd22bf0000 - 0x00007ffd22c19000 	C:\WINDOWS\System32\GDI32.dll
0x00007ffcfd430000 - 0x00007ffcfd6c3000 	C:\WINDOWS\WinSxS\amd64_microsoft.windows.common-controls_6595b64144ccf1df_6.0.22621.3235_none_270f74e173860f98\COMCTL32.dll
0x00007ffd20550000 - 0x00007ffd20669000 	C:\WINDOWS\System32\gdi32full.dll
0x00007ffd208b0000 - 0x00007ffd2094a000 	C:\WINDOWS\System32\msvcp_win.dll
0x00007ffd11940000 - 0x00007ffd1194a000 	C:\WINDOWS\SYSTEM32\VERSION.dll
0x00007ffd20f60000 - 0x00007ffd20f91000 	C:\WINDOWS\System32\IMM32.DLL
0x00007ffcf1c20000 - 0x00007ffcf1c2c000 	C:\Program Files\Java\jdk-21\bin\vcruntime140_1.dll
0x00007ffcb8430000 - 0x00007ffcb84be000 	C:\Program Files\Java\jdk-21\bin\msvcp140.dll
0x00007ffcb3490000 - 0x00007ffcb41a7000 	C:\Program Files\Java\jdk-21\bin\server\jvm.dll
0x00007ffd20fa0000 - 0x00007ffd21011000 	C:\WINDOWS\System32\WS2_32.dll
0x00007ffd1f3f0000 - 0x00007ffd1f43d000 	C:\WINDOWS\SYSTEM32\POWRPROF.dll
0x00007ffd12ab0000 - 0x00007ffd12ae4000 	C:\WINDOWS\SYSTEM32\WINMM.dll
0x00007ffd1f3d0000 - 0x00007ffd1f3e3000 	C:\WINDOWS\SYSTEM32\UMPDC.dll
0x00007ffd1f620000 - 0x00007ffd1f638000 	C:\WINDOWS\SYSTEM32\kernel.appcore.dll
0x00007ffcedb40000 - 0x00007ffcedb4a000 	C:\Program Files\Java\jdk-21\bin\jimage.dll
0x00007ffd1ddc0000 - 0x00007ffd1dff3000 	C:\WINDOWS\SYSTEM32\DBGHELP.DLL
0x00007ffd22d20000 - 0x00007ffd230a8000 	C:\WINDOWS\System32\combase.dll
0x00007ffd23110000 - 0x00007ffd231e7000 	C:\WINDOWS\System32\OLEAUT32.dll
0x00007ffcf7250000 - 0x00007ffcf7282000 	C:\WINDOWS\SYSTEM32\dbgcore.DLL
0x00007ffd20a10000 - 0x00007ffd20a89000 	C:\WINDOWS\System32\bcryptPrimitives.dll
0x00007ffcbde60000 - 0x00007ffcbde7f000 	C:\Program Files\Java\jdk-21\bin\java.dll
0x00007ffd21f10000 - 0x00007ffd2276c000 	C:\WINDOWS\System32\SHELL32.dll
0x00007ffd1e4b0000 - 0x00007ffd1eda9000 	C:\WINDOWS\SYSTEM32\windows.storage.dll
0x00007ffd1e370000 - 0x00007ffd1e4ae000 	C:\WINDOWS\SYSTEM32\wintypes.dll
0x00007ffd22c20000 - 0x00007ffd22d13000 	C:\WINDOWS\System32\SHCORE.dll
0x00007ffd230b0000 - 0x00007ffd2310e000 	C:\WINDOWS\System32\shlwapi.dll
0x00007ffd20480000 - 0x00007ffd204a1000 	C:\WINDOWS\SYSTEM32\profapi.dll
0x00007ffcb8670000 - 0x00007ffcb8747000 	C:\Program Files\Java\jdk-21\bin\jsvml.dll

dbghelp: loaded successfully - version: 4.0.5 - missing functions: none
symbol engine: initialized successfully - sym options: 0x614 - pdb path: .;C:\Program Files\Java\jdk-21\bin;C:\WINDOWS\SYSTEM32;C:\WINDOWS\WinSxS\amd64_microsoft.windows.common-controls_6595b64144ccf1df_6.0.22621.3235_none_270f74e173860f98;C:\Program Files\Java\jdk-21\bin\server

VM Arguments:
java_command: com.mycompany.cocktail.Cocktail
java_class_path (initial): C:\Users\user\Documents\NetBeansProjects\Cocktail-project\target\classes
Launcher Type: SUN_STANDARD

[Global flags]
     intx CICompilerCount                          = 4                                         {product} {ergonomic}
     uint ConcGCThreads                            = 2                                         {product} {ergonomic}
     uint G1ConcRefinementThreads                  = 8                                         {product} {ergonomic}
   size_t G1HeapRegionSize                         = 1048576                                   {product} {ergonomic}
    uintx GCDrainStackTargetSize                   = 64                                        {product} {ergonomic}
   size_t InitialHeapSize                          = 130023424                                 {product} {ergonomic}
   size_t MarkStackSize                            = 4194304                                   {product} {ergonomic}
   size_t MaxHeapSize                              = 2080374784                                {product} {ergonomic}
   size_t MaxNewSize                               = 1247805440                                {product} {ergonomic}
   size_t MinHeapDeltaBytes                        = 1048576                                   {product} {ergonomic}
   size_t MinHeapSize                              = 8388608                                   {product} {ergonomic}
    uintx NonNMethodCodeHeapSize                   = 5839372                                {pd product} {ergonomic}
    uintx NonProfiledCodeHeapSize                  = 122909434                              {pd product} {ergonomic}
    uintx ProfiledCodeHeapSize                     = 122909434                              {pd product} {ergonomic}
    uintx ReservedCodeCacheSize                    = 251658240                              {pd product} {ergonomic}
     bool SegmentedCodeCache                       = true                                      {product} {ergonomic}
   size_t SoftMaxHeapSize                          = 2080374784                             {manageable} {ergonomic}
     bool UseCompressedOops                        = true                           {product lp64_product} {ergonomic}
     bool UseG1GC                                  = true                                      {product} {ergonomic}
     bool UseLargePagesIndividualAllocation        = false                                  {pd product} {ergonomic}

Logging:
Log output configuration:
 #0: stdout all=warning uptime,level,tags foldmultilines=false
 #1: stderr all=off uptime,level,tags foldmultilines=false

Environment Variables:
JAVA_HOME=C:\Program Files\Java\jdk-21
PATH=C:\Program Files\Common Files\Oracle\Java\javapath;C:\MinGW\bin;C:\MinGW\bin;C:\WINDOWS\System32\Wbem;C:\WINDOWS\System32\WindowsPowerShell\v1.0\;C:\WINDOWS\System32\OpenSSH\;C:\WINDOWS\system32;C:\WINDOWS;C:\Program Files\Git\cmd;C:\Program Files\Git\mingw64\bin;C:\Program Files\Git\usr\bin;C:\MinGW\bin;C:\Users\user\AppData\Local\Microsoft\WindowsApps;C:\Program Files\JetBrains\CLion 2023.2.2\bin;;C:\Users\user\AppData\Local\Programs\Microsoft VS Code\bin;D:\flutter\bin;;C:\Program Files\JetBrains\IntelliJ IDEA 2023.3.6\bin;
USERNAME=user
OS=Windows_NT
PROCESSOR_IDENTIFIER=Intel64 Family 6 Model 140 Stepping 1, GenuineIntel
TMP=C:\Users\user\AppData\Local\Temp
TEMP=C:\Users\user\AppData\Local\Temp




Periodic native trim disabled

---------------  S Y S T E M  ---------------

OS:
 Windows 11 , 64 bit Build 22621 (10.0.22621.3374)
OS uptime: 0 days 1:16 hours

CPU: total 8 (initial active 8) (4 cores per cpu, 2 threads per core) family 6 model 140 stepping 1 microcode 0xac, cx8, cmov, fxsr, ht, mmx, 3dnowpref, sse, sse2, sse3, ssse3, sse4.1, sse4.2, popcnt, lzcnt, tsc, tscinvbit, avx, avx2, aes, erms, clmul, bmi1, bmi2, adx, avx512f, avx512dq, avx512cd, avx512bw, avx512vl, sha, fma, vzeroupper, avx512_vpopcntdq, avx512_vpclmulqdq, avx512_vaes, avx512_vnni, clflush, clflushopt, clwb, avx512_vbmi2, avx512_vbmi, rdtscp, rdpid, fsrm, gfni, avx512_bitalg, f16c, pku, cet_ibt, cet_ss, avx512_ifma
Processor Information for processor 0
  Max Mhz: 2419, Current Mhz: 2419, Mhz Limit: 2419
Processor Information for processor 1
  Max Mhz: 2419, Current Mhz: 2419, Mhz Limit: 2419
Processor Information for processor 2
  Max Mhz: 2419, Current Mhz: 2419, Mhz Limit: 2419
Processor Information for processor 3
  Max Mhz: 2419, Current Mhz: 2419, Mhz Limit: 2419
Processor Information for processor 4
  Max Mhz: 2419, Current Mhz: 2419, Mhz Limit: 2419
Processor Information for processor 5
  Max Mhz: 2419, Current Mhz: 1209, Mhz Limit: 2419
Processor Information for processor 6
  Max Mhz: 2419, Current Mhz: 2419, Mhz Limit: 2419
Processor Information for processor 7
  Max Mhz: 2419, Current Mhz: 2419, Mhz Limit: 2419

Memory: 4k page, system-wide physical 7932M (823M free)
TotalPageFile size 9980M (AvailPageFile size 2M)
current process WorkingSet (physical memory assigned to process): 37M, peak: 37M
current process commit charge ("private bytes"): 205M, peak: 205M

vm_info: Java HotSpot(TM) 64-Bit Server VM (21.0.2+13-LTS-58) for windows-amd64 JRE (21.0.2+13-LTS-58), built on 2024-01-05T18:32:24Z by "mach5one" with MS VC++ 17.1 (VS2022)

END.
