#
# There is insufficient memory for the Java Runtime Environment to continue.
# Native memory allocation (malloc) failed to allocate 1048576 bytes for AllocateHeap
# Possible reasons:
#   The system is out of physical RAM or swap space
#   The process is running with CompressedOops enabled, and the Java Heap may be blocking the growth of the native heap
# Possible solutions:
#   Reduce memory load on the system
#   Increase physical memory or swap space
#   Check if swap backing store is full
#   Decrease Java heap size (-Xmx/-Xms)
#   Decrease number of Java threads
#   Decrease Java thread stack sizes (-Xss)
#   Set larger code cache with -XX:ReservedCodeCacheSize=
#   JVM is running with Unscaled Compressed Oops mode in which the Java heap is
#     placed in the first 4GB address space. The Java Heap base address is the
#     maximum limit for the native heap growth. Please use -XX:HeapBaseMinAddress
#     to set the Java Heap base and to place the Java Heap above 4GB virtual address.
# This output file may be truncated or incomplete.
#
#  Out of Memory Error (allocation.cpp:44), pid=12856, tid=18100
#
# JRE version:  (21.0.2+13) (build )
# Java VM: Java HotSpot(TM) 64-Bit Server VM (21.0.2+13-LTS-58, mixed mode, sharing, tiered, compressed oops, compressed class ptrs, g1 gc, windows-amd64)
# No core dump will be written. Minidumps are not enabled by default on client versions of Windows
#

---------------  S U M M A R Y ------------

Command Line: com.mycompany.cocktail.Cocktail

Host: 11th Gen Intel(R) Core(TM) i5-1135G7 @ 2.40GHz, 8 cores, 7G,  Windows 11 , 64 bit Build 22621 (10.0.22621.3374)
Time: Thu May  2 18:35:33 2024 Jerusalem Daylight Time elapsed time: 0.015086 seconds (0d 0h 0m 0s)

---------------  T H R E A D  ---------------

Current thread (0x000002a4f0e1a9c0):  JavaThread "Unknown thread" [_thread_in_vm, id=18100, stack(0x000000f936400000,0x000000f936500000) (1024K)]

Stack: [0x000000f936400000,0x000000f936500000]
Native frames: (J=compiled Java code, j=interpreted, Vv=VM code, C=native code)
V  [jvm.dll+0x6cade9]
V  [jvm.dll+0x8569c1]
V  [jvm.dll+0x858d2e]
V  [jvm.dll+0x859413]
V  [jvm.dll+0x280e56]
V  [jvm.dll+0xbeb17]
V  [jvm.dll+0x331af5]
V  [jvm.dll+0x32a141]
V  [jvm.dll+0x81efa9]
V  [jvm.dll+0x3bba01]
V  [jvm.dll+0x807928]
V  [jvm.dll+0x44f50e]
V  [jvm.dll+0x450e11]
C  [jli.dll+0x52a3]
C  [ucrtbase.dll+0x29333]
C  [KERNEL32.DLL+0x1257d]
C  [ntdll.dll+0x5aa48]


---------------  P R O C E S S  ---------------

Threads class SMR info:
_java_thread_list=0x00007ffcb405bb88, length=0, elements={
}

Java Threads: ( => current thread )
Total: 0

Other Threads:
  0x000002a4f301e570 WorkerThread "GC Thread#0"                     [id=15392, stack(0x000000f936500000,0x000000f936600000) (1024K)]

[error occurred during error reporting (printing all threads), id 0xc0000005, EXCEPTION_ACCESS_VIOLATION (0xc0000005) at pc=0x00007ffcb37c6680]
VM state: not at safepoint (not fully initialized)

VM Mutex/Monitor currently owned by a thread:  ([mutex/lock_event])
[0x00007ffcb40cce68] Heap_lock - owner thread: 0x000002a4f0e1a9c0

Heap address: 0x0000000084000000, size: 1984 MB, Compressed Oops mode: 32-bit

CDS archive(s) mapped at: [0x0000000000000000-0x0000000000000000-0x0000000000000000), size 0, SharedBaseAddress: 0x0000000800000000, ArchiveRelocationMode: 1.
Narrow klass base: 0x0000000000000000, Narrow klass shift: 0, Narrow klass range: 0x0

GC Precious Log:
 CardTable entry size: 512
 Card Set container configuration: InlinePtr #cards 5 size 8 Array Of Cards #cards 12 size 40 Howl #buckets 4 coarsen threshold 1843 Howl Bitmap #cards 512 size 80 coarsen threshold 460 Card regions per heap region 1 cards per card region 2048

Heap:
 garbage-first heap   total 0K, used 0K [0x0000000084000000, 0x0000000100000000)
  region size 1024K, 0 young (0K), 0 survivors (0K)

[error occurred during error reporting (printing heap information), id 0xc0000005, EXCEPTION_ACCESS_VIOLATION (0xc0000005) at pc=0x00007ffcb3bb39f9]
GC Heap History (0 events):
No events

Dll operation events (1 events):
Event: 0.010 Loaded shared library C:\Program Files\Java\jdk-21\bin\java.dll

Deoptimization events (0 events):
No events

Classes loaded (0 events):
No events

Classes unloaded (0 events):
No events

Classes redefined (0 events):
No events

Internal exceptions (0 events):
No events

ZGC Phase Switch (0 events):
No events

VM Operations (0 events):
No events

Events (0 events):
No events


Dynamic libraries:
0x00007ff7cb020000 - 0x00007ff7cb030000 	C:\Program Files\Java\jdk-21\bin\java.exe
0x00007ffd23230000 - 0x00007ffd23446000 	C:\WINDOWS\SYSTEM32\ntdll.dll
0x00007ffd210d0000 - 0x00007ffd21194000 	C:\WINDOWS\System32\KERNEL32.DLL
0x00007ffd20bb0000 - 0x00007ffd20f57000 	C:\WINDOWS\System32\KERNELBASE.dll
0x00007ffd20a90000 - 0x00007ffd20ba1000 	C:\WINDOWS\System32\ucrtbase.dll
0x00007ffd0e2b0000 - 0x00007ffd0e2c9000 	C:\Program Files\Java\jdk-21\bin\jli.dll
0x00007ffd21210000 - 0x00007ffd212c2000 	C:\WINDOWS\System32\ADVAPI32.dll
0x00007ffcd6320000 - 0x00007ffcd633b000 	C:\Program Files\Java\jdk-21\bin\VCRUNTIME140.dll
0x00007ffd21c90000 - 0x00007ffd21d37000 	C:\WINDOWS\System32\msvcrt.dll
0x00007ffd22b40000 - 0x00007ffd22be8000 	C:\WINDOWS\System32\sechost.dll
0x00007ffd20810000 - 0x00007ffd20838000 	C:\WINDOWS\System32\bcrypt.dll
0x00007ffd229d0000 - 0x00007ffd22ae5000 	C:\WINDOWS\System32\RPCRT4.dll
0x00007ffd219b0000 - 0x00007ffd21b5e000 	C:\WINDOWS\System32\USER32.dll
0x00007ffd207e0000 - 0x00007ffd20806000 	C:\WINDOWS\System32\win32u.dll
0x00007ffd22bf0000 - 0x00007ffd22c19000 	C:\WINDOWS\System32\GDI32.dll
0x00007ffcfd430000 - 0x00007ffcfd6c3000 	C:\WINDOWS\WinSxS\amd64_microsoft.windows.common-controls_6595b64144ccf1df_6.0.22621.3235_none_270f74e173860f98\COMCTL32.dll
0x00007ffd20550000 - 0x00007ffd20669000 	C:\WINDOWS\System32\gdi32full.dll
0x00007ffd208b0000 - 0x00007ffd2094a000 	C:\WINDOWS\System32\msvcp_win.dll
0x00007ffd11940000 - 0x00007ffd1194a000 	C:\WINDOWS\SYSTEM32\VERSION.dll
0x00007ffd20f60000 - 0x00007ffd20f91000 	C:\WINDOWS\System32\IMM32.DLL
0x00007ffcf1c20000 - 0x00007ffcf1c2c000 	C:\Program Files\Java\jdk-21\bin\vcruntime140_1.dll
0x00007ffcb8430000 - 0x00007ffcb84be000 	C:\Program Files\Java\jdk-21\bin\msvcp140.dll
0x00007ffcb3490000 - 0x00007ffcb41a7000 	C:\Program Files\Java\jdk-21\bin\server\jvm.dll
0x00007ffd20fa0000 - 0x00007ffd21011000 	C:\WINDOWS\System32\WS2_32.dll
0x00007ffd1f3f0000 - 0x00007ffd1f43d000 	C:\WINDOWS\SYSTEM32\POWRPROF.dll
0x00007ffd12ab0000 - 0x00007ffd12ae4000 	C:\WINDOWS\SYSTEM32\WINMM.dll
0x00007ffd1f3d0000 - 0x00007ffd1f3e3000 	C:\WINDOWS\SYSTEM32\UMPDC.dll
0x00007ffd1f620000 - 0x00007ffd1f638000 	C:\WINDOWS\SYSTEM32\kernel.appcore.dll
0x00007ffcedb40000 - 0x00007ffcedb4a000 	C:\Program Files\Java\jdk-21\bin\jimage.dll
0x00007ffd1ddc0000 - 0x00007ffd1dff3000 	C:\WINDOWS\SYSTEM32\DBGHELP.DLL
0x00007ffd22d20000 - 0x00007ffd230a8000 	C:\WINDOWS\System32\combase.dll
0x00007ffd23110000 - 0x00007ffd231e7000 	C:\WINDOWS\System32\OLEAUT32.dll
0x00007ffcf7250000 - 0x00007ffcf7282000 	C:\WINDOWS\SYSTEM32\dbgcore.DLL
0x00007ffd20a10000 - 0x00007ffd20a89000 	C:\WINDOWS\System32\bcryptPrimitives.dll
0x00007ffcbde60000 - 0x00007ffcbde7f000 	C:\Program Files\Java\jdk-21\bin\java.dll

dbghelp: loaded successfully - version: 4.0.5 - missing functions: none
symbol engine: initialized successfully - sym options: 0x614 - pdb path: .;C:\Program Files\Java\jdk-21\bin;C:\WINDOWS\SYSTEM32;C:\WINDOWS\WinSxS\amd64_microsoft.windows.common-controls_6595b64144ccf1df_6.0.22621.3235_none_270f74e173860f98;C:\Program Files\Java\jdk-21\bin\server

VM Arguments:
java_command: com.mycompany.cocktail.Cocktail
java_class_path (initial): C:\Users\user\Documents\NetBeansProjects\Cocktail-project\target\classes
Launcher Type: SUN_STANDARD

[Global flags]
     intx CICompilerCount                          = 4                                         {product} {ergonomic}
     uint ConcGCThreads                            = 2                                         {product} {ergonomic}
     uint G1ConcRefinementThreads                  = 8                                         {product} {ergonomic}
   size_t G1HeapRegionSize                         = 1048576                                   {product} {ergonomic}
    uintx GCDrainStackTargetSize                   = 64                                        {product} {ergonomic}
   size_t InitialHeapSize                          = 130023424                                 {product} {ergonomic}
   size_t MarkStackSize                            = 4194304                                   {product} {ergonomic}
   size_t MaxHeapSize                              = 2080374784                                {product} {ergonomic}
   size_t MinHeapDeltaBytes                        = 1048576                                   {product} {ergonomic}
   size_t MinHeapSize                              = 8388608                                   {product} {ergonomic}
    uintx NonNMethodCodeHeapSize                   = 5839372                                {pd product} {ergonomic}
    uintx NonProfiledCodeHeapSize                  = 122909434                              {pd product} {ergonomic}
    uintx ProfiledCodeHeapSize                     = 122909434                              {pd product} {ergonomic}
    uintx ReservedCodeCacheSize                    = 251658240                              {pd product} {ergonomic}
     bool SegmentedCodeCache                       = true                                      {product} {ergonomic}
   size_t SoftMaxHeapSize                          = 2080374784                             {manageable} {ergonomic}
     bool UseCompressedOops                        = true                           {product lp64_product} {ergonomic}
     bool UseG1GC                                  = true                                      {product} {ergonomic}
     bool UseLargePagesIndividualAllocation        = false                                  {pd product} {ergonomic}

Logging:
Log output configuration:
 #0: stdout all=warning uptime,level,tags foldmultilines=false
 #1: stderr all=off uptime,level,tags foldmultilines=false

Environment Variables:
JAVA_HOME=C:\Program Files\Java\jdk-21
PATH=C:\Program Files\Common Files\Oracle\Java\javapath;C:\MinGW\bin;C:\MinGW\bin;C:\WINDOWS\System32\Wbem;C:\WINDOWS\System32\WindowsPowerShell\v1.0\;C:\WINDOWS\System32\OpenSSH\;C:\WINDOWS\system32;C:\WINDOWS;C:\Program Files\Git\cmd;C:\Program Files\Git\mingw64\bin;C:\Program Files\Git\usr\bin;C:\MinGW\bin;C:\Users\user\AppData\Local\Microsoft\WindowsApps;C:\Program Files\JetBrains\CLion 2023.2.2\bin;;C:\Users\user\AppData\Local\Programs\Microsoft VS Code\bin;D:\flutter\bin;;C:\Program Files\JetBrains\IntelliJ IDEA 2023.3.6\bin;
USERNAME=user
OS=Windows_NT
PROCESSOR_IDENTIFIER=Intel64 Family 6 Model 140 Stepping 1, GenuineIntel
TMP=C:\Users\user\AppData\Local\Temp
TEMP=C:\Users\user\AppData\Local\Temp




Periodic native trim disabled

---------------  S Y S T E M  ---------------

OS:
 Windows 11 , 64 bit Build 22621 (10.0.22621.3374)
OS uptime: 0 days 2:20 hours

CPU: total 8 (initial active 8) (4 cores per cpu, 2 threads per core) family 6 model 140 stepping 1 microcode 0xac, cx8, cmov, fxsr, ht, mmx, 3dnowpref, sse, sse2, sse3, ssse3, sse4.1, sse4.2, popcnt, lzcnt, tsc, tscinvbit, avx, avx2, aes, erms, clmul, bmi1, bmi2, adx, avx512f, avx512dq, avx512cd, avx512bw, avx512vl, sha, fma, vzeroupper, avx512_vpopcntdq, avx512_vpclmulqdq, avx512_vaes, avx512_vnni, clflush, clflushopt, clwb, avx512_vbmi2, avx512_vbmi, rdtscp, rdpid, fsrm, gfni, avx512_bitalg, f16c, pku, cet_ibt, cet_ss, avx512_ifma
Processor Information for all 8 processors :
  Max Mhz: 2419, Current Mhz: 2419, Mhz Limit: 2419

Memory: 4k page, system-wide physical 7932M (1440M free)
TotalPageFile size 9980M (AvailPageFile size 9M)
current process WorkingSet (physical memory assigned to process): 11M, peak: 11M
current process commit charge ("private bytes"): 54M, peak: 55M

vm_info: Java HotSpot(TM) 64-Bit Server VM (21.0.2+13-LTS-58) for windows-amd64 JRE (21.0.2+13-LTS-58), built on 2024-01-05T18:32:24Z by "mach5one" with MS VC++ 17.1 (VS2022)

END.
