#
# There is insufficient memory for the Java Runtime Environment to continue.
# Native memory allocation (malloc) failed to allocate 1534912 bytes for Chunk::new
# Possible reasons:
#   The system is out of physical RAM or swap space
#   The process is running with CompressedOops enabled, and the Java Heap may be blocking the growth of the native heap
# Possible solutions:
#   Reduce memory load on the system
#   Increase physical memory or swap space
#   Check if swap backing store is full
#   Decrease Java heap size (-Xmx/-Xms)
#   Decrease number of Java threads
#   Decrease Java thread stack sizes (-Xss)
#   Set larger code cache with -XX:ReservedCodeCacheSize=
#   JVM is running with Unscaled Compressed Oops mode in which the Java heap is
#     placed in the first 4GB address space. The Java Heap base address is the
#     maximum limit for the native heap growth. Please use -XX:HeapBaseMinAddress
#     to set the Java Heap base and to place the Java Heap above 4GB virtual address.
# This output file may be truncated or incomplete.
#
#  Out of Memory Error (arena.cpp:168), pid=17844, tid=6596
#
# JRE version: Java(TM) SE Runtime Environment (21.0.2+13) (build 21.0.2+13-LTS-58)
# Java VM: Java HotSpot(TM) 64-Bit Server VM (21.0.2+13-LTS-58, mixed mode, sharing, tiered, compressed oops, compressed class ptrs, g1 gc, windows-amd64)
# No core dump will be written. Minidumps are not enabled by default on client versions of Windows
#

---------------  S U M M A R Y ------------

Command Line: -Dclassworlds.conf=C:\Program Files\NetBeans-20\netbeans\java\maven\bin\m2.conf -Dmaven.home=C:\Program Files\NetBeans-20\netbeans\java\maven -Dlibrary.jansi.path=C:\Program Files\NetBeans-20\netbeans\java\maven\lib\jansi-native -Dmaven.multiModuleProjectDirectory=C:\Users\user\Documents\NetBeansProjects\Cocktail-project org.codehaus.plexus.classworlds.launcher.Launcher -Dmaven.ext.class.path=C:\Program Files\NetBeans-20\netbeans\java\maven-nblib\netbeans-eventspy.jar --no-transfer-progress clean install

Host: 11th Gen Intel(R) Core(TM) i5-1135G7 @ 2.40GHz, 8 cores, 7G,  Windows 11 , 64 bit Build 22621 (10.0.22621.3374)
Time: Thu May  2 18:46:58 2024 Jerusalem Daylight Time elapsed time: 2.348548 seconds (0d 0h 0m 2s)

---------------  T H R E A D  ---------------

Current thread (0x0000019a2bc916f0):  JavaThread "C2 CompilerThread2" daemon [_thread_in_native, id=6596, stack(0x0000008ed2200000,0x0000008ed2300000) (1024K)]


Current CompileTask:
C2:   2348 3564       4       java.lang.invoke.MethodType::makeImpl (109 bytes)

Stack: [0x0000008ed2200000,0x0000008ed2300000]
Native frames: (J=compiled Java code, j=interpreted, Vv=VM code, C=native code)
V  [jvm.dll+0x6cade9]
V  [jvm.dll+0x8569c1]
V  [jvm.dll+0x858d2e]
V  [jvm.dll+0x859413]
V  [jvm.dll+0x280e56]
V  [jvm.dll+0xc3f3d]
V  [jvm.dll+0xc4473]
V  [jvm.dll+0x3b5c2c]
V  [jvm.dll+0x382855]
V  [jvm.dll+0x381cca]
V  [jvm.dll+0x249bd0]
V  [jvm.dll+0x2491b1]
V  [jvm.dll+0x1c9634]
V  [jvm.dll+0x258859]
V  [jvm.dll+0x256e3a]
V  [jvm.dll+0x3ef6c6]
V  [jvm.dll+0x7ff568]
V  [jvm.dll+0x6c953d]
C  [ucrtbase.dll+0x29333]
C  [KERNEL32.DLL+0x1257d]
C  [ntdll.dll+0x5aa48]


---------------  P R O C E S S  ---------------

Threads class SMR info:
_java_thread_list=0x0000019a2bc88b60, length=13, elements={
0x0000019a0c8311f0, 0x0000019a2b1e9ff0, 0x0000019a2b1eae00, 0x0000019a2b1ede60,
0x0000019a2b1f0d80, 0x0000019a2b1eec10, 0x0000019a2b1f1d60, 0x0000019a2b1f2700,
0x0000019a2b1f3400, 0x0000019a2b4bd550, 0x0000019a2b4bffe0, 0x0000019a2b8bd1c0,
0x0000019a2bc916f0
}

Java Threads: ( => current thread )
  0x0000019a0c8311f0 JavaThread "main"                              [_thread_in_Java, id=7284, stack(0x0000008ed0f00000,0x0000008ed1000000) (1024K)]
  0x0000019a2b1e9ff0 JavaThread "Reference Handler"          daemon [_thread_blocked, id=17848, stack(0x0000008ed1700000,0x0000008ed1800000) (1024K)]
  0x0000019a2b1eae00 JavaThread "Finalizer"                  daemon [_thread_blocked, id=2296, stack(0x0000008ed1800000,0x0000008ed1900000) (1024K)]
  0x0000019a2b1ede60 JavaThread "Signal Dispatcher"          daemon [_thread_blocked, id=7268, stack(0x0000008ed1900000,0x0000008ed1a00000) (1024K)]
  0x0000019a2b1f0d80 JavaThread "Attach Listener"            daemon [_thread_blocked, id=17368, stack(0x0000008ed1a00000,0x0000008ed1b00000) (1024K)]
  0x0000019a2b1eec10 JavaThread "Service Thread"             daemon [_thread_blocked, id=5192, stack(0x0000008ed1b00000,0x0000008ed1c00000) (1024K)]
  0x0000019a2b1f1d60 JavaThread "Monitor Deflation Thread"   daemon [_thread_blocked, id=3172, stack(0x0000008ed1c00000,0x0000008ed1d00000) (1024K)]
  0x0000019a2b1f2700 JavaThread "C2 CompilerThread0"         daemon [_thread_in_vm, id=4548, stack(0x0000008ed1d00000,0x0000008ed1e00000) (1024K)]
  0x0000019a2b1f3400 JavaThread "C1 CompilerThread0"         daemon [_thread_blocked, id=15032, stack(0x0000008ed1e00000,0x0000008ed1f00000) (1024K)]
  0x0000019a2b4bd550 JavaThread "Notification Thread"        daemon [_thread_blocked, id=16488, stack(0x0000008ed1f00000,0x0000008ed2000000) (1024K)]
  0x0000019a2b4bffe0 JavaThread "Common-Cleaner"             daemon [_thread_blocked, id=8264, stack(0x0000008ed2000000,0x0000008ed2100000) (1024K)]
  0x0000019a2b8bd1c0 JavaThread "C2 CompilerThread1"         daemon [_thread_in_native, id=17084, stack(0x0000008ed2100000,0x0000008ed2200000) (1024K)]
=>0x0000019a2bc916f0 JavaThread "C2 CompilerThread2"         daemon [_thread_in_native, id=6596, stack(0x0000008ed2200000,0x0000008ed2300000) (1024K)]
Total: 13

Other Threads:
  0x0000019a2b1c9ff0 VMThread "VM Thread"                           [id=13336, stack(0x0000008ed1600000,0x0000008ed1700000) (1024K)]
  0x0000019a2b1b0530 WatcherThread "VM Periodic Task Thread"        [id=10816, stack(0x0000008ed1500000,0x0000008ed1600000) (1024K)]
  0x0000019a0ca2d600 WorkerThread "GC Thread#0"                     [id=12608, stack(0x0000008ed1000000,0x0000008ed1100000) (1024K)]
  0x0000019a71c96880 WorkerThread "GC Thread#1"                     [id=11584, stack(0x0000008ed2300000,0x0000008ed2400000) (1024K)]
  0x0000019a7181bc60 WorkerThread "GC Thread#2"                     [id=17044, stack(0x0000008ed2400000,0x0000008ed2500000) (1024K)]
  0x0000019a71963200 WorkerThread "GC Thread#3"                     [id=18136, stack(0x0000008ed2500000,0x0000008ed2600000) (1024K)]
  0x0000019a719635a0 WorkerThread "GC Thread#4"                     [id=10556, stack(0x0000008ed2600000,0x0000008ed2700000) (1024K)]
  0x0000019a71a127f0 WorkerThread "GC Thread#5"                     [id=14200, stack(0x0000008ed2700000,0x0000008ed2800000) (1024K)]
  0x0000019a71a12f30 WorkerThread "GC Thread#6"                     [id=17836, stack(0x0000008ed2800000,0x0000008ed2900000) (1024K)]
  0x0000019a71a14150 WorkerThread "GC Thread#7"                     [id=1564, stack(0x0000008ed2900000,0x0000008ed2a00000) (1024K)]
  0x0000019a0ca3dde0 ConcurrentGCThread "G1 Main Marker"            [id=16240, stack(0x0000008ed1100000,0x0000008ed1200000) (1024K)]
  0x0000019a0ca3f0f0 WorkerThread "G1 Conc#0"                       [id=4832, stack(0x0000008ed1200000,0x0000008ed1300000) (1024K)]
  0x0000019a0ca9e890 ConcurrentGCThread "G1 Refine#0"               [id=13036, stack(0x0000008ed1300000,0x0000008ed1400000) (1024K)]
  0x0000019a2b087650 ConcurrentGCThread "G1 Service"                [id=18376, stack(0x0000008ed1400000,0x0000008ed1500000) (1024K)]
Total: 14

Threads with active compile tasks:
C2 CompilerThread0     2368 3715       4       java.util.HashMap$HashIterator::nextNode (100 bytes)
C2 CompilerThread1     2368 3639       4       org.codehaus.plexus.util.xml.pull.MXParser::parseAttribute (1429 bytes)
C2 CompilerThread2     2368 3564       4       java.lang.invoke.MethodType::makeImpl (109 bytes)
Total: 3

VM state: not at safepoint (normal execution)

VM Mutex/Monitor currently owned by a thread: None

Heap address: 0x0000000084000000, size: 1984 MB, Compressed Oops mode: 32-bit

CDS archive(s) mapped at: [0x0000019a2c000000-0x0000019a2cc90000-0x0000019a2cc90000), size 13172736, SharedBaseAddress: 0x0000019a2c000000, ArchiveRelocationMode: 1.
Compressed class space mapped at: 0x0000019a2d000000-0x0000019a6d000000, reserved size: 1073741824
Narrow klass base: 0x0000019a2c000000, Narrow klass shift: 0, Narrow klass range: 0x100000000

GC Precious Log:
 CardTable entry size: 512
 Card Set container configuration: InlinePtr #cards 5 size 8 Array Of Cards #cards 12 size 40 Howl #buckets 4 coarsen threshold 1843 Howl Bitmap #cards 512 size 80 coarsen threshold 460 Card regions per heap region 1 cards per card region 2048
 CPUs: 8 total, 8 available
 Memory: 7932M
 Large Page Support: Disabled
 NUMA Support: Disabled
 Compressed Oops: Enabled (32-bit)
 Heap Region Size: 1M
 Heap Min Capacity: 8M
 Heap Initial Capacity: 124M
 Heap Max Capacity: 1984M
 Pre-touch: Disabled
 Parallel Workers: 8
 Concurrent Workers: 2
 Concurrent Refinement Workers: 8
 Periodic GC: Disabled

Heap:
 garbage-first heap   total 126976K, used 61219K [0x0000000084000000, 0x0000000100000000)
  region size 1024K, 57 young (58368K), 2 survivors (2048K)
 Metaspace       used 16646K, committed 16896K, reserved 1114112K
  class space    used 1949K, committed 2048K, reserved 1048576K

Heap Regions: E=young(eden), S=young(survivor), O=old, HS=humongous(starts), HC=humongous(continues), CS=collection set, F=free, TAMS=top-at-mark-start, PB=parsable bottom
|   0|0x0000000084000000, 0x0000000084100000, 0x0000000084100000|100%| O|  |TAMS 0x0000000084000000| PB 0x0000000084000000| Untracked 
|   1|0x0000000084100000, 0x0000000084200000, 0x0000000084200000|100%| O|  |TAMS 0x0000000084100000| PB 0x0000000084100000| Untracked 
|   2|0x0000000084200000, 0x0000000084300000, 0x0000000084300000|100%| O|  |TAMS 0x0000000084200000| PB 0x0000000084200000| Untracked 
|   3|0x0000000084300000, 0x00000000843c8fa0, 0x0000000084400000| 78%| O|  |TAMS 0x0000000084300000| PB 0x0000000084300000| Untracked 
|   4|0x0000000084400000, 0x0000000084400000, 0x0000000084500000|  0%| F|  |TAMS 0x0000000084400000| PB 0x0000000084400000| Untracked 
|   5|0x0000000084500000, 0x0000000084500000, 0x0000000084600000|  0%| F|  |TAMS 0x0000000084500000| PB 0x0000000084500000| Untracked 
|   6|0x0000000084600000, 0x0000000084600000, 0x0000000084700000|  0%| F|  |TAMS 0x0000000084600000| PB 0x0000000084600000| Untracked 
|   7|0x0000000084700000, 0x0000000084700000, 0x0000000084800000|  0%| F|  |TAMS 0x0000000084700000| PB 0x0000000084700000| Untracked 
|   8|0x0000000084800000, 0x0000000084800000, 0x0000000084900000|  0%| F|  |TAMS 0x0000000084800000| PB 0x0000000084800000| Untracked 
|   9|0x0000000084900000, 0x0000000084900000, 0x0000000084a00000|  0%| F|  |TAMS 0x0000000084900000| PB 0x0000000084900000| Untracked 
|  10|0x0000000084a00000, 0x0000000084a00000, 0x0000000084b00000|  0%| F|  |TAMS 0x0000000084a00000| PB 0x0000000084a00000| Untracked 
|  11|0x0000000084b00000, 0x0000000084b00000, 0x0000000084c00000|  0%| F|  |TAMS 0x0000000084b00000| PB 0x0000000084b00000| Untracked 
|  12|0x0000000084c00000, 0x0000000084c00000, 0x0000000084d00000|  0%| F|  |TAMS 0x0000000084c00000| PB 0x0000000084c00000| Untracked 
|  13|0x0000000084d00000, 0x0000000084d00000, 0x0000000084e00000|  0%| F|  |TAMS 0x0000000084d00000| PB 0x0000000084d00000| Untracked 
|  14|0x0000000084e00000, 0x0000000084e00000, 0x0000000084f00000|  0%| F|  |TAMS 0x0000000084e00000| PB 0x0000000084e00000| Untracked 
|  15|0x0000000084f00000, 0x0000000084f00000, 0x0000000085000000|  0%| F|  |TAMS 0x0000000084f00000| PB 0x0000000084f00000| Untracked 
|  16|0x0000000085000000, 0x0000000085000000, 0x0000000085100000|  0%| F|  |TAMS 0x0000000085000000| PB 0x0000000085000000| Untracked 
|  17|0x0000000085100000, 0x0000000085100000, 0x0000000085200000|  0%| F|  |TAMS 0x0000000085100000| PB 0x0000000085100000| Untracked 
|  18|0x0000000085200000, 0x0000000085200000, 0x0000000085300000|  0%| F|  |TAMS 0x0000000085200000| PB 0x0000000085200000| Untracked 
|  19|0x0000000085300000, 0x0000000085300000, 0x0000000085400000|  0%| F|  |TAMS 0x0000000085300000| PB 0x0000000085300000| Untracked 
|  20|0x0000000085400000, 0x0000000085400000, 0x0000000085500000|  0%| F|  |TAMS 0x0000000085400000| PB 0x0000000085400000| Untracked 
|  21|0x0000000085500000, 0x0000000085500000, 0x0000000085600000|  0%| F|  |TAMS 0x0000000085500000| PB 0x0000000085500000| Untracked 
|  22|0x0000000085600000, 0x0000000085600000, 0x0000000085700000|  0%| F|  |TAMS 0x0000000085600000| PB 0x0000000085600000| Untracked 
|  23|0x0000000085700000, 0x0000000085700000, 0x0000000085800000|  0%| F|  |TAMS 0x0000000085700000| PB 0x0000000085700000| Untracked 
|  24|0x0000000085800000, 0x0000000085800000, 0x0000000085900000|  0%| F|  |TAMS 0x0000000085800000| PB 0x0000000085800000| Untracked 
|  25|0x0000000085900000, 0x0000000085900000, 0x0000000085a00000|  0%| F|  |TAMS 0x0000000085900000| PB 0x0000000085900000| Untracked 
|  26|0x0000000085a00000, 0x0000000085a00000, 0x0000000085b00000|  0%| F|  |TAMS 0x0000000085a00000| PB 0x0000000085a00000| Untracked 
|  27|0x0000000085b00000, 0x0000000085b00000, 0x0000000085c00000|  0%| F|  |TAMS 0x0000000085b00000| PB 0x0000000085b00000| Untracked 
|  28|0x0000000085c00000, 0x0000000085c00000, 0x0000000085d00000|  0%| F|  |TAMS 0x0000000085c00000| PB 0x0000000085c00000| Untracked 
|  29|0x0000000085d00000, 0x0000000085d00000, 0x0000000085e00000|  0%| F|  |TAMS 0x0000000085d00000| PB 0x0000000085d00000| Untracked 
|  30|0x0000000085e00000, 0x0000000085e00000, 0x0000000085f00000|  0%| F|  |TAMS 0x0000000085e00000| PB 0x0000000085e00000| Untracked 
|  31|0x0000000085f00000, 0x0000000085f00000, 0x0000000086000000|  0%| F|  |TAMS 0x0000000085f00000| PB 0x0000000085f00000| Untracked 
|  32|0x0000000086000000, 0x0000000086000000, 0x0000000086100000|  0%| F|  |TAMS 0x0000000086000000| PB 0x0000000086000000| Untracked 
|  33|0x0000000086100000, 0x0000000086100000, 0x0000000086200000|  0%| F|  |TAMS 0x0000000086100000| PB 0x0000000086100000| Untracked 
|  34|0x0000000086200000, 0x0000000086200000, 0x0000000086300000|  0%| F|  |TAMS 0x0000000086200000| PB 0x0000000086200000| Untracked 
|  35|0x0000000086300000, 0x0000000086300000, 0x0000000086400000|  0%| F|  |TAMS 0x0000000086300000| PB 0x0000000086300000| Untracked 
|  36|0x0000000086400000, 0x0000000086400000, 0x0000000086500000|  0%| F|  |TAMS 0x0000000086400000| PB 0x0000000086400000| Untracked 
|  37|0x0000000086500000, 0x0000000086500000, 0x0000000086600000|  0%| F|  |TAMS 0x0000000086500000| PB 0x0000000086500000| Untracked 
|  38|0x0000000086600000, 0x0000000086600000, 0x0000000086700000|  0%| F|  |TAMS 0x0000000086600000| PB 0x0000000086600000| Untracked 
|  39|0x0000000086700000, 0x0000000086700000, 0x0000000086800000|  0%| F|  |TAMS 0x0000000086700000| PB 0x0000000086700000| Untracked 
|  40|0x0000000086800000, 0x0000000086800000, 0x0000000086900000|  0%| F|  |TAMS 0x0000000086800000| PB 0x0000000086800000| Untracked 
|  41|0x0000000086900000, 0x0000000086900000, 0x0000000086a00000|  0%| F|  |TAMS 0x0000000086900000| PB 0x0000000086900000| Untracked 
|  42|0x0000000086a00000, 0x0000000086a00000, 0x0000000086b00000|  0%| F|  |TAMS 0x0000000086a00000| PB 0x0000000086a00000| Untracked 
|  43|0x0000000086b00000, 0x0000000086b00000, 0x0000000086c00000|  0%| F|  |TAMS 0x0000000086b00000| PB 0x0000000086b00000| Untracked 
|  44|0x0000000086c00000, 0x0000000086c00000, 0x0000000086d00000|  0%| F|  |TAMS 0x0000000086c00000| PB 0x0000000086c00000| Untracked 
|  45|0x0000000086d00000, 0x0000000086d00000, 0x0000000086e00000|  0%| F|  |TAMS 0x0000000086d00000| PB 0x0000000086d00000| Untracked 
|  46|0x0000000086e00000, 0x0000000086e00000, 0x0000000086f00000|  0%| F|  |TAMS 0x0000000086e00000| PB 0x0000000086e00000| Untracked 
|  47|0x0000000086f00000, 0x0000000086f00000, 0x0000000087000000|  0%| F|  |TAMS 0x0000000086f00000| PB 0x0000000086f00000| Untracked 
|  48|0x0000000087000000, 0x0000000087000000, 0x0000000087100000|  0%| F|  |TAMS 0x0000000087000000| PB 0x0000000087000000| Untracked 
|  49|0x0000000087100000, 0x0000000087100000, 0x0000000087200000|  0%| F|  |TAMS 0x0000000087100000| PB 0x0000000087100000| Untracked 
|  50|0x0000000087200000, 0x0000000087200000, 0x0000000087300000|  0%| F|  |TAMS 0x0000000087200000| PB 0x0000000087200000| Untracked 
|  51|0x0000000087300000, 0x0000000087300000, 0x0000000087400000|  0%| F|  |TAMS 0x0000000087300000| PB 0x0000000087300000| Untracked 
|  52|0x0000000087400000, 0x0000000087400000, 0x0000000087500000|  0%| F|  |TAMS 0x0000000087400000| PB 0x0000000087400000| Untracked 
|  53|0x0000000087500000, 0x0000000087500000, 0x0000000087600000|  0%| F|  |TAMS 0x0000000087500000| PB 0x0000000087500000| Untracked 
|  54|0x0000000087600000, 0x0000000087600000, 0x0000000087700000|  0%| F|  |TAMS 0x0000000087600000| PB 0x0000000087600000| Untracked 
|  55|0x0000000087700000, 0x0000000087700000, 0x0000000087800000|  0%| F|  |TAMS 0x0000000087700000| PB 0x0000000087700000| Untracked 
|  56|0x0000000087800000, 0x0000000087800000, 0x0000000087900000|  0%| F|  |TAMS 0x0000000087800000| PB 0x0000000087800000| Untracked 
|  57|0x0000000087900000, 0x0000000087900000, 0x0000000087a00000|  0%| F|  |TAMS 0x0000000087900000| PB 0x0000000087900000| Untracked 
|  58|0x0000000087a00000, 0x0000000087a00000, 0x0000000087b00000|  0%| F|  |TAMS 0x0000000087a00000| PB 0x0000000087a00000| Untracked 
|  59|0x0000000087b00000, 0x0000000087b00000, 0x0000000087c00000|  0%| F|  |TAMS 0x0000000087b00000| PB 0x0000000087b00000| Untracked 
|  60|0x0000000087c00000, 0x0000000087c00000, 0x0000000087d00000|  0%| F|  |TAMS 0x0000000087c00000| PB 0x0000000087c00000| Untracked 
|  61|0x0000000087d00000, 0x0000000087d00000, 0x0000000087e00000|  0%| F|  |TAMS 0x0000000087d00000| PB 0x0000000087d00000| Untracked 
|  62|0x0000000087e00000, 0x0000000087e00000, 0x0000000087f00000|  0%| F|  |TAMS 0x0000000087e00000| PB 0x0000000087e00000| Untracked 
|  63|0x0000000087f00000, 0x0000000087f00000, 0x0000000088000000|  0%| F|  |TAMS 0x0000000087f00000| PB 0x0000000087f00000| Untracked 
|  64|0x0000000088000000, 0x0000000088000000, 0x0000000088100000|  0%| F|  |TAMS 0x0000000088000000| PB 0x0000000088000000| Untracked 
|  65|0x0000000088100000, 0x0000000088100000, 0x0000000088200000|  0%| F|  |TAMS 0x0000000088100000| PB 0x0000000088100000| Untracked 
|  66|0x0000000088200000, 0x0000000088200000, 0x0000000088300000|  0%| F|  |TAMS 0x0000000088200000| PB 0x0000000088200000| Untracked 
|  67|0x0000000088300000, 0x0000000088384010, 0x0000000088400000| 51%| E|  |TAMS 0x0000000088300000| PB 0x0000000088300000| Complete 
|  68|0x0000000088400000, 0x0000000088500000, 0x0000000088500000|100%| E|CS|TAMS 0x0000000088400000| PB 0x0000000088400000| Complete 
|  69|0x0000000088500000, 0x0000000088600000, 0x0000000088600000|100%| E|CS|TAMS 0x0000000088500000| PB 0x0000000088500000| Complete 
|  70|0x0000000088600000, 0x0000000088700000, 0x0000000088700000|100%| E|CS|TAMS 0x0000000088600000| PB 0x0000000088600000| Complete 
|  71|0x0000000088700000, 0x0000000088800000, 0x0000000088800000|100%| E|CS|TAMS 0x0000000088700000| PB 0x0000000088700000| Complete 
|  72|0x0000000088800000, 0x0000000088900000, 0x0000000088900000|100%| E|CS|TAMS 0x0000000088800000| PB 0x0000000088800000| Complete 
|  73|0x0000000088900000, 0x0000000088a00000, 0x0000000088a00000|100%| E|CS|TAMS 0x0000000088900000| PB 0x0000000088900000| Complete 
|  74|0x0000000088a00000, 0x0000000088b00000, 0x0000000088b00000|100%| E|CS|TAMS 0x0000000088a00000| PB 0x0000000088a00000| Complete 
|  75|0x0000000088b00000, 0x0000000088c00000, 0x0000000088c00000|100%| E|CS|TAMS 0x0000000088b00000| PB 0x0000000088b00000| Complete 
|  76|0x0000000088c00000, 0x0000000088d00000, 0x0000000088d00000|100%| E|CS|TAMS 0x0000000088c00000| PB 0x0000000088c00000| Complete 
|  77|0x0000000088d00000, 0x0000000088e00000, 0x0000000088e00000|100%| E|CS|TAMS 0x0000000088d00000| PB 0x0000000088d00000| Complete 
|  78|0x0000000088e00000, 0x0000000088f00000, 0x0000000088f00000|100%| E|CS|TAMS 0x0000000088e00000| PB 0x0000000088e00000| Complete 
|  79|0x0000000088f00000, 0x0000000089000000, 0x0000000089000000|100%| E|CS|TAMS 0x0000000088f00000| PB 0x0000000088f00000| Complete 
|  80|0x0000000089000000, 0x0000000089100000, 0x0000000089100000|100%| E|CS|TAMS 0x0000000089000000| PB 0x0000000089000000| Complete 
|  81|0x0000000089100000, 0x0000000089200000, 0x0000000089200000|100%| E|CS|TAMS 0x0000000089100000| PB 0x0000000089100000| Complete 
|  82|0x0000000089200000, 0x0000000089300000, 0x0000000089300000|100%| E|CS|TAMS 0x0000000089200000| PB 0x0000000089200000| Complete 
|  83|0x0000000089300000, 0x0000000089400000, 0x0000000089400000|100%| E|CS|TAMS 0x0000000089300000| PB 0x0000000089300000| Complete 
|  84|0x0000000089400000, 0x0000000089500000, 0x0000000089500000|100%| E|CS|TAMS 0x0000000089400000| PB 0x0000000089400000| Complete 
|  85|0x0000000089500000, 0x0000000089600000, 0x0000000089600000|100%| E|CS|TAMS 0x0000000089500000| PB 0x0000000089500000| Complete 
|  86|0x0000000089600000, 0x0000000089700000, 0x0000000089700000|100%| E|CS|TAMS 0x0000000089600000| PB 0x0000000089600000| Complete 
|  87|0x0000000089700000, 0x0000000089800000, 0x0000000089800000|100%| E|CS|TAMS 0x0000000089700000| PB 0x0000000089700000| Complete 
|  88|0x0000000089800000, 0x0000000089900000, 0x0000000089900000|100%| E|CS|TAMS 0x0000000089800000| PB 0x0000000089800000| Complete 
|  89|0x0000000089900000, 0x0000000089a00000, 0x0000000089a00000|100%| S|CS|TAMS 0x0000000089900000| PB 0x0000000089900000| Complete 
|  90|0x0000000089a00000, 0x0000000089b00000, 0x0000000089b00000|100%| S|CS|TAMS 0x0000000089a00000| PB 0x0000000089a00000| Complete 
|  91|0x0000000089b00000, 0x0000000089c00000, 0x0000000089c00000|100%| E|CS|TAMS 0x0000000089b00000| PB 0x0000000089b00000| Complete 
|  92|0x0000000089c00000, 0x0000000089d00000, 0x0000000089d00000|100%| E|CS|TAMS 0x0000000089c00000| PB 0x0000000089c00000| Complete 
|  93|0x0000000089d00000, 0x0000000089e00000, 0x0000000089e00000|100%| E|CS|TAMS 0x0000000089d00000| PB 0x0000000089d00000| Complete 
|  94|0x0000000089e00000, 0x0000000089f00000, 0x0000000089f00000|100%| E|CS|TAMS 0x0000000089e00000| PB 0x0000000089e00000| Complete 
|  95|0x0000000089f00000, 0x000000008a000000, 0x000000008a000000|100%| E|CS|TAMS 0x0000000089f00000| PB 0x0000000089f00000| Complete 
|  96|0x000000008a000000, 0x000000008a100000, 0x000000008a100000|100%| E|CS|TAMS 0x000000008a000000| PB 0x000000008a000000| Complete 
|  97|0x000000008a100000, 0x000000008a200000, 0x000000008a200000|100%| E|CS|TAMS 0x000000008a100000| PB 0x000000008a100000| Complete 
|  98|0x000000008a200000, 0x000000008a300000, 0x000000008a300000|100%| E|CS|TAMS 0x000000008a200000| PB 0x000000008a200000| Complete 
|  99|0x000000008a300000, 0x000000008a400000, 0x000000008a400000|100%| E|CS|TAMS 0x000000008a300000| PB 0x000000008a300000| Complete 
| 100|0x000000008a400000, 0x000000008a500000, 0x000000008a500000|100%| E|CS|TAMS 0x000000008a400000| PB 0x000000008a400000| Complete 
| 101|0x000000008a500000, 0x000000008a600000, 0x000000008a600000|100%| E|CS|TAMS 0x000000008a500000| PB 0x000000008a500000| Complete 
| 102|0x000000008a600000, 0x000000008a700000, 0x000000008a700000|100%| E|CS|TAMS 0x000000008a600000| PB 0x000000008a600000| Complete 
| 103|0x000000008a700000, 0x000000008a800000, 0x000000008a800000|100%| E|CS|TAMS 0x000000008a700000| PB 0x000000008a700000| Complete 
| 104|0x000000008a800000, 0x000000008a900000, 0x000000008a900000|100%| E|CS|TAMS 0x000000008a800000| PB 0x000000008a800000| Complete 
| 105|0x000000008a900000, 0x000000008aa00000, 0x000000008aa00000|100%| E|CS|TAMS 0x000000008a900000| PB 0x000000008a900000| Complete 
| 106|0x000000008aa00000, 0x000000008ab00000, 0x000000008ab00000|100%| E|CS|TAMS 0x000000008aa00000| PB 0x000000008aa00000| Complete 
| 107|0x000000008ab00000, 0x000000008ac00000, 0x000000008ac00000|100%| E|CS|TAMS 0x000000008ab00000| PB 0x000000008ab00000| Complete 
| 108|0x000000008ac00000, 0x000000008ad00000, 0x000000008ad00000|100%| E|CS|TAMS 0x000000008ac00000| PB 0x000000008ac00000| Complete 
| 109|0x000000008ad00000, 0x000000008ae00000, 0x000000008ae00000|100%| E|CS|TAMS 0x000000008ad00000| PB 0x000000008ad00000| Complete 
| 110|0x000000008ae00000, 0x000000008af00000, 0x000000008af00000|100%| E|CS|TAMS 0x000000008ae00000| PB 0x000000008ae00000| Complete 
| 111|0x000000008af00000, 0x000000008b000000, 0x000000008b000000|100%| E|CS|TAMS 0x000000008af00000| PB 0x000000008af00000| Complete 
| 112|0x000000008b000000, 0x000000008b100000, 0x000000008b100000|100%| E|CS|TAMS 0x000000008b000000| PB 0x000000008b000000| Complete 
| 113|0x000000008b100000, 0x000000008b200000, 0x000000008b200000|100%| E|CS|TAMS 0x000000008b100000| PB 0x000000008b100000| Complete 
| 114|0x000000008b200000, 0x000000008b300000, 0x000000008b300000|100%| E|CS|TAMS 0x000000008b200000| PB 0x000000008b200000| Complete 
| 115|0x000000008b300000, 0x000000008b400000, 0x000000008b400000|100%| E|CS|TAMS 0x000000008b300000| PB 0x000000008b300000| Complete 
| 116|0x000000008b400000, 0x000000008b500000, 0x000000008b500000|100%| E|CS|TAMS 0x000000008b400000| PB 0x000000008b400000| Complete 
| 117|0x000000008b500000, 0x000000008b600000, 0x000000008b600000|100%| E|CS|TAMS 0x000000008b500000| PB 0x000000008b500000| Complete 
| 118|0x000000008b600000, 0x000000008b700000, 0x000000008b700000|100%| E|CS|TAMS 0x000000008b600000| PB 0x000000008b600000| Complete 
| 119|0x000000008b700000, 0x000000008b800000, 0x000000008b800000|100%| E|CS|TAMS 0x000000008b700000| PB 0x000000008b700000| Complete 
| 120|0x000000008b800000, 0x000000008b900000, 0x000000008b900000|100%| E|CS|TAMS 0x000000008b800000| PB 0x000000008b800000| Complete 
| 121|0x000000008b900000, 0x000000008ba00000, 0x000000008ba00000|100%| E|CS|TAMS 0x000000008b900000| PB 0x000000008b900000| Complete 
| 122|0x000000008ba00000, 0x000000008bb00000, 0x000000008bb00000|100%| E|CS|TAMS 0x000000008ba00000| PB 0x000000008ba00000| Complete 
| 123|0x000000008bb00000, 0x000000008bc00000, 0x000000008bc00000|100%| E|CS|TAMS 0x000000008bb00000| PB 0x000000008bb00000| Complete 

Card table byte_map: [0x0000019a26460000,0x0000019a26840000] _byte_map_base: 0x0000019a26040000

Marking Bits: (CMBitMap*) 0x0000019a0ca2dd00
 Bits: [0x0000019a26840000, 0x0000019a28740000)

Polling page: 0x0000019a0caa0000

Metaspace:

Usage:
  Non-class:     14.36 MB used.
      Class:      1.90 MB used.
       Both:     16.26 MB used.

Virtual space:
  Non-class space:       64.00 MB reserved,      14.50 MB ( 23%) committed,  1 nodes.
      Class space:        1.00 GB reserved,       2.00 MB ( <1%) committed,  1 nodes.
             Both:        1.06 GB reserved,      16.50 MB (  2%) committed. 

Chunk freelists:
   Non-Class:  1.29 MB
       Class:  13.82 MB
        Both:  15.11 MB

MaxMetaspaceSize: unlimited
CompressedClassSpaceSize: 1.00 GB
Initial GC threshold: 21.00 MB
Current GC threshold: 21.00 MB
CDS: on
 - commit_granule_bytes: 65536.
 - commit_granule_words: 8192.
 - virtual_space_node_default_size: 8388608.
 - enlarge_chunks_in_place: 1.
 - use_allocation_guard: 0.


Internal statistics:

num_allocs_failed_limit: 0.
num_arena_births: 184.
num_arena_deaths: 0.
num_vsnodes_births: 2.
num_vsnodes_deaths: 0.
num_space_committed: 264.
num_space_uncommitted: 0.
num_chunks_returned_to_freelist: 0.
num_chunks_taken_from_freelist: 740.
num_chunk_merges: 0.
num_chunk_splits: 519.
num_chunks_enlarged: 430.
num_inconsistent_stats: 0.

CodeHeap 'non-profiled nmethods': size=120000Kb used=1685Kb max_used=1685Kb free=118314Kb
 bounds [0x0000019a1e0f0000, 0x0000019a1e360000, 0x0000019a25620000]
CodeHeap 'profiled nmethods': size=120000Kb used=7437Kb max_used=7437Kb free=112563Kb
 bounds [0x0000019a16620000, 0x0000019a16d70000, 0x0000019a1db50000]
CodeHeap 'non-nmethods': size=5760Kb used=1548Kb max_used=1598Kb free=4212Kb
 bounds [0x0000019a1db50000, 0x0000019a1ddc0000, 0x0000019a1e0f0000]
 total_blobs=4219 nmethods=3722 adapters=401
 compilation: enabled
              stopped_count=0, restarted_count=0
 full_count=0

Compilation events (20 events):
Event: 2.340 Thread 0x0000019a2b1f3400 3675       3       java.util.Collections::singletonIterator (9 bytes)
Event: 2.340 Thread 0x0000019a2b1f3400 nmethod 3675 0x0000019a16d4df10 code [0x0000019a16d4e0c0, 0x0000019a16d4e328]
Event: 2.340 Thread 0x0000019a2b1f3400 3676       3       java.util.Collections$1::<init> (15 bytes)
Event: 2.340 Thread 0x0000019a2b1f3400 nmethod 3676 0x0000019a16d4e410 code [0x0000019a16d4e5c0, 0x0000019a16d4e788]
Event: 2.340 Thread 0x0000019a2b1f3400 3678       3       org.apache.maven.model.validation.DefaultModelValidator::validateEffectiveDependency (631 bytes)
Event: 2.345 Thread 0x0000019a2b1f3400 nmethod 3678 0x0000019a16d4e890 code [0x0000019a16d4f1e0, 0x0000019a16d53788]
Event: 2.345 Thread 0x0000019a2b1f3400 3679       3       java.util.Collections$UnmodifiableMap::isEmpty (10 bytes)
Event: 2.345 Thread 0x0000019a2b1f3400 nmethod 3679 0x0000019a16d55190 code [0x0000019a16d55340, 0x0000019a16d55518]
Event: 2.345 Thread 0x0000019a2b1f3400 3677       3       java.util.Collections$1::next (25 bytes)
Event: 2.345 Thread 0x0000019a2b1f3400 nmethod 3677 0x0000019a16d55610 code [0x0000019a16d557c0, 0x0000019a16d559e8]
Event: 2.345 Thread 0x0000019a2b1f3400 3683       3       java.util.Properties$EntrySet::iterator (10 bytes)
Event: 2.346 Thread 0x0000019a2b1f3400 nmethod 3683 0x0000019a16d55b10 code [0x0000019a16d55cc0, 0x0000019a16d55e98]
Event: 2.346 Thread 0x0000019a2b1f3400 3682       1       org.apache.maven.model.Model::getName (5 bytes)
Event: 2.346 Thread 0x0000019a2b1f3400 nmethod 3682 0x0000019a1e28f290 code [0x0000019a1e28f420, 0x0000019a1e28f4e8]
Event: 2.346 Thread 0x0000019a2b1f3400 3680       1       org.eclipse.aether.DefaultRepositorySystemSession::getMirrorSelector (5 bytes)
Event: 2.346 Thread 0x0000019a2b1f3400 nmethod 3680 0x0000019a1e28f590 code [0x0000019a1e28f720, 0x0000019a1e28f7e8]
Event: 2.346 Thread 0x0000019a2b1f3400 3674       1       org.apache.maven.model.RepositoryPolicy::getEnabled (5 bytes)
Event: 2.346 Thread 0x0000019a2b1f3400 nmethod 3674 0x0000019a1e28f890 code [0x0000019a1e28fa20, 0x0000019a1e28fae8]
Event: 2.346 Thread 0x0000019a2b1f3400 3681       1       org.apache.maven.model.profile.DefaultProfileActivationContext::getUserProperties (5 bytes)
Event: 2.346 Thread 0x0000019a2b1f3400 nmethod 3681 0x0000019a1e28fb90 code [0x0000019a1e28fd20, 0x0000019a1e28fde8]

GC Heap History (4 events):
Event: 0.551 GC heap before
{Heap before GC invocations=0 (full 0):
 garbage-first heap   total 126976K, used 23552K [0x0000000084000000, 0x0000000100000000)
  region size 1024K, 23 young (23552K), 0 survivors (0K)
 Metaspace       used 5758K, committed 5952K, reserved 1114112K
  class space    used 665K, committed 768K, reserved 1048576K
}
Event: 0.560 GC heap after
{Heap after GC invocations=1 (full 0):
 garbage-first heap   total 126976K, used 3800K [0x0000000084000000, 0x0000000100000000)
  region size 1024K, 3 young (3072K), 3 survivors (3072K)
 Metaspace       used 5758K, committed 5952K, reserved 1114112K
  class space    used 665K, committed 768K, reserved 1048576K
}
Event: 1.146 GC heap before
{Heap before GC invocations=1 (full 0):
 garbage-first heap   total 126976K, used 34520K [0x0000000084000000, 0x0000000100000000)
  region size 1024K, 33 young (33792K), 3 survivors (3072K)
 Metaspace       used 10390K, committed 10560K, reserved 1114112K
  class space    used 1236K, committed 1344K, reserved 1048576K
}
Event: 1.153 GC heap after
{Heap after GC invocations=2 (full 0):
 garbage-first heap   total 126976K, used 5923K [0x0000000084000000, 0x0000000100000000)
  region size 1024K, 2 young (2048K), 2 survivors (2048K)
 Metaspace       used 10390K, committed 10560K, reserved 1114112K
  class space    used 1236K, committed 1344K, reserved 1048576K
}

Dll operation events (8 events):
Event: 0.008 Loaded shared library C:\Program Files\Java\jdk-21\bin\java.dll
Event: 0.038 Loaded shared library C:\Program Files\Java\jdk-21\bin\jsvml.dll
Event: 0.054 Loaded shared library C:\Program Files\Java\jdk-21\bin\net.dll
Event: 0.055 Loaded shared library C:\Program Files\Java\jdk-21\bin\nio.dll
Event: 0.057 Loaded shared library C:\Program Files\Java\jdk-21\bin\zip.dll
Event: 0.129 Loaded shared library C:\Program Files\Java\jdk-21\bin\jimage.dll
Event: 0.136 Loaded shared library C:\Program Files\NetBeans-20\netbeans\java\maven\lib\jansi-native\Windows\x86_64\jansi.dll
Event: 0.146 Loaded shared library C:\Program Files\Java\jdk-21\bin\verify.dll

Deoptimization events (20 events):
Event: 2.215 Thread 0x0000019a0c8311f0 DEOPT PACKING pc=0x0000019a1e231b30 sp=0x0000008ed0ffd4e0
Event: 2.215 Thread 0x0000019a0c8311f0 DEOPT UNPACKING pc=0x0000019a1dba7da2 sp=0x0000008ed0ffd398 mode 2
Event: 2.220 Thread 0x0000019a0c8311f0 Uncommon trap: trap_request=0xffffff45 fr.pc=0x0000019a1e135dc8 relative=0x0000000000000088
Event: 2.220 Thread 0x0000019a0c8311f0 Uncommon trap: reason=unstable_if action=reinterpret pc=0x0000019a1e135dc8 method=sun.net.www.ParseUtil.firstEncodeIndex(Ljava/lang/String;)I @ 51 c2
Event: 2.220 Thread 0x0000019a0c8311f0 DEOPT PACKING pc=0x0000019a1e135dc8 sp=0x0000008ed0ffd240
Event: 2.220 Thread 0x0000019a0c8311f0 DEOPT UNPACKING pc=0x0000019a1dba7da2 sp=0x0000008ed0ffd1c8 mode 2
Event: 2.227 Thread 0x0000019a0c8311f0 Uncommon trap: trap_request=0xffffff45 fr.pc=0x0000019a1e1854ec relative=0x000000000000032c
Event: 2.227 Thread 0x0000019a0c8311f0 Uncommon trap: reason=unstable_if action=reinterpret pc=0x0000019a1e1854ec method=java.util.jar.JarFile.match([B[B[B[B)I @ 29 c2
Event: 2.227 Thread 0x0000019a0c8311f0 DEOPT PACKING pc=0x0000019a1e1854ec sp=0x0000008ed0ffce40
Event: 2.227 Thread 0x0000019a0c8311f0 DEOPT UNPACKING pc=0x0000019a1dba7da2 sp=0x0000008ed0ffcdb8 mode 2
Event: 2.238 Thread 0x0000019a0c8311f0 DEOPT PACKING pc=0x0000019a16cf8527 sp=0x0000008ed0ffce00
Event: 2.238 Thread 0x0000019a0c8311f0 DEOPT UNPACKING pc=0x0000019a1dba88e2 sp=0x0000008ed0ffc270 mode 0
Event: 2.288 Thread 0x0000019a0c8311f0 DEOPT PACKING pc=0x0000019a16ba1dac sp=0x0000008ed0ffc530
Event: 2.288 Thread 0x0000019a0c8311f0 DEOPT UNPACKING pc=0x0000019a1dba88e2 sp=0x0000008ed0ffba88 mode 0
Event: 2.301 Thread 0x0000019a0c8311f0 DEOPT PACKING pc=0x0000019a16ba1dac sp=0x0000008ed0ffc190
Event: 2.301 Thread 0x0000019a0c8311f0 DEOPT UNPACKING pc=0x0000019a1dba88e2 sp=0x0000008ed0ffb6e8 mode 0
Event: 2.312 Thread 0x0000019a0c8311f0 Uncommon trap: trap_request=0xffffff45 fr.pc=0x0000019a1e24290c relative=0x00000000000000cc
Event: 2.312 Thread 0x0000019a0c8311f0 Uncommon trap: reason=unstable_if action=reinterpret pc=0x0000019a1e24290c method=org.apache.maven.model.io.xpp3.MavenXpp3Reader.nextTag(Lorg/codehaus/plexus/util/xml/pull/XmlPullParser;)I @ 9 c2
Event: 2.312 Thread 0x0000019a0c8311f0 DEOPT PACKING pc=0x0000019a1e24290c sp=0x0000008ed0ffc920
Event: 2.312 Thread 0x0000019a0c8311f0 DEOPT UNPACKING pc=0x0000019a1dba7da2 sp=0x0000008ed0ffc8b0 mode 2

Classes loaded (20 events):
Event: 1.775 Loading class java/util/stream/MatchOps$1MatchSink
Event: 1.775 Loading class java/util/stream/MatchOps$1MatchSink done
Event: 1.985 Loading class sun/nio/cs/ISO_8859_1$Decoder
Event: 1.985 Loading class sun/nio/cs/ISO_8859_1$Decoder done
Event: 2.028 Loading class org/w3c/dom/Node
Event: 2.028 Loading class org/w3c/dom/Node done
Event: 2.028 Loading class javax/xml/parsers/ParserConfigurationException
Event: 2.028 Loading class javax/xml/parsers/ParserConfigurationException done
Event: 2.028 Loading class org/xml/sax/SAXException
Event: 2.028 Loading class org/xml/sax/SAXException done
Event: 2.029 Loading class org/w3c/dom/Document
Event: 2.029 Loading class org/w3c/dom/Document done
Event: 2.029 Loading class org/w3c/dom/Element
Event: 2.029 Loading class org/w3c/dom/Element done
Event: 2.043 Loading class java/util/LinkedList$LLSpliterator
Event: 2.043 Loading class java/util/LinkedList$LLSpliterator done
Event: 2.057 Loading class java/net/URISyntaxException
Event: 2.057 Loading class java/net/URISyntaxException done
Event: 2.068 Loading class jdk/internal/reflect/MethodHandleBooleanFieldAccessorImpl
Event: 2.068 Loading class jdk/internal/reflect/MethodHandleBooleanFieldAccessorImpl done

Classes unloaded (0 events):
No events

Classes redefined (0 events):
No events

Internal exceptions (20 events):
Event: 1.197 Thread 0x0000019a0c8311f0 Exception <a 'java/lang/NoSuchMethodError'{0x000000008b934958}: 'long java.lang.invoke.DirectMethodHandle$Holder.invokeStatic(java.lang.Object, java.lang.Object, int)'> (0x000000008b934958) 
thrown [s\open\src\hotspot\share\interpreter\linkResolver.cpp, line 773]
Event: 1.199 Thread 0x0000019a0c8311f0 Exception <a 'java/lang/NoSuchMethodError'{0x000000008b9479f0}: 'java.lang.Object java.lang.invoke.DirectMethodHandle$Holder.invokeStatic(java.lang.Object, java.lang.Object, java.lang.Object, java.lang.Object, int)'> (0x000000008b9479f0) 
thrown [s\open\src\hotspot\share\interpreter\linkResolver.cpp, line 773]
Event: 1.199 Thread 0x0000019a0c8311f0 Exception <a 'java/lang/NoSuchMethodError'{0x000000008b94f908}: 'java.lang.Object java.lang.invoke.DirectMethodHandle$Holder.invokeSpecial(java.lang.Object, java.lang.Object, java.lang.Object, java.lang.Object, long)'> (0x000000008b94f908) 
thrown [s\open\src\hotspot\share\interpreter\linkResolver.cpp, line 773]
Event: 1.200 Thread 0x0000019a0c8311f0 Exception <a 'java/lang/NoSuchMethodError'{0x000000008b95b3f8}: 'java.lang.Object java.lang.invoke.DirectMethodHandle$Holder.invokeSpecial(java.lang.Object, java.lang.Object, java.lang.Object, int, java.lang.Object)'> (0x000000008b95b3f8) 
thrown [s\open\src\hotspot\share\interpreter\linkResolver.cpp, line 773]
Event: 1.201 Thread 0x0000019a0c8311f0 Exception <a 'java/lang/NoSuchMethodError'{0x000000008b963518}: 'int java.lang.invoke.DirectMethodHandle$Holder.invokeSpecial(java.lang.Object, java.lang.Object, java.lang.Object, int)'> (0x000000008b963518) 
thrown [s\open\src\hotspot\share\interpreter\linkResolver.cpp, line 773]
Event: 1.203 Thread 0x0000019a0c8311f0 Implicit null exception at 0x0000019a1e16eedd to 0x0000019a1e16f0cc
Event: 1.204 Thread 0x0000019a0c8311f0 Exception <a 'java/lang/NoSuchMethodError'{0x000000008b9bb240}: 'java.lang.Object java.lang.invoke.Invokers$Holder.invokeExact_MT(java.lang.Object, int, java.lang.Object)'> (0x000000008b9bb240) 
thrown [s\open\src\hotspot\share\interpreter\linkResolver.cpp, line 773]
Event: 1.213 Thread 0x0000019a0c8311f0 Exception <a 'java/lang/NoSuchMethodError'{0x000000008b82b538}: 'void java.lang.invoke.DirectMethodHandle$Holder.invokeStatic(java.lang.Object, java.lang.Object)'> (0x000000008b82b538) 
thrown [s\open\src\hotspot\share\interpreter\linkResolver.cpp, line 773]
Event: 1.387 Thread 0x0000019a0c8311f0 Exception <a 'java/lang/NoSuchMethodError'{0x000000008b1a56c8}: 'void java.lang.invoke.Invokers$Holder.invokeExact_MT(java.lang.Object, java.lang.Object, java.lang.Object, java.lang.Object)'> (0x000000008b1a56c8) 
thrown [s\open\src\hotspot\share\interpreter\linkResolver.cpp, line 773]
Event: 1.404 Thread 0x0000019a0c8311f0 Exception <a 'java/lang/NoClassDefFoundError'{0x000000008b02cce8}: com/google/inject/servlet/ServletModuleTargetVisitor> (0x000000008b02cce8) 
thrown [s\open\src\hotspot\share\classfile\systemDictionary.cpp, line 301]
Event: 1.469 Thread 0x0000019a0c8311f0 Exception <a 'java/lang/NoSuchMethodError'{0x000000008aee1560}: 'void java.lang.invoke.DirectMethodHandle$Holder.invokeVirtual(java.lang.Object, java.lang.Object)'> (0x000000008aee1560) 
thrown [s\open\src\hotspot\share\interpreter\linkResolver.cpp, line 773]
Event: 1.509 Thread 0x0000019a0c8311f0 Exception <a 'java/lang/NoSuchMethodError'{0x000000008ad706b0}: 'java.lang.Object java.lang.invoke.DirectMethodHandle$Holder.invokeStaticInit(java.lang.Object, int, int, int, int)'> (0x000000008ad706b0) 
thrown [s\open\src\hotspot\share\interpreter\linkResolver.cpp, line 773]
Event: 1.651 Thread 0x0000019a0c8311f0 Exception <a 'java/lang/NoSuchMethodError'{0x000000008a713470}: 'void java.lang.invoke.DirectMethodHandle$Holder.invokeVirtual(java.lang.Object, java.lang.Object, int)'> (0x000000008a713470) 
thrown [s\open\src\hotspot\share\interpreter\linkResolver.cpp, line 773]
Event: 1.651 Thread 0x0000019a0c8311f0 Exception <a 'java/lang/NoSuchMethodError'{0x000000008a71a440}: 'void java.lang.invoke.DelegatingMethodHandle$Holder.reinvoke_L(java.lang.Object, java.lang.Object, int)'> (0x000000008a71a440) 
thrown [s\open\src\hotspot\share\interpreter\linkResolver.cpp, line 773]
Event: 1.949 Thread 0x0000019a0c8311f0 Exception <a 'java/lang/NoSuchMethodError'{0x0000000089b2da68}: 'java.lang.Object java.lang.invoke.DirectMethodHandle$Holder.newInvokeSpecial(java.lang.Object, java.lang.Object, java.lang.Object, java.lang.Object, java.lang.Object, java.lang.Object, java.lang.Object)'> (0x0000000089b2da68) 
thrown [s\open\src\hotspot\share\interpreter\linkResolver.cpp, line 773]
Event: 2.044 Thread 0x0000019a0c8311f0 Exception <a 'java/lang/NoSuchMethodError'{0x0000000089594770}: 'java.lang.Object java.lang.invoke.DirectMethodHandle$Holder.invokeVirtual(java.lang.Object, java.lang.Object, java.lang.Object)'> (0x0000000089594770) 
thrown [s\open\src\hotspot\share\interpreter\linkResolver.cpp, line 773]
Event: 2.045 Thread 0x0000019a0c8311f0 Exception <a 'java/lang/NoSuchMethodError'{0x000000008959afe8}: 'void java.lang.invoke.DirectMethodHandle$Holder.invokeSpecial(java.lang.Object, java.lang.Object, java.lang.Object, java.lang.Object, java.lang.Object, java.lang.Object)'> (0x000000008959afe8) 
thrown [s\open\src\hotspot\share\interpreter\linkResolver.cpp, line 773]
Event: 2.046 Thread 0x0000019a0c8311f0 Exception <a 'java/lang/NoSuchMethodError'{0x00000000895ab3d8}: 'int java.lang.invoke.DirectMethodHandle$Holder.invokeVirtual(java.lang.Object, java.lang.Object)'> (0x00000000895ab3d8) 
thrown [s\open\src\hotspot\share\interpreter\linkResolver.cpp, line 773]
Event: 2.069 Thread 0x0000019a0c8311f0 Exception <a 'java/lang/NoSuchMethodError'{0x00000000894b3ea0}: 'void java.lang.invoke.Invokers$Holder.invokeExact_MT(java.lang.Object, java.lang.Object, int, java.lang.Object)'> (0x00000000894b3ea0) 
thrown [s\open\src\hotspot\share\interpreter\linkResolver.cpp, line 773]
Event: 2.076 Thread 0x0000019a0c8311f0 Exception <a 'java/lang/NoSuchMethodError'{0x00000000894e8688}: 'void java.lang.invoke.DirectMethodHandle$Holder.invokeInterface(java.lang.Object, java.lang.Object, java.lang.Object)'> (0x00000000894e8688) 
thrown [s\open\src\hotspot\share\interpreter\linkResolver.cpp, line 773]

ZGC Phase Switch (0 events):
No events

VM Operations (20 events):
Event: 1.410 Executing VM operation: ICBufferFull
Event: 1.411 Executing VM operation: ICBufferFull done
Event: 1.479 Executing VM operation: HandshakeAllThreads (Deoptimize)
Event: 1.479 Executing VM operation: HandshakeAllThreads (Deoptimize) done
Event: 1.521 Executing VM operation: HandshakeAllThreads (Deoptimize)
Event: 1.521 Executing VM operation: HandshakeAllThreads (Deoptimize) done
Event: 1.553 Executing VM operation: HandshakeAllThreads (Deoptimize)
Event: 1.553 Executing VM operation: HandshakeAllThreads (Deoptimize) done
Event: 1.590 Executing VM operation: HandshakeAllThreads (Deoptimize)
Event: 1.590 Executing VM operation: HandshakeAllThreads (Deoptimize) done
Event: 1.684 Executing VM operation: HandshakeAllThreads (Deoptimize)
Event: 1.684 Executing VM operation: HandshakeAllThreads (Deoptimize) done
Event: 1.684 Executing VM operation: HandshakeAllThreads (Deoptimize)
Event: 1.684 Executing VM operation: HandshakeAllThreads (Deoptimize) done
Event: 1.684 Executing VM operation: HandshakeAllThreads (Deoptimize)
Event: 1.684 Executing VM operation: HandshakeAllThreads (Deoptimize) done
Event: 1.734 Executing VM operation: ICBufferFull
Event: 1.734 Executing VM operation: ICBufferFull done
Event: 2.034 Executing VM operation: ICBufferFull
Event: 2.034 Executing VM operation: ICBufferFull done

Events (13 events):
Event: 0.023 Thread 0x0000019a0c8311f0 Thread added: 0x0000019a0c8311f0
Event: 0.036 Thread 0x0000019a2b1e9ff0 Thread added: 0x0000019a2b1e9ff0
Event: 0.036 Thread 0x0000019a2b1eae00 Thread added: 0x0000019a2b1eae00
Event: 0.036 Thread 0x0000019a2b1ede60 Thread added: 0x0000019a2b1ede60
Event: 0.036 Thread 0x0000019a2b1f0d80 Thread added: 0x0000019a2b1f0d80
Event: 0.036 Thread 0x0000019a2b1eec10 Thread added: 0x0000019a2b1eec10
Event: 0.036 Thread 0x0000019a2b1f1d60 Thread added: 0x0000019a2b1f1d60
Event: 0.036 Thread 0x0000019a2b1f2700 Thread added: 0x0000019a2b1f2700
Event: 0.037 Thread 0x0000019a2b1f3400 Thread added: 0x0000019a2b1f3400
Event: 0.050 Thread 0x0000019a2b4bd550 Thread added: 0x0000019a2b4bd550
Event: 0.052 Thread 0x0000019a2b4bffe0 Thread added: 0x0000019a2b4bffe0
Event: 0.264 Thread 0x0000019a2b8bd1c0 Thread added: 0x0000019a2b8bd1c0
Event: 0.500 Thread 0x0000019a2bc916f0 Thread added: 0x0000019a2bc916f0


Dynamic libraries:
0x00007ff7cb020000 - 0x00007ff7cb030000 	C:\Program Files\Java\jdk-21\bin\java.exe
0x00007ffd23230000 - 0x00007ffd23446000 	C:\WINDOWS\SYSTEM32\ntdll.dll
0x00007ffd210d0000 - 0x00007ffd21194000 	C:\WINDOWS\System32\KERNEL32.DLL
0x00007ffd20bb0000 - 0x00007ffd20f57000 	C:\WINDOWS\System32\KERNELBASE.dll
0x00007ffd20a90000 - 0x00007ffd20ba1000 	C:\WINDOWS\System32\ucrtbase.dll
0x00007ffcd6320000 - 0x00007ffcd633b000 	C:\Program Files\Java\jdk-21\bin\VCRUNTIME140.dll
0x00007ffd0e2b0000 - 0x00007ffd0e2c9000 	C:\Program Files\Java\jdk-21\bin\jli.dll
0x00007ffd21210000 - 0x00007ffd212c2000 	C:\WINDOWS\System32\ADVAPI32.dll
0x00007ffd21c90000 - 0x00007ffd21d37000 	C:\WINDOWS\System32\msvcrt.dll
0x00007ffd22b40000 - 0x00007ffd22be8000 	C:\WINDOWS\System32\sechost.dll
0x00007ffd20810000 - 0x00007ffd20838000 	C:\WINDOWS\System32\bcrypt.dll
0x00007ffd229d0000 - 0x00007ffd22ae5000 	C:\WINDOWS\System32\RPCRT4.dll
0x00007ffd219b0000 - 0x00007ffd21b5e000 	C:\WINDOWS\System32\USER32.dll
0x00007ffd207e0000 - 0x00007ffd20806000 	C:\WINDOWS\System32\win32u.dll
0x00007ffcfd430000 - 0x00007ffcfd6c3000 	C:\WINDOWS\WinSxS\amd64_microsoft.windows.common-controls_6595b64144ccf1df_6.0.22621.3235_none_270f74e173860f98\COMCTL32.dll
0x00007ffd22bf0000 - 0x00007ffd22c19000 	C:\WINDOWS\System32\GDI32.dll
0x00007ffd20550000 - 0x00007ffd20669000 	C:\WINDOWS\System32\gdi32full.dll
0x00007ffd208b0000 - 0x00007ffd2094a000 	C:\WINDOWS\System32\msvcp_win.dll
0x00007ffd11940000 - 0x00007ffd1194a000 	C:\WINDOWS\SYSTEM32\VERSION.dll
0x00007ffd20f60000 - 0x00007ffd20f91000 	C:\WINDOWS\System32\IMM32.DLL
0x00007ffcf1c20000 - 0x00007ffcf1c2c000 	C:\Program Files\Java\jdk-21\bin\vcruntime140_1.dll
0x00007ffcb8430000 - 0x00007ffcb84be000 	C:\Program Files\Java\jdk-21\bin\msvcp140.dll
0x00007ffcb3490000 - 0x00007ffcb41a7000 	C:\Program Files\Java\jdk-21\bin\server\jvm.dll
0x00007ffd20fa0000 - 0x00007ffd21011000 	C:\WINDOWS\System32\WS2_32.dll
0x00007ffd1f3f0000 - 0x00007ffd1f43d000 	C:\WINDOWS\SYSTEM32\POWRPROF.dll
0x00007ffd12ab0000 - 0x00007ffd12ae4000 	C:\WINDOWS\SYSTEM32\WINMM.dll
0x00007ffd1f3d0000 - 0x00007ffd1f3e3000 	C:\WINDOWS\SYSTEM32\UMPDC.dll
0x00007ffd1f620000 - 0x00007ffd1f638000 	C:\WINDOWS\SYSTEM32\kernel.appcore.dll
0x00007ffcedb40000 - 0x00007ffcedb4a000 	C:\Program Files\Java\jdk-21\bin\jimage.dll
0x00007ffd1ddc0000 - 0x00007ffd1dff3000 	C:\WINDOWS\SYSTEM32\DBGHELP.DLL
0x00007ffd22d20000 - 0x00007ffd230a8000 	C:\WINDOWS\System32\combase.dll
0x00007ffd23110000 - 0x00007ffd231e7000 	C:\WINDOWS\System32\OLEAUT32.dll
0x00007ffcf7250000 - 0x00007ffcf7282000 	C:\WINDOWS\SYSTEM32\dbgcore.DLL
0x00007ffd20a10000 - 0x00007ffd20a89000 	C:\WINDOWS\System32\bcryptPrimitives.dll
0x00007ffcbde60000 - 0x00007ffcbde7f000 	C:\Program Files\Java\jdk-21\bin\java.dll
0x00007ffd21f10000 - 0x00007ffd2276c000 	C:\WINDOWS\System32\SHELL32.dll
0x00007ffd1e4b0000 - 0x00007ffd1eda9000 	C:\WINDOWS\SYSTEM32\windows.storage.dll
0x00007ffd1e370000 - 0x00007ffd1e4ae000 	C:\WINDOWS\SYSTEM32\wintypes.dll
0x00007ffd22c20000 - 0x00007ffd22d13000 	C:\WINDOWS\System32\SHCORE.dll
0x00007ffd230b0000 - 0x00007ffd2310e000 	C:\WINDOWS\System32\shlwapi.dll
0x00007ffd20480000 - 0x00007ffd204a1000 	C:\WINDOWS\SYSTEM32\profapi.dll
0x00007ffcb8670000 - 0x00007ffcb8747000 	C:\Program Files\Java\jdk-21\bin\jsvml.dll
0x00007ffd1d480000 - 0x00007ffd1d490000 	C:\Program Files\Java\jdk-21\bin\net.dll
0x00007ffd16920000 - 0x00007ffd16a56000 	C:\WINDOWS\SYSTEM32\WINHTTP.dll
0x00007ffd1faf0000 - 0x00007ffd1fb59000 	C:\WINDOWS\system32\mswsock.dll
0x00007ffcfd720000 - 0x00007ffcfd736000 	C:\Program Files\Java\jdk-21\bin\nio.dll
0x00007ffcfd0c0000 - 0x00007ffcfd0d8000 	C:\Program Files\Java\jdk-21\bin\zip.dll
0x0000000069ac0000 - 0x0000000069ae4000 	C:\Program Files\NetBeans-20\netbeans\java\maven\lib\jansi-native\Windows\x86_64\jansi.dll
0x00007ffd0e350000 - 0x00007ffd0e360000 	C:\Program Files\Java\jdk-21\bin\verify.dll

dbghelp: loaded successfully - version: 4.0.5 - missing functions: none
symbol engine: initialized successfully - sym options: 0x614 - pdb path: .;C:\Program Files\Java\jdk-21\bin;C:\WINDOWS\SYSTEM32;C:\WINDOWS\WinSxS\amd64_microsoft.windows.common-controls_6595b64144ccf1df_6.0.22621.3235_none_270f74e173860f98;C:\Program Files\Java\jdk-21\bin\server;C:\Program Files\NetBeans-20\netbeans\java\maven\lib\jansi-native\Windows\x86_64

VM Arguments:
jvm_args: -Dclassworlds.conf=C:\Program Files\NetBeans-20\netbeans\java\maven\bin\m2.conf -Dmaven.home=C:\Program Files\NetBeans-20\netbeans\java\maven -Dlibrary.jansi.path=C:\Program Files\NetBeans-20\netbeans\java\maven\lib\jansi-native -Dmaven.multiModuleProjectDirectory=C:\Users\user\Documents\NetBeansProjects\Cocktail-project 
java_command: org.codehaus.plexus.classworlds.launcher.Launcher -Dmaven.ext.class.path=C:\Program Files\NetBeans-20\netbeans\java\maven-nblib\netbeans-eventspy.jar --no-transfer-progress clean install
java_class_path (initial): C:\Program Files\NetBeans-20\netbeans\java\maven\boot\plexus-classworlds-2.7.0.jar
Launcher Type: SUN_STANDARD

[Global flags]
     intx CICompilerCount                          = 4                                         {product} {ergonomic}
     uint ConcGCThreads                            = 2                                         {product} {ergonomic}
     uint G1ConcRefinementThreads                  = 8                                         {product} {ergonomic}
   size_t G1HeapRegionSize                         = 1048576                                   {product} {ergonomic}
    uintx GCDrainStackTargetSize                   = 64                                        {product} {ergonomic}
   size_t InitialHeapSize                          = 130023424                                 {product} {ergonomic}
   size_t MarkStackSize                            = 4194304                                   {product} {ergonomic}
   size_t MaxHeapSize                              = 2080374784                                {product} {ergonomic}
   size_t MaxNewSize                               = 1247805440                                {product} {ergonomic}
   size_t MinHeapDeltaBytes                        = 1048576                                   {product} {ergonomic}
   size_t MinHeapSize                              = 8388608                                   {product} {ergonomic}
    uintx NonNMethodCodeHeapSize                   = 5839372                                {pd product} {ergonomic}
    uintx NonProfiledCodeHeapSize                  = 122909434                              {pd product} {ergonomic}
    uintx ProfiledCodeHeapSize                     = 122909434                              {pd product} {ergonomic}
    uintx ReservedCodeCacheSize                    = 251658240                              {pd product} {ergonomic}
     bool SegmentedCodeCache                       = true                                      {product} {ergonomic}
   size_t SoftMaxHeapSize                          = 2080374784                             {manageable} {ergonomic}
     bool UseCompressedOops                        = true                           {product lp64_product} {ergonomic}
     bool UseG1GC                                  = true                                      {product} {ergonomic}
     bool UseLargePagesIndividualAllocation        = false                                  {pd product} {ergonomic}

Logging:
Log output configuration:
 #0: stdout all=warning uptime,level,tags foldmultilines=false
 #1: stderr all=off uptime,level,tags foldmultilines=false

Environment Variables:
JAVA_HOME=C:\Program Files\Java\jdk-21
PATH=C:\Program Files\Common Files\Oracle\Java\javapath;C:\MinGW\bin;C:\MinGW\bin;C:\WINDOWS\System32\Wbem;C:\WINDOWS\System32\WindowsPowerShell\v1.0\;C:\WINDOWS\System32\OpenSSH\;C:\WINDOWS\system32;C:\WINDOWS;C:\Program Files\Git\cmd;C:\Program Files\Git\mingw64\bin;C:\Program Files\Git\usr\bin;C:\MinGW\bin;C:\Users\user\AppData\Local\Microsoft\WindowsApps;C:\Program Files\JetBrains\CLion 2023.2.2\bin;;C:\Users\user\AppData\Local\Programs\Microsoft VS Code\bin;D:\flutter\bin;;C:\Program Files\JetBrains\IntelliJ IDEA 2023.3.6\bin;
USERNAME=user
OS=Windows_NT
PROCESSOR_IDENTIFIER=Intel64 Family 6 Model 140 Stepping 1, GenuineIntel
TMP=C:\Users\user\AppData\Local\Temp
TEMP=C:\Users\user\AppData\Local\Temp




Periodic native trim disabled

---------------  S Y S T E M  ---------------

OS:
 Windows 11 , 64 bit Build 22621 (10.0.22621.3374)
OS uptime: 0 days 2:31 hours

CPU: total 8 (initial active 8) (4 cores per cpu, 2 threads per core) family 6 model 140 stepping 1 microcode 0xac, cx8, cmov, fxsr, ht, mmx, 3dnowpref, sse, sse2, sse3, ssse3, sse4.1, sse4.2, popcnt, lzcnt, tsc, tscinvbit, avx, avx2, aes, erms, clmul, bmi1, bmi2, adx, avx512f, avx512dq, avx512cd, avx512bw, avx512vl, sha, fma, vzeroupper, avx512_vpopcntdq, avx512_vpclmulqdq, avx512_vaes, avx512_vnni, clflush, clflushopt, clwb, avx512_vbmi2, avx512_vbmi, rdtscp, rdpid, fsrm, gfni, avx512_bitalg, f16c, pku, cet_ibt, cet_ss, avx512_ifma
Processor Information for all 8 processors :
  Max Mhz: 2419, Current Mhz: 2419, Mhz Limit: 2419

Memory: 4k page, system-wide physical 7932M (1350M free)
TotalPageFile size 9980M (AvailPageFile size 5M)
current process WorkingSet (physical memory assigned to process): 150M, peak: 150M
current process commit charge ("private bytes"): 258M, peak: 259M

vm_info: Java HotSpot(TM) 64-Bit Server VM (21.0.2+13-LTS-58) for windows-amd64 JRE (21.0.2+13-LTS-58), built on 2024-01-05T18:32:24Z by "mach5one" with MS VC++ 17.1 (VS2022)

END.
