#
# There is insufficient memory for the Java Runtime Environment to continue.
# Native memory allocation (malloc) failed to allocate 296176 bytes for Chunk::new
# Possible reasons:
#   The system is out of physical RAM or swap space
#   The process is running with CompressedOops enabled, and the Java Heap may be blocking the growth of the native heap
# Possible solutions:
#   Reduce memory load on the system
#   Increase physical memory or swap space
#   Check if swap backing store is full
#   Decrease Java heap size (-Xmx/-Xms)
#   Decrease number of Java threads
#   Decrease Java thread stack sizes (-Xss)
#   Set larger code cache with -XX:ReservedCodeCacheSize=
#   JVM is running with Unscaled Compressed Oops mode in which the Java heap is
#     placed in the first 4GB address space. The Java Heap base address is the
#     maximum limit for the native heap growth. Please use -XX:HeapBaseMinAddress
#     to set the Java Heap base and to place the Java Heap above 4GB virtual address.
# This output file may be truncated or incomplete.
#
#  Out of Memory Error (arena.cpp:168), pid=9720, tid=17456
#
# JRE version: Java(TM) SE Runtime Environment (21.0.2+13) (build 21.0.2+13-LTS-58)
# Java VM: Java HotSpot(TM) 64-Bit Server VM (21.0.2+13-LTS-58, mixed mode, sharing, tiered, compressed oops, compressed class ptrs, g1 gc, windows-amd64)
# No core dump will be written. Minidumps are not enabled by default on client versions of Windows
#

---------------  S U M M A R Y ------------

Command Line: -Dclassworlds.conf=C:\Program Files\NetBeans-20\netbeans\java\maven\bin\m2.conf -Dmaven.home=C:\Program Files\NetBeans-20\netbeans\java\maven -Dlibrary.jansi.path=C:\Program Files\NetBeans-20\netbeans\java\maven\lib\jansi-native -Dmaven.multiModuleProjectDirectory=C:\Users\user\Documents\NetBeansProjects\Cocktail-project org.codehaus.plexus.classworlds.launcher.Launcher -Dmaven.ext.class.path=C:\Program Files\NetBeans-20\netbeans\java\maven-nblib\netbeans-eventspy.jar --no-transfer-progress clean install

Host: 11th Gen Intel(R) Core(TM) i5-1135G7 @ 2.40GHz, 8 cores, 7G,  Windows 11 , 64 bit Build 22621 (10.0.22621.3374)
Time: Thu May  2 18:47:51 2024 Jerusalem Daylight Time elapsed time: 0.450576 seconds (0d 0h 0m 0s)

---------------  T H R E A D  ---------------

Current thread (0x00000285d5671490):  JavaThread "C2 CompilerThread0" daemon [_thread_in_native, id=17456, stack(0x000000f335200000,0x000000f335300000) (1024K)]


Current CompileTask:
C2:    450 1085       4       sun.nio.cs.StreamDecoder::lockedRead (189 bytes)

Stack: [0x000000f335200000,0x000000f335300000]
Native frames: (J=compiled Java code, j=interpreted, Vv=VM code, C=native code)
V  [jvm.dll+0x6cade9]
V  [jvm.dll+0x8569c1]
V  [jvm.dll+0x858d2e]
V  [jvm.dll+0x859413]
V  [jvm.dll+0x280e56]
V  [jvm.dll+0xc3f3d]
V  [jvm.dll+0xc4473]
V  [jvm.dll+0x2f437f]
V  [jvm.dll+0x5f5056]
V  [jvm.dll+0x252d7f]
V  [jvm.dll+0x24b637]
V  [jvm.dll+0x2490a3]
V  [jvm.dll+0x1c9634]
V  [jvm.dll+0x258859]
V  [jvm.dll+0x256e3a]
V  [jvm.dll+0x3ef6c6]
V  [jvm.dll+0x7ff568]
V  [jvm.dll+0x6c953d]
C  [ucrtbase.dll+0x29333]
C  [KERNEL32.DLL+0x1257d]
C  [ntdll.dll+0x5aa48]


---------------  P R O C E S S  ---------------

Threads class SMR info:
_java_thread_list=0x000002861b7a41c0, length=13, elements={
0x00000285b6a94cd0, 0x00000285d5662100, 0x00000285d5662e20, 0x00000285d5665750,
0x00000285d5667500, 0x00000285d5668090, 0x00000285d566bf50, 0x00000285d5671490,
0x00000285d5674b00, 0x00000285d58efc60, 0x00000285d58f2cc0, 0x00000285d59b1750,
0x000002861b789de0
}

Java Threads: ( => current thread )
  0x00000285b6a94cd0 JavaThread "main"                              [_thread_in_Java, id=7136, stack(0x000000f334400000,0x000000f334500000) (1024K)]
  0x00000285d5662100 JavaThread "Reference Handler"          daemon [_thread_blocked, id=17780, stack(0x000000f334c00000,0x000000f334d00000) (1024K)]
  0x00000285d5662e20 JavaThread "Finalizer"                  daemon [_thread_blocked, id=16476, stack(0x000000f334d00000,0x000000f334e00000) (1024K)]
  0x00000285d5665750 JavaThread "Signal Dispatcher"          daemon [_thread_blocked, id=13592, stack(0x000000f334e00000,0x000000f334f00000) (1024K)]
  0x00000285d5667500 JavaThread "Attach Listener"            daemon [_thread_blocked, id=10772, stack(0x000000f334f00000,0x000000f335000000) (1024K)]
  0x00000285d5668090 JavaThread "Service Thread"             daemon [_thread_blocked, id=17516, stack(0x000000f335000000,0x000000f335100000) (1024K)]
  0x00000285d566bf50 JavaThread "Monitor Deflation Thread"   daemon [_thread_blocked, id=15552, stack(0x000000f335100000,0x000000f335200000) (1024K)]
=>0x00000285d5671490 JavaThread "C2 CompilerThread0"         daemon [_thread_in_native, id=17456, stack(0x000000f335200000,0x000000f335300000) (1024K)]
  0x00000285d5674b00 JavaThread "C1 CompilerThread0"         daemon [_thread_in_native, id=9560, stack(0x000000f335300000,0x000000f335400000) (1024K)]
  0x00000285d58efc60 JavaThread "Notification Thread"        daemon [_thread_blocked, id=17048, stack(0x000000f335400000,0x000000f335500000) (1024K)]
  0x00000285d58f2cc0 JavaThread "Common-Cleaner"             daemon [_thread_blocked, id=4860, stack(0x000000f335500000,0x000000f335600000) (1024K)]
  0x00000285d59b1750 JavaThread "C2 CompilerThread1"         daemon [_thread_in_native, id=18116, stack(0x000000f335600000,0x000000f335700000) (1024K)]
  0x000002861b789de0 JavaThread "C2 CompilerThread2"         daemon [_thread_in_native, id=17172, stack(0x000000f335700000,0x000000f335800000) (1024K)]
Total: 13

Other Threads:
  0x00000285d563bff0 VMThread "VM Thread"                           [id=9820, stack(0x000000f334b00000,0x000000f334c00000) (1024K)]
  0x00000285d5623950 WatcherThread "VM Periodic Task Thread"        [id=16804, stack(0x000000f334a00000,0x000000f334b00000) (1024K)]
  0x00000285b8e3df60 WorkerThread "GC Thread#0"                     [id=12964, stack(0x000000f334500000,0x000000f334600000) (1024K)]
  0x00000285b8e4fa60 ConcurrentGCThread "G1 Main Marker"            [id=6048, stack(0x000000f334600000,0x000000f334700000) (1024K)]
  0x00000285b8e50c80 WorkerThread "G1 Conc#0"                       [id=15580, stack(0x000000f334700000,0x000000f334800000) (1024K)]
  0x00000285d54f7100 ConcurrentGCThread "G1 Refine#0"               [id=11780, stack(0x000000f334800000,0x000000f334900000) (1024K)]
  0x00000285d54f7a80 ConcurrentGCThread "G1 Service"                [id=17196, stack(0x000000f334900000,0x000000f334a00000) (1024K)]
Total: 7

Threads with active compile tasks:
C2 CompilerThread0      469 1085       4       sun.nio.cs.StreamDecoder::lockedRead (189 bytes)
C1 CompilerThread0      469 1124   !   3       java.lang.String::<init> (893 bytes)
C2 CompilerThread1      469 1084   !   4       sun.nio.cs.StreamDecoder::read (78 bytes)
C2 CompilerThread2      469 1089       4       java.io.InputStreamReader::read (11 bytes)
Total: 4

VM state: not at safepoint (normal execution)

VM Mutex/Monitor currently owned by a thread: None

Heap address: 0x0000000084000000, size: 1984 MB, Compressed Oops mode: 32-bit

CDS archive(s) mapped at: [0x00000285d6000000-0x00000285d6c90000-0x00000285d6c90000), size 13172736, SharedBaseAddress: 0x00000285d6000000, ArchiveRelocationMode: 1.
Compressed class space mapped at: 0x00000285d7000000-0x0000028617000000, reserved size: 1073741824
Narrow klass base: 0x00000285d6000000, Narrow klass shift: 0, Narrow klass range: 0x100000000

GC Precious Log:
 CardTable entry size: 512
 Card Set container configuration: InlinePtr #cards 5 size 8 Array Of Cards #cards 12 size 40 Howl #buckets 4 coarsen threshold 1843 Howl Bitmap #cards 512 size 80 coarsen threshold 460 Card regions per heap region 1 cards per card region 2048
 CPUs: 8 total, 8 available
 Memory: 7932M
 Large Page Support: Disabled
 NUMA Support: Disabled
 Compressed Oops: Enabled (32-bit)
 Heap Region Size: 1M
 Heap Min Capacity: 8M
 Heap Initial Capacity: 124M
 Heap Max Capacity: 1984M
 Pre-touch: Disabled
 Parallel Workers: 8
 Concurrent Workers: 2
 Concurrent Refinement Workers: 8
 Periodic GC: Disabled

Heap:
 garbage-first heap   total 126976K, used 21504K [0x0000000084000000, 0x0000000100000000)
  region size 1024K, 22 young (22528K), 0 survivors (0K)
 Metaspace       used 5695K, committed 5888K, reserved 1114112K
  class space    used 655K, committed 768K, reserved 1048576K

Heap Regions: E=young(eden), S=young(survivor), O=old, HS=humongous(starts), HC=humongous(continues), CS=collection set, F=free, TAMS=top-at-mark-start, PB=parsable bottom
|   0|0x0000000084000000, 0x0000000084000000, 0x0000000084100000|  0%| F|  |TAMS 0x0000000084000000| PB 0x0000000084000000| Untracked 
|   1|0x0000000084100000, 0x0000000084100000, 0x0000000084200000|  0%| F|  |TAMS 0x0000000084100000| PB 0x0000000084100000| Untracked 
|   2|0x0000000084200000, 0x0000000084200000, 0x0000000084300000|  0%| F|  |TAMS 0x0000000084200000| PB 0x0000000084200000| Untracked 
|   3|0x0000000084300000, 0x0000000084300000, 0x0000000084400000|  0%| F|  |TAMS 0x0000000084300000| PB 0x0000000084300000| Untracked 
|   4|0x0000000084400000, 0x0000000084400000, 0x0000000084500000|  0%| F|  |TAMS 0x0000000084400000| PB 0x0000000084400000| Untracked 
|   5|0x0000000084500000, 0x0000000084500000, 0x0000000084600000|  0%| F|  |TAMS 0x0000000084500000| PB 0x0000000084500000| Untracked 
|   6|0x0000000084600000, 0x0000000084600000, 0x0000000084700000|  0%| F|  |TAMS 0x0000000084600000| PB 0x0000000084600000| Untracked 
|   7|0x0000000084700000, 0x0000000084700000, 0x0000000084800000|  0%| F|  |TAMS 0x0000000084700000| PB 0x0000000084700000| Untracked 
|   8|0x0000000084800000, 0x0000000084800000, 0x0000000084900000|  0%| F|  |TAMS 0x0000000084800000| PB 0x0000000084800000| Untracked 
|   9|0x0000000084900000, 0x0000000084900000, 0x0000000084a00000|  0%| F|  |TAMS 0x0000000084900000| PB 0x0000000084900000| Untracked 
|  10|0x0000000084a00000, 0x0000000084a00000, 0x0000000084b00000|  0%| F|  |TAMS 0x0000000084a00000| PB 0x0000000084a00000| Untracked 
|  11|0x0000000084b00000, 0x0000000084b00000, 0x0000000084c00000|  0%| F|  |TAMS 0x0000000084b00000| PB 0x0000000084b00000| Untracked 
|  12|0x0000000084c00000, 0x0000000084c00000, 0x0000000084d00000|  0%| F|  |TAMS 0x0000000084c00000| PB 0x0000000084c00000| Untracked 
|  13|0x0000000084d00000, 0x0000000084d00000, 0x0000000084e00000|  0%| F|  |TAMS 0x0000000084d00000| PB 0x0000000084d00000| Untracked 
|  14|0x0000000084e00000, 0x0000000084e00000, 0x0000000084f00000|  0%| F|  |TAMS 0x0000000084e00000| PB 0x0000000084e00000| Untracked 
|  15|0x0000000084f00000, 0x0000000084f00000, 0x0000000085000000|  0%| F|  |TAMS 0x0000000084f00000| PB 0x0000000084f00000| Untracked 
|  16|0x0000000085000000, 0x0000000085000000, 0x0000000085100000|  0%| F|  |TAMS 0x0000000085000000| PB 0x0000000085000000| Untracked 
|  17|0x0000000085100000, 0x0000000085100000, 0x0000000085200000|  0%| F|  |TAMS 0x0000000085100000| PB 0x0000000085100000| Untracked 
|  18|0x0000000085200000, 0x0000000085200000, 0x0000000085300000|  0%| F|  |TAMS 0x0000000085200000| PB 0x0000000085200000| Untracked 
|  19|0x0000000085300000, 0x0000000085300000, 0x0000000085400000|  0%| F|  |TAMS 0x0000000085300000| PB 0x0000000085300000| Untracked 
|  20|0x0000000085400000, 0x0000000085400000, 0x0000000085500000|  0%| F|  |TAMS 0x0000000085400000| PB 0x0000000085400000| Untracked 
|  21|0x0000000085500000, 0x0000000085500000, 0x0000000085600000|  0%| F|  |TAMS 0x0000000085500000| PB 0x0000000085500000| Untracked 
|  22|0x0000000085600000, 0x0000000085600000, 0x0000000085700000|  0%| F|  |TAMS 0x0000000085600000| PB 0x0000000085600000| Untracked 
|  23|0x0000000085700000, 0x0000000085700000, 0x0000000085800000|  0%| F|  |TAMS 0x0000000085700000| PB 0x0000000085700000| Untracked 
|  24|0x0000000085800000, 0x0000000085800000, 0x0000000085900000|  0%| F|  |TAMS 0x0000000085800000| PB 0x0000000085800000| Untracked 
|  25|0x0000000085900000, 0x0000000085900000, 0x0000000085a00000|  0%| F|  |TAMS 0x0000000085900000| PB 0x0000000085900000| Untracked 
|  26|0x0000000085a00000, 0x0000000085a00000, 0x0000000085b00000|  0%| F|  |TAMS 0x0000000085a00000| PB 0x0000000085a00000| Untracked 
|  27|0x0000000085b00000, 0x0000000085b00000, 0x0000000085c00000|  0%| F|  |TAMS 0x0000000085b00000| PB 0x0000000085b00000| Untracked 
|  28|0x0000000085c00000, 0x0000000085c00000, 0x0000000085d00000|  0%| F|  |TAMS 0x0000000085c00000| PB 0x0000000085c00000| Untracked 
|  29|0x0000000085d00000, 0x0000000085d00000, 0x0000000085e00000|  0%| F|  |TAMS 0x0000000085d00000| PB 0x0000000085d00000| Untracked 
|  30|0x0000000085e00000, 0x0000000085e00000, 0x0000000085f00000|  0%| F|  |TAMS 0x0000000085e00000| PB 0x0000000085e00000| Untracked 
|  31|0x0000000085f00000, 0x0000000085f00000, 0x0000000086000000|  0%| F|  |TAMS 0x0000000085f00000| PB 0x0000000085f00000| Untracked 
|  32|0x0000000086000000, 0x0000000086000000, 0x0000000086100000|  0%| F|  |TAMS 0x0000000086000000| PB 0x0000000086000000| Untracked 
|  33|0x0000000086100000, 0x0000000086100000, 0x0000000086200000|  0%| F|  |TAMS 0x0000000086100000| PB 0x0000000086100000| Untracked 
|  34|0x0000000086200000, 0x0000000086200000, 0x0000000086300000|  0%| F|  |TAMS 0x0000000086200000| PB 0x0000000086200000| Untracked 
|  35|0x0000000086300000, 0x0000000086300000, 0x0000000086400000|  0%| F|  |TAMS 0x0000000086300000| PB 0x0000000086300000| Untracked 
|  36|0x0000000086400000, 0x0000000086400000, 0x0000000086500000|  0%| F|  |TAMS 0x0000000086400000| PB 0x0000000086400000| Untracked 
|  37|0x0000000086500000, 0x0000000086500000, 0x0000000086600000|  0%| F|  |TAMS 0x0000000086500000| PB 0x0000000086500000| Untracked 
|  38|0x0000000086600000, 0x0000000086600000, 0x0000000086700000|  0%| F|  |TAMS 0x0000000086600000| PB 0x0000000086600000| Untracked 
|  39|0x0000000086700000, 0x0000000086700000, 0x0000000086800000|  0%| F|  |TAMS 0x0000000086700000| PB 0x0000000086700000| Untracked 
|  40|0x0000000086800000, 0x0000000086800000, 0x0000000086900000|  0%| F|  |TAMS 0x0000000086800000| PB 0x0000000086800000| Untracked 
|  41|0x0000000086900000, 0x0000000086900000, 0x0000000086a00000|  0%| F|  |TAMS 0x0000000086900000| PB 0x0000000086900000| Untracked 
|  42|0x0000000086a00000, 0x0000000086a00000, 0x0000000086b00000|  0%| F|  |TAMS 0x0000000086a00000| PB 0x0000000086a00000| Untracked 
|  43|0x0000000086b00000, 0x0000000086b00000, 0x0000000086c00000|  0%| F|  |TAMS 0x0000000086b00000| PB 0x0000000086b00000| Untracked 
|  44|0x0000000086c00000, 0x0000000086c00000, 0x0000000086d00000|  0%| F|  |TAMS 0x0000000086c00000| PB 0x0000000086c00000| Untracked 
|  45|0x0000000086d00000, 0x0000000086d00000, 0x0000000086e00000|  0%| F|  |TAMS 0x0000000086d00000| PB 0x0000000086d00000| Untracked 
|  46|0x0000000086e00000, 0x0000000086e00000, 0x0000000086f00000|  0%| F|  |TAMS 0x0000000086e00000| PB 0x0000000086e00000| Untracked 
|  47|0x0000000086f00000, 0x0000000086f00000, 0x0000000087000000|  0%| F|  |TAMS 0x0000000086f00000| PB 0x0000000086f00000| Untracked 
|  48|0x0000000087000000, 0x0000000087000000, 0x0000000087100000|  0%| F|  |TAMS 0x0000000087000000| PB 0x0000000087000000| Untracked 
|  49|0x0000000087100000, 0x0000000087100000, 0x0000000087200000|  0%| F|  |TAMS 0x0000000087100000| PB 0x0000000087100000| Untracked 
|  50|0x0000000087200000, 0x0000000087200000, 0x0000000087300000|  0%| F|  |TAMS 0x0000000087200000| PB 0x0000000087200000| Untracked 
|  51|0x0000000087300000, 0x0000000087300000, 0x0000000087400000|  0%| F|  |TAMS 0x0000000087300000| PB 0x0000000087300000| Untracked 
|  52|0x0000000087400000, 0x0000000087400000, 0x0000000087500000|  0%| F|  |TAMS 0x0000000087400000| PB 0x0000000087400000| Untracked 
|  53|0x0000000087500000, 0x0000000087500000, 0x0000000087600000|  0%| F|  |TAMS 0x0000000087500000| PB 0x0000000087500000| Untracked 
|  54|0x0000000087600000, 0x0000000087600000, 0x0000000087700000|  0%| F|  |TAMS 0x0000000087600000| PB 0x0000000087600000| Untracked 
|  55|0x0000000087700000, 0x0000000087700000, 0x0000000087800000|  0%| F|  |TAMS 0x0000000087700000| PB 0x0000000087700000| Untracked 
|  56|0x0000000087800000, 0x0000000087800000, 0x0000000087900000|  0%| F|  |TAMS 0x0000000087800000| PB 0x0000000087800000| Untracked 
|  57|0x0000000087900000, 0x0000000087900000, 0x0000000087a00000|  0%| F|  |TAMS 0x0000000087900000| PB 0x0000000087900000| Untracked 
|  58|0x0000000087a00000, 0x0000000087a00000, 0x0000000087b00000|  0%| F|  |TAMS 0x0000000087a00000| PB 0x0000000087a00000| Untracked 
|  59|0x0000000087b00000, 0x0000000087b00000, 0x0000000087c00000|  0%| F|  |TAMS 0x0000000087b00000| PB 0x0000000087b00000| Untracked 
|  60|0x0000000087c00000, 0x0000000087c00000, 0x0000000087d00000|  0%| F|  |TAMS 0x0000000087c00000| PB 0x0000000087c00000| Untracked 
|  61|0x0000000087d00000, 0x0000000087d00000, 0x0000000087e00000|  0%| F|  |TAMS 0x0000000087d00000| PB 0x0000000087d00000| Untracked 
|  62|0x0000000087e00000, 0x0000000087e00000, 0x0000000087f00000|  0%| F|  |TAMS 0x0000000087e00000| PB 0x0000000087e00000| Untracked 
|  63|0x0000000087f00000, 0x0000000087f00000, 0x0000000088000000|  0%| F|  |TAMS 0x0000000087f00000| PB 0x0000000087f00000| Untracked 
|  64|0x0000000088000000, 0x0000000088000000, 0x0000000088100000|  0%| F|  |TAMS 0x0000000088000000| PB 0x0000000088000000| Untracked 
|  65|0x0000000088100000, 0x0000000088100000, 0x0000000088200000|  0%| F|  |TAMS 0x0000000088100000| PB 0x0000000088100000| Untracked 
|  66|0x0000000088200000, 0x0000000088200000, 0x0000000088300000|  0%| F|  |TAMS 0x0000000088200000| PB 0x0000000088200000| Untracked 
|  67|0x0000000088300000, 0x0000000088300000, 0x0000000088400000|  0%| F|  |TAMS 0x0000000088300000| PB 0x0000000088300000| Untracked 
|  68|0x0000000088400000, 0x0000000088400000, 0x0000000088500000|  0%| F|  |TAMS 0x0000000088400000| PB 0x0000000088400000| Untracked 
|  69|0x0000000088500000, 0x0000000088500000, 0x0000000088600000|  0%| F|  |TAMS 0x0000000088500000| PB 0x0000000088500000| Untracked 
|  70|0x0000000088600000, 0x0000000088600000, 0x0000000088700000|  0%| F|  |TAMS 0x0000000088600000| PB 0x0000000088600000| Untracked 
|  71|0x0000000088700000, 0x0000000088700000, 0x0000000088800000|  0%| F|  |TAMS 0x0000000088700000| PB 0x0000000088700000| Untracked 
|  72|0x0000000088800000, 0x0000000088800000, 0x0000000088900000|  0%| F|  |TAMS 0x0000000088800000| PB 0x0000000088800000| Untracked 
|  73|0x0000000088900000, 0x0000000088900000, 0x0000000088a00000|  0%| F|  |TAMS 0x0000000088900000| PB 0x0000000088900000| Untracked 
|  74|0x0000000088a00000, 0x0000000088a00000, 0x0000000088b00000|  0%| F|  |TAMS 0x0000000088a00000| PB 0x0000000088a00000| Untracked 
|  75|0x0000000088b00000, 0x0000000088b00000, 0x0000000088c00000|  0%| F|  |TAMS 0x0000000088b00000| PB 0x0000000088b00000| Untracked 
|  76|0x0000000088c00000, 0x0000000088c00000, 0x0000000088d00000|  0%| F|  |TAMS 0x0000000088c00000| PB 0x0000000088c00000| Untracked 
|  77|0x0000000088d00000, 0x0000000088d00000, 0x0000000088e00000|  0%| F|  |TAMS 0x0000000088d00000| PB 0x0000000088d00000| Untracked 
|  78|0x0000000088e00000, 0x0000000088e00000, 0x0000000088f00000|  0%| F|  |TAMS 0x0000000088e00000| PB 0x0000000088e00000| Untracked 
|  79|0x0000000088f00000, 0x0000000088f00000, 0x0000000089000000|  0%| F|  |TAMS 0x0000000088f00000| PB 0x0000000088f00000| Untracked 
|  80|0x0000000089000000, 0x0000000089000000, 0x0000000089100000|  0%| F|  |TAMS 0x0000000089000000| PB 0x0000000089000000| Untracked 
|  81|0x0000000089100000, 0x0000000089100000, 0x0000000089200000|  0%| F|  |TAMS 0x0000000089100000| PB 0x0000000089100000| Untracked 
|  82|0x0000000089200000, 0x0000000089200000, 0x0000000089300000|  0%| F|  |TAMS 0x0000000089200000| PB 0x0000000089200000| Untracked 
|  83|0x0000000089300000, 0x0000000089300000, 0x0000000089400000|  0%| F|  |TAMS 0x0000000089300000| PB 0x0000000089300000| Untracked 
|  84|0x0000000089400000, 0x0000000089400000, 0x0000000089500000|  0%| F|  |TAMS 0x0000000089400000| PB 0x0000000089400000| Untracked 
|  85|0x0000000089500000, 0x0000000089500000, 0x0000000089600000|  0%| F|  |TAMS 0x0000000089500000| PB 0x0000000089500000| Untracked 
|  86|0x0000000089600000, 0x0000000089600000, 0x0000000089700000|  0%| F|  |TAMS 0x0000000089600000| PB 0x0000000089600000| Untracked 
|  87|0x0000000089700000, 0x0000000089700000, 0x0000000089800000|  0%| F|  |TAMS 0x0000000089700000| PB 0x0000000089700000| Untracked 
|  88|0x0000000089800000, 0x0000000089800000, 0x0000000089900000|  0%| F|  |TAMS 0x0000000089800000| PB 0x0000000089800000| Untracked 
|  89|0x0000000089900000, 0x0000000089900000, 0x0000000089a00000|  0%| F|  |TAMS 0x0000000089900000| PB 0x0000000089900000| Untracked 
|  90|0x0000000089a00000, 0x0000000089a00000, 0x0000000089b00000|  0%| F|  |TAMS 0x0000000089a00000| PB 0x0000000089a00000| Untracked 
|  91|0x0000000089b00000, 0x0000000089b00000, 0x0000000089c00000|  0%| F|  |TAMS 0x0000000089b00000| PB 0x0000000089b00000| Untracked 
|  92|0x0000000089c00000, 0x0000000089c00000, 0x0000000089d00000|  0%| F|  |TAMS 0x0000000089c00000| PB 0x0000000089c00000| Untracked 
|  93|0x0000000089d00000, 0x0000000089d00000, 0x0000000089e00000|  0%| F|  |TAMS 0x0000000089d00000| PB 0x0000000089d00000| Untracked 
|  94|0x0000000089e00000, 0x0000000089e00000, 0x0000000089f00000|  0%| F|  |TAMS 0x0000000089e00000| PB 0x0000000089e00000| Untracked 
|  95|0x0000000089f00000, 0x0000000089f00000, 0x000000008a000000|  0%| F|  |TAMS 0x0000000089f00000| PB 0x0000000089f00000| Untracked 
|  96|0x000000008a000000, 0x000000008a000000, 0x000000008a100000|  0%| F|  |TAMS 0x000000008a000000| PB 0x000000008a000000| Untracked 
|  97|0x000000008a100000, 0x000000008a100000, 0x000000008a200000|  0%| F|  |TAMS 0x000000008a100000| PB 0x000000008a100000| Untracked 
|  98|0x000000008a200000, 0x000000008a200000, 0x000000008a300000|  0%| F|  |TAMS 0x000000008a200000| PB 0x000000008a200000| Untracked 
|  99|0x000000008a300000, 0x000000008a300000, 0x000000008a400000|  0%| F|  |TAMS 0x000000008a300000| PB 0x000000008a300000| Untracked 
| 100|0x000000008a400000, 0x000000008a400000, 0x000000008a500000|  0%| F|  |TAMS 0x000000008a400000| PB 0x000000008a400000| Untracked 
| 101|0x000000008a500000, 0x000000008a500000, 0x000000008a600000|  0%| F|  |TAMS 0x000000008a500000| PB 0x000000008a500000| Untracked 
| 102|0x000000008a600000, 0x000000008a676440, 0x000000008a700000| 46%| E|  |TAMS 0x000000008a600000| PB 0x000000008a600000| Complete 
| 103|0x000000008a700000, 0x000000008a800000, 0x000000008a800000|100%| E|CS|TAMS 0x000000008a700000| PB 0x000000008a700000| Complete 
| 104|0x000000008a800000, 0x000000008a900000, 0x000000008a900000|100%| E|CS|TAMS 0x000000008a800000| PB 0x000000008a800000| Complete 
| 105|0x000000008a900000, 0x000000008aa00000, 0x000000008aa00000|100%| E|CS|TAMS 0x000000008a900000| PB 0x000000008a900000| Complete 
| 106|0x000000008aa00000, 0x000000008ab00000, 0x000000008ab00000|100%| E|CS|TAMS 0x000000008aa00000| PB 0x000000008aa00000| Complete 
| 107|0x000000008ab00000, 0x000000008ac00000, 0x000000008ac00000|100%| E|CS|TAMS 0x000000008ab00000| PB 0x000000008ab00000| Complete 
| 108|0x000000008ac00000, 0x000000008ad00000, 0x000000008ad00000|100%| E|CS|TAMS 0x000000008ac00000| PB 0x000000008ac00000| Complete 
| 109|0x000000008ad00000, 0x000000008ae00000, 0x000000008ae00000|100%| E|CS|TAMS 0x000000008ad00000| PB 0x000000008ad00000| Complete 
| 110|0x000000008ae00000, 0x000000008af00000, 0x000000008af00000|100%| E|CS|TAMS 0x000000008ae00000| PB 0x000000008ae00000| Complete 
| 111|0x000000008af00000, 0x000000008b000000, 0x000000008b000000|100%| E|CS|TAMS 0x000000008af00000| PB 0x000000008af00000| Complete 
| 112|0x000000008b000000, 0x000000008b100000, 0x000000008b100000|100%| E|CS|TAMS 0x000000008b000000| PB 0x000000008b000000| Complete 
| 113|0x000000008b100000, 0x000000008b200000, 0x000000008b200000|100%| E|CS|TAMS 0x000000008b100000| PB 0x000000008b100000| Complete 
| 114|0x000000008b200000, 0x000000008b300000, 0x000000008b300000|100%| E|CS|TAMS 0x000000008b200000| PB 0x000000008b200000| Complete 
| 115|0x000000008b300000, 0x000000008b400000, 0x000000008b400000|100%| E|CS|TAMS 0x000000008b300000| PB 0x000000008b300000| Complete 
| 116|0x000000008b400000, 0x000000008b500000, 0x000000008b500000|100%| E|CS|TAMS 0x000000008b400000| PB 0x000000008b400000| Complete 
| 117|0x000000008b500000, 0x000000008b600000, 0x000000008b600000|100%| E|CS|TAMS 0x000000008b500000| PB 0x000000008b500000| Complete 
| 118|0x000000008b600000, 0x000000008b700000, 0x000000008b700000|100%| E|CS|TAMS 0x000000008b600000| PB 0x000000008b600000| Complete 
| 119|0x000000008b700000, 0x000000008b800000, 0x000000008b800000|100%| E|CS|TAMS 0x000000008b700000| PB 0x000000008b700000| Complete 
| 120|0x000000008b800000, 0x000000008b900000, 0x000000008b900000|100%| E|CS|TAMS 0x000000008b800000| PB 0x000000008b800000| Complete 
| 121|0x000000008b900000, 0x000000008ba00000, 0x000000008ba00000|100%| E|CS|TAMS 0x000000008b900000| PB 0x000000008b900000| Complete 
| 122|0x000000008ba00000, 0x000000008bb00000, 0x000000008bb00000|100%| E|CS|TAMS 0x000000008ba00000| PB 0x000000008ba00000| Complete 
| 123|0x000000008bb00000, 0x000000008bc00000, 0x000000008bc00000|100%| E|CS|TAMS 0x000000008bb00000| PB 0x000000008bb00000| Complete 

Card table byte_map: [0x00000285d0960000,0x00000285d0d40000] _byte_map_base: 0x00000285d0540000

Marking Bits: (CMBitMap*) 0x00000285b8e3e570
 Bits: [0x00000285d0d40000, 0x00000285d2c40000)

Polling page: 0x00000285b6d20000

Metaspace:

Usage:
  Non-class:      4.93 MB used.
      Class:    656.46 KB used.
       Both:      5.57 MB used.

Virtual space:
  Non-class space:       64.00 MB reserved,       5.00 MB (  8%) committed,  1 nodes.
      Class space:        1.00 GB reserved,     768.00 KB ( <1%) committed,  1 nodes.
             Both:        1.06 GB reserved,       5.75 MB ( <1%) committed. 

Chunk freelists:
   Non-Class:  9.16 MB
       Class:  15.28 MB
        Both:  24.44 MB

MaxMetaspaceSize: unlimited
CompressedClassSpaceSize: 1.00 GB
Initial GC threshold: 21.00 MB
Current GC threshold: 21.00 MB
CDS: on
 - commit_granule_bytes: 65536.
 - commit_granule_words: 8192.
 - virtual_space_node_default_size: 8388608.
 - enlarge_chunks_in_place: 1.
 - use_allocation_guard: 0.


Internal statistics:

num_allocs_failed_limit: 0.
num_arena_births: 54.
num_arena_deaths: 0.
num_vsnodes_births: 2.
num_vsnodes_deaths: 0.
num_space_committed: 92.
num_space_uncommitted: 0.
num_chunks_returned_to_freelist: 0.
num_chunks_taken_from_freelist: 215.
num_chunk_merges: 0.
num_chunk_splits: 136.
num_chunks_enlarged: 114.
num_inconsistent_stats: 0.

CodeHeap 'non-profiled nmethods': size=120000Kb used=335Kb max_used=335Kb free=119664Kb
 bounds [0x00000285c8d20000, 0x00000285c8f90000, 0x00000285d0250000]
CodeHeap 'profiled nmethods': size=120000Kb used=2162Kb max_used=2162Kb free=117837Kb
 bounds [0x00000285c1250000, 0x00000285c14c0000, 0x00000285c8780000]
CodeHeap 'non-nmethods': size=5760Kb used=1486Kb max_used=1518Kb free=4274Kb
 bounds [0x00000285c8780000, 0x00000285c89f0000, 0x00000285c8d20000]
 total_blobs=1567 nmethods=1108 adapters=364
 compilation: enabled
              stopped_count=0, restarted_count=0
 full_count=0

Compilation events (20 events):
Event: 0.441 Thread 0x00000285d5674b00 1093       3       java.lang.String::trim (35 bytes)
Event: 0.441 Thread 0x00000285d5674b00 nmethod 1093 0x00000285c1457f90 code [0x00000285c1458160, 0x00000285c1458448]
Event: 0.441 Thread 0x000002861b789de0 nmethod 1086 0x00000285c8d72590 code [0x00000285c8d72720, 0x00000285c8d727e8]
Event: 0.441 Thread 0x000002861b789de0 1087       4       java.nio.CharBuffer::arrayOffset (35 bytes)
Event: 0.441 Thread 0x000002861b789de0 nmethod 1087 0x00000285c8d72890 code [0x00000285c8d72a20, 0x00000285c8d72ae8]
Event: 0.441 Thread 0x00000285d5674b00 1095       3       org.codehaus.plexus.util.xml.pull.MXParser::getText (125 bytes)
Event: 0.441 Thread 0x000002861b789de0 1088       4       java.nio.CharBuffer::position (6 bytes)
Event: 0.442 Thread 0x00000285d5674b00 nmethod 1095 0x00000285c1458510 code [0x00000285c1458700, 0x00000285c1458c20]
Event: 0.442 Thread 0x00000285d5674b00 1097       3       org.codehaus.plexus.util.xml.pull.MXParser::parseEndTag (429 bytes)
Event: 0.442 Thread 0x000002861b789de0 nmethod 1088 0x00000285c8d72b90 code [0x00000285c8d72d20, 0x00000285c8d72e20]
Event: 0.442 Thread 0x000002861b789de0 1089       4       java.io.InputStreamReader::read (11 bytes)
Event: 0.443 Thread 0x00000285d5674b00 nmethod 1097 0x00000285c1458d10 code [0x00000285c14592e0, 0x00000285c145b848]
Event: 0.443 Thread 0x00000285d5674b00 1096       3       org.codehaus.plexus.util.xml.pull.MXParser::parseStartTag (1190 bytes)
Event: 0.446 Thread 0x00000285d5674b00 nmethod 1096 0x00000285c145c990 code [0x00000285c145d3a0, 0x00000285c1462d48]
Event: 0.446 Thread 0x00000285d5674b00 1098       3       org.codehaus.plexus.util.xml.pull.MXParser::isNameStartChar (56 bytes)
Event: 0.446 Thread 0x00000285d5674b00 nmethod 1098 0x00000285c1465290 code [0x00000285c1465440, 0x00000285c14656e8]
Event: 0.446 Thread 0x00000285d5674b00 1101       1       org.codehaus.plexus.util.xml.pull.MXParser::getEventType (5 bytes)
Event: 0.447 Thread 0x00000285d5674b00 nmethod 1101 0x00000285c8d72f10 code [0x00000285c8d730a0, 0x00000285c8d73168]
Event: 0.447 Thread 0x00000285d5674b00 1100       3       java.util.HashMap::isEmpty (13 bytes)
Event: 0.447 Thread 0x00000285d5674b00 nmethod 1100 0x00000285c1465790 code [0x00000285c1465920, 0x00000285c1465a88]

GC Heap History (0 events):
No events

Dll operation events (8 events):
Event: 0.005 Loaded shared library C:\Program Files\Java\jdk-21\bin\java.dll
Event: 0.028 Loaded shared library C:\Program Files\Java\jdk-21\bin\jsvml.dll
Event: 0.043 Loaded shared library C:\Program Files\Java\jdk-21\bin\net.dll
Event: 0.045 Loaded shared library C:\Program Files\Java\jdk-21\bin\nio.dll
Event: 0.047 Loaded shared library C:\Program Files\Java\jdk-21\bin\zip.dll
Event: 0.122 Loaded shared library C:\Program Files\Java\jdk-21\bin\jimage.dll
Event: 0.129 Loaded shared library C:\Program Files\NetBeans-20\netbeans\java\maven\lib\jansi-native\Windows\x86_64\jansi.dll
Event: 0.136 Loaded shared library C:\Program Files\Java\jdk-21\bin\verify.dll

Deoptimization events (20 events):
Event: 0.401 Thread 0x00000285b6a94cd0 Uncommon trap: trap_request=0xffffffde fr.pc=0x00000285c8d696cc relative=0x000000000000012c
Event: 0.401 Thread 0x00000285b6a94cd0 Uncommon trap: reason=class_check action=maybe_recompile pc=0x00000285c8d696cc method=jdk.internal.misc.Unsafe.allocateUninitializedArray(Ljava/lang/Class;I)Ljava/lang/Object; @ 51 c2
Event: 0.401 Thread 0x00000285b6a94cd0 DEOPT PACKING pc=0x00000285c8d696cc sp=0x000000f3344fcaa0
Event: 0.401 Thread 0x00000285b6a94cd0 DEOPT UNPACKING pc=0x00000285c87d7da2 sp=0x000000f3344fca18 mode 2
Event: 0.401 Thread 0x00000285b6a94cd0 Uncommon trap: trap_request=0xffffffde fr.pc=0x00000285c8d696cc relative=0x000000000000012c
Event: 0.401 Thread 0x00000285b6a94cd0 Uncommon trap: reason=class_check action=maybe_recompile pc=0x00000285c8d696cc method=jdk.internal.misc.Unsafe.allocateUninitializedArray(Ljava/lang/Class;I)Ljava/lang/Object; @ 51 c2
Event: 0.401 Thread 0x00000285b6a94cd0 DEOPT PACKING pc=0x00000285c8d696cc sp=0x000000f3344fcaa0
Event: 0.401 Thread 0x00000285b6a94cd0 DEOPT UNPACKING pc=0x00000285c87d7da2 sp=0x000000f3344fca18 mode 2
Event: 0.424 Thread 0x00000285b6a94cd0 Uncommon trap: trap_request=0xffffff6e fr.pc=0x00000285c8d538cc relative=0x000000000000040c
Event: 0.424 Thread 0x00000285b6a94cd0 Uncommon trap: reason=loop_limit_check action=maybe_recompile pc=0x00000285c8d538cc method=java.lang.StringLatin1.indexOf([BI[BII)I @ 37 c2
Event: 0.424 Thread 0x00000285b6a94cd0 DEOPT PACKING pc=0x00000285c8d538cc sp=0x000000f3344fda40
Event: 0.424 Thread 0x00000285b6a94cd0 DEOPT UNPACKING pc=0x00000285c87d7da2 sp=0x000000f3344fd9a0 mode 2
Event: 0.426 Thread 0x00000285b6a94cd0 Uncommon trap: trap_request=0xffffff76 fr.pc=0x00000285c8d4cc8c relative=0x000000000000032c
Event: 0.426 Thread 0x00000285b6a94cd0 Uncommon trap: reason=predicate action=maybe_recompile pc=0x00000285c8d4cc8c method=java.util.regex.Pattern$BmpCharPropertyGreedy.match(Ljava/util/regex/Matcher;ILjava/lang/CharSequence;)Z @ 12 c2
Event: 0.426 Thread 0x00000285b6a94cd0 DEOPT PACKING pc=0x00000285c8d4cc8c sp=0x000000f3344fde50
Event: 0.426 Thread 0x00000285b6a94cd0 DEOPT UNPACKING pc=0x00000285c87d7da2 sp=0x000000f3344fde08 mode 2
Event: 0.426 Thread 0x00000285b6a94cd0 Uncommon trap: trap_request=0xffffff45 fr.pc=0x00000285c8d45b60 relative=0x00000000000000c0
Event: 0.426 Thread 0x00000285b6a94cd0 Uncommon trap: reason=unstable_if action=reinterpret pc=0x00000285c8d45b60 method=org.codehaus.plexus.util.xml.pull.MXParser.more()C @ 8 c2
Event: 0.426 Thread 0x00000285b6a94cd0 DEOPT PACKING pc=0x00000285c8d45b60 sp=0x000000f3344fe210
Event: 0.426 Thread 0x00000285b6a94cd0 DEOPT UNPACKING pc=0x00000285c87d7da2 sp=0x000000f3344fe1a0 mode 2

Classes loaded (20 events):
Event: 0.404 Loading class java/util/concurrent/TimeoutException
Event: 0.404 Loading class java/util/concurrent/TimeoutException done
Event: 0.405 Loading class java/util/concurrent/CancellationException
Event: 0.405 Loading class java/util/concurrent/CancellationException done
Event: 0.405 Loading class java/security/PrivilegedActionException
Event: 0.405 Loading class java/security/PrivilegedActionException done
Event: 0.405 Loading class sun/misc/Unsafe
Event: 0.405 Loading class sun/misc/Unsafe done
Event: 0.406 Loading class java/lang/invoke/DirectMethodHandle$StaticAccessor
Event: 0.406 Loading class java/lang/invoke/DirectMethodHandle$StaticAccessor done
Event: 0.409 Loading class java/lang/reflect/ParameterizedType
Event: 0.409 Loading class java/lang/reflect/ParameterizedType done
Event: 0.411 Loading class java/lang/reflect/WildcardType
Event: 0.411 Loading class java/lang/reflect/WildcardType done
Event: 0.412 Loading class sun/reflect/generics/tree/TypeVariableSignature
Event: 0.412 Loading class sun/reflect/generics/tree/TypeVariableSignature done
Event: 0.422 Loading class java/lang/annotation/IncompleteAnnotationException
Event: 0.422 Loading class java/lang/annotation/IncompleteAnnotationException done
Event: 0.447 Loading class java/lang/foreign/MemorySegment
Event: 0.447 Loading class java/lang/foreign/MemorySegment done

Classes unloaded (0 events):
No events

Classes redefined (0 events):
No events

Internal exceptions (20 events):
Event: 0.132 Thread 0x00000285b6a94cd0 Exception <a 'java/lang/NullPointerException'{0x000000008b640178}> (0x000000008b640178) 
thrown [s\open\src\hotspot\share\interpreter\linkResolver.cpp, line 1372]
Event: 0.132 Thread 0x00000285b6a94cd0 Exception <a 'java/lang/NullPointerException'{0x000000008b640458}> (0x000000008b640458) 
thrown [s\open\src\hotspot\share\interpreter\linkResolver.cpp, line 1372]
Event: 0.132 Thread 0x00000285b6a94cd0 Exception <a 'java/lang/NullPointerException'{0x000000008b640738}> (0x000000008b640738) 
thrown [s\open\src\hotspot\share\interpreter\linkResolver.cpp, line 1372]
Event: 0.132 Thread 0x00000285b6a94cd0 Exception <a 'java/lang/NullPointerException'{0x000000008b640a18}> (0x000000008b640a18) 
thrown [s\open\src\hotspot\share\interpreter\linkResolver.cpp, line 1372]
Event: 0.135 Thread 0x00000285b6a94cd0 Exception <a 'sun/nio/fs/WindowsException'{0x000000008b669800}> (0x000000008b669800) 
thrown [s\open\src\hotspot\share\prims\jni.cpp, line 520]
Event: 0.135 Thread 0x00000285b6a94cd0 Exception <a 'sun/nio/fs/WindowsException'{0x000000008b669f30}> (0x000000008b669f30) 
thrown [s\open\src\hotspot\share\prims\jni.cpp, line 520]
Event: 0.135 Thread 0x00000285b6a94cd0 Exception <a 'sun/nio/fs/WindowsException'{0x000000008b66a4a8}> (0x000000008b66a4a8) 
thrown [s\open\src\hotspot\share\prims\jni.cpp, line 520]
Event: 0.135 Thread 0x00000285b6a94cd0 Exception <a 'sun/nio/fs/WindowsException'{0x000000008b66aa00}> (0x000000008b66aa00) 
thrown [s\open\src\hotspot\share\prims\jni.cpp, line 520]
Event: 0.135 Thread 0x00000285b6a94cd0 Exception <a 'sun/nio/fs/WindowsException'{0x000000008b66af08}> (0x000000008b66af08) 
thrown [s\open\src\hotspot\share\prims\jni.cpp, line 520]
Event: 0.135 Thread 0x00000285b6a94cd0 Exception <a 'sun/nio/fs/WindowsException'{0x000000008b66b3c8}> (0x000000008b66b3c8) 
thrown [s\open\src\hotspot\share\prims\jni.cpp, line 520]
Event: 0.148 Thread 0x00000285b6a94cd0 Exception <a 'java/lang/NoSuchMethodError'{0x000000008b6dcb68}: 'void java.lang.invoke.DirectMethodHandle$Holder.invokeStatic(java.lang.Object, java.lang.Object, java.lang.Object)'> (0x000000008b6dcb68) 
thrown [s\open\src\hotspot\share\interpreter\linkResolver.cpp, line 773]
Event: 0.198 Thread 0x00000285b6a94cd0 Exception <a 'java/lang/NoSuchMethodError'{0x000000008b48fd10}: 'java.lang.Object java.lang.invoke.DirectMethodHandle$Holder.invokeSpecialIFC(java.lang.Object, java.lang.Object, java.lang.Object, java.lang.Object)'> (0x000000008b48fd10) 
thrown [s\open\src\hotspot\share\interpreter\linkResolver.cpp, line 773]
Event: 0.337 Thread 0x00000285b6a94cd0 Exception <a 'java/lang/NoSuchMethodError'{0x000000008afed848}: 'void java.lang.invoke.DirectMethodHandle$Holder.invokeSpecial(java.lang.Object, java.lang.Object, java.lang.Object)'> (0x000000008afed848) 
thrown [s\open\src\hotspot\share\interpreter\linkResolver.cpp, line 773]
Event: 0.359 Thread 0x00000285b6a94cd0 Exception <a 'java/lang/NoSuchMethodError'{0x000000008ad308a0}: 'java.lang.Object java.lang.invoke.DirectMethodHandle$Holder.invokeInterface(java.lang.Object, java.lang.Object)'> (0x000000008ad308a0) 
thrown [s\open\src\hotspot\share\interpreter\linkResolver.cpp, line 773]
Event: 0.369 Thread 0x00000285b6a94cd0 Exception <a 'java/lang/NoSuchMethodError'{0x000000008adc3760}: 'int java.lang.invoke.DirectMethodHandle$Holder.invokeStatic(java.lang.Object, java.lang.Object, java.lang.Object, java.lang.Object)'> (0x000000008adc3760) 
thrown [s\open\src\hotspot\share\interpreter\linkResolver.cpp, line 773]
Event: 0.369 Thread 0x00000285b6a94cd0 Exception <a 'java/lang/NoSuchMethodError'{0x000000008adc6de0}: 'java.lang.Object java.lang.invoke.Invokers$Holder.invokeExact_MT(java.lang.Object, java.lang.Object, java.lang.Object, java.lang.Object, java.lang.Object, java.lang.Object)'> (0x000000008adc6de0) 
thrown [s\open\src\hotspot\share\interpreter\linkResolver.cpp, line 773]
Event: 0.370 Thread 0x00000285b6a94cd0 Exception <a 'java/lang/NoSuchMethodError'{0x000000008add5440}: 'int java.lang.invoke.DirectMethodHandle$Holder.invokeSpecialIFC(java.lang.Object, java.lang.Object, java.lang.Object, java.lang.Object, java.lang.Object)'> (0x000000008add5440) 
thrown [s\open\src\hotspot\share\interpreter\linkResolver.cpp, line 773]
Event: 0.397 Thread 0x00000285b6a94cd0 Exception <a 'java/lang/NoSuchMethodError'{0x000000008ab4e778}: 'java.lang.Object java.lang.invoke.DirectMethodHandle$Holder.newInvokeSpecial(java.lang.Object, java.lang.Object, java.lang.Object, java.lang.Object, java.lang.Object)'> (0x000000008ab4e778) 
thrown [s\open\src\hotspot\share\interpreter\linkResolver.cpp, line 773]
Event: 0.416 Thread 0x00000285b6a94cd0 Exception <a 'java/lang/NoSuchMethodError'{0x000000008aa43df0}: 'int java.lang.invoke.DirectMethodHandle$Holder.invokeStaticInit(java.lang.Object, java.lang.Object)'> (0x000000008aa43df0) 
thrown [s\open\src\hotspot\share\interpreter\linkResolver.cpp, line 773]
Event: 0.422 Thread 0x00000285b6a94cd0 Exception <a 'java/lang/NoClassDefFoundError'{0x000000008aa77aa0}: javax/enterprise/inject/Typed> (0x000000008aa77aa0) 
thrown [s\open\src\hotspot\share\classfile\systemDictionary.cpp, line 301]

ZGC Phase Switch (0 events):
No events

VM Operations (6 events):
Event: 0.047 Executing VM operation: HandshakeAllThreads (Deoptimize)
Event: 0.048 Executing VM operation: HandshakeAllThreads (Deoptimize) done
Event: 0.119 Executing VM operation: HandshakeAllThreads (Deoptimize)
Event: 0.119 Executing VM operation: HandshakeAllThreads (Deoptimize) done
Event: 0.124 Executing VM operation: HandshakeAllThreads (Deoptimize)
Event: 0.124 Executing VM operation: HandshakeAllThreads (Deoptimize) done

Events (13 events):
Event: 0.016 Thread 0x00000285b6a94cd0 Thread added: 0x00000285b6a94cd0
Event: 0.025 Thread 0x00000285d5662100 Thread added: 0x00000285d5662100
Event: 0.025 Thread 0x00000285d5662e20 Thread added: 0x00000285d5662e20
Event: 0.026 Thread 0x00000285d5665750 Thread added: 0x00000285d5665750
Event: 0.026 Thread 0x00000285d5667500 Thread added: 0x00000285d5667500
Event: 0.026 Thread 0x00000285d5668090 Thread added: 0x00000285d5668090
Event: 0.026 Thread 0x00000285d566bf50 Thread added: 0x00000285d566bf50
Event: 0.026 Thread 0x00000285d5671490 Thread added: 0x00000285d5671490
Event: 0.026 Thread 0x00000285d5674b00 Thread added: 0x00000285d5674b00
Event: 0.039 Thread 0x00000285d58efc60 Thread added: 0x00000285d58efc60
Event: 0.041 Thread 0x00000285d58f2cc0 Thread added: 0x00000285d58f2cc0
Event: 0.074 Thread 0x00000285d59b1750 Thread added: 0x00000285d59b1750
Event: 0.440 Thread 0x000002861b789de0 Thread added: 0x000002861b789de0


Dynamic libraries:
0x00007ff7cb020000 - 0x00007ff7cb030000 	C:\Program Files\Java\jdk-21\bin\java.exe
0x00007ffd23230000 - 0x00007ffd23446000 	C:\WINDOWS\SYSTEM32\ntdll.dll
0x00007ffd210d0000 - 0x00007ffd21194000 	C:\WINDOWS\System32\KERNEL32.DLL
0x00007ffd20bb0000 - 0x00007ffd20f57000 	C:\WINDOWS\System32\KERNELBASE.dll
0x00007ffd20a90000 - 0x00007ffd20ba1000 	C:\WINDOWS\System32\ucrtbase.dll
0x00007ffd0e2b0000 - 0x00007ffd0e2c9000 	C:\Program Files\Java\jdk-21\bin\jli.dll
0x00007ffcd6320000 - 0x00007ffcd633b000 	C:\Program Files\Java\jdk-21\bin\VCRUNTIME140.dll
0x00007ffd21210000 - 0x00007ffd212c2000 	C:\WINDOWS\System32\ADVAPI32.dll
0x00007ffd21c90000 - 0x00007ffd21d37000 	C:\WINDOWS\System32\msvcrt.dll
0x00007ffd22b40000 - 0x00007ffd22be8000 	C:\WINDOWS\System32\sechost.dll
0x00007ffd20810000 - 0x00007ffd20838000 	C:\WINDOWS\System32\bcrypt.dll
0x00007ffd229d0000 - 0x00007ffd22ae5000 	C:\WINDOWS\System32\RPCRT4.dll
0x00007ffd219b0000 - 0x00007ffd21b5e000 	C:\WINDOWS\System32\USER32.dll
0x00007ffd207e0000 - 0x00007ffd20806000 	C:\WINDOWS\System32\win32u.dll
0x00007ffd22bf0000 - 0x00007ffd22c19000 	C:\WINDOWS\System32\GDI32.dll
0x00007ffcfd430000 - 0x00007ffcfd6c3000 	C:\WINDOWS\WinSxS\amd64_microsoft.windows.common-controls_6595b64144ccf1df_6.0.22621.3235_none_270f74e173860f98\COMCTL32.dll
0x00007ffd20550000 - 0x00007ffd20669000 	C:\WINDOWS\System32\gdi32full.dll
0x00007ffd208b0000 - 0x00007ffd2094a000 	C:\WINDOWS\System32\msvcp_win.dll
0x00007ffd11940000 - 0x00007ffd1194a000 	C:\WINDOWS\SYSTEM32\VERSION.dll
0x00007ffd20f60000 - 0x00007ffd20f91000 	C:\WINDOWS\System32\IMM32.DLL
0x00007ffcf1c20000 - 0x00007ffcf1c2c000 	C:\Program Files\Java\jdk-21\bin\vcruntime140_1.dll
0x00007ffcb8430000 - 0x00007ffcb84be000 	C:\Program Files\Java\jdk-21\bin\msvcp140.dll
0x00007ffcb3490000 - 0x00007ffcb41a7000 	C:\Program Files\Java\jdk-21\bin\server\jvm.dll
0x00007ffd20fa0000 - 0x00007ffd21011000 	C:\WINDOWS\System32\WS2_32.dll
0x00007ffd1f3f0000 - 0x00007ffd1f43d000 	C:\WINDOWS\SYSTEM32\POWRPROF.dll
0x00007ffd12ab0000 - 0x00007ffd12ae4000 	C:\WINDOWS\SYSTEM32\WINMM.dll
0x00007ffd1f3d0000 - 0x00007ffd1f3e3000 	C:\WINDOWS\SYSTEM32\UMPDC.dll
0x00007ffd1f620000 - 0x00007ffd1f638000 	C:\WINDOWS\SYSTEM32\kernel.appcore.dll
0x00007ffcedb40000 - 0x00007ffcedb4a000 	C:\Program Files\Java\jdk-21\bin\jimage.dll
0x00007ffd1ddc0000 - 0x00007ffd1dff3000 	C:\WINDOWS\SYSTEM32\DBGHELP.DLL
0x00007ffd22d20000 - 0x00007ffd230a8000 	C:\WINDOWS\System32\combase.dll
0x00007ffd23110000 - 0x00007ffd231e7000 	C:\WINDOWS\System32\OLEAUT32.dll
0x00007ffcf7250000 - 0x00007ffcf7282000 	C:\WINDOWS\SYSTEM32\dbgcore.DLL
0x00007ffd20a10000 - 0x00007ffd20a89000 	C:\WINDOWS\System32\bcryptPrimitives.dll
0x00007ffcbde60000 - 0x00007ffcbde7f000 	C:\Program Files\Java\jdk-21\bin\java.dll
0x00007ffd21f10000 - 0x00007ffd2276c000 	C:\WINDOWS\System32\SHELL32.dll
0x00007ffd1e4b0000 - 0x00007ffd1eda9000 	C:\WINDOWS\SYSTEM32\windows.storage.dll
0x00007ffd1e370000 - 0x00007ffd1e4ae000 	C:\WINDOWS\SYSTEM32\wintypes.dll
0x00007ffd22c20000 - 0x00007ffd22d13000 	C:\WINDOWS\System32\SHCORE.dll
0x00007ffd230b0000 - 0x00007ffd2310e000 	C:\WINDOWS\System32\shlwapi.dll
0x00007ffd20480000 - 0x00007ffd204a1000 	C:\WINDOWS\SYSTEM32\profapi.dll
0x00007ffcb8670000 - 0x00007ffcb8747000 	C:\Program Files\Java\jdk-21\bin\jsvml.dll
0x00007ffd1d480000 - 0x00007ffd1d490000 	C:\Program Files\Java\jdk-21\bin\net.dll
0x00007ffd16920000 - 0x00007ffd16a56000 	C:\WINDOWS\SYSTEM32\WINHTTP.dll
0x00007ffd1faf0000 - 0x00007ffd1fb59000 	C:\WINDOWS\system32\mswsock.dll
0x00007ffcfd720000 - 0x00007ffcfd736000 	C:\Program Files\Java\jdk-21\bin\nio.dll
0x00007ffcfd0c0000 - 0x00007ffcfd0d8000 	C:\Program Files\Java\jdk-21\bin\zip.dll
0x0000000069ac0000 - 0x0000000069ae4000 	C:\Program Files\NetBeans-20\netbeans\java\maven\lib\jansi-native\Windows\x86_64\jansi.dll
0x00007ffd0e350000 - 0x00007ffd0e360000 	C:\Program Files\Java\jdk-21\bin\verify.dll

dbghelp: loaded successfully - version: 4.0.5 - missing functions: none
symbol engine: initialized successfully - sym options: 0x614 - pdb path: .;C:\Program Files\Java\jdk-21\bin;C:\WINDOWS\SYSTEM32;C:\WINDOWS\WinSxS\amd64_microsoft.windows.common-controls_6595b64144ccf1df_6.0.22621.3235_none_270f74e173860f98;C:\Program Files\Java\jdk-21\bin\server;C:\Program Files\NetBeans-20\netbeans\java\maven\lib\jansi-native\Windows\x86_64

VM Arguments:
jvm_args: -Dclassworlds.conf=C:\Program Files\NetBeans-20\netbeans\java\maven\bin\m2.conf -Dmaven.home=C:\Program Files\NetBeans-20\netbeans\java\maven -Dlibrary.jansi.path=C:\Program Files\NetBeans-20\netbeans\java\maven\lib\jansi-native -Dmaven.multiModuleProjectDirectory=C:\Users\user\Documents\NetBeansProjects\Cocktail-project 
java_command: org.codehaus.plexus.classworlds.launcher.Launcher -Dmaven.ext.class.path=C:\Program Files\NetBeans-20\netbeans\java\maven-nblib\netbeans-eventspy.jar --no-transfer-progress clean install
java_class_path (initial): C:\Program Files\NetBeans-20\netbeans\java\maven\boot\plexus-classworlds-2.7.0.jar
Launcher Type: SUN_STANDARD

[Global flags]
     intx CICompilerCount                          = 4                                         {product} {ergonomic}
     uint ConcGCThreads                            = 2                                         {product} {ergonomic}
     uint G1ConcRefinementThreads                  = 8                                         {product} {ergonomic}
   size_t G1HeapRegionSize                         = 1048576                                   {product} {ergonomic}
    uintx GCDrainStackTargetSize                   = 64                                        {product} {ergonomic}
   size_t InitialHeapSize                          = 130023424                                 {product} {ergonomic}
   size_t MarkStackSize                            = 4194304                                   {product} {ergonomic}
   size_t MaxHeapSize                              = 2080374784                                {product} {ergonomic}
   size_t MaxNewSize                               = 1247805440                                {product} {ergonomic}
   size_t MinHeapDeltaBytes                        = 1048576                                   {product} {ergonomic}
   size_t MinHeapSize                              = 8388608                                   {product} {ergonomic}
    uintx NonNMethodCodeHeapSize                   = 5839372                                {pd product} {ergonomic}
    uintx NonProfiledCodeHeapSize                  = 122909434                              {pd product} {ergonomic}
    uintx ProfiledCodeHeapSize                     = 122909434                              {pd product} {ergonomic}
    uintx ReservedCodeCacheSize                    = 251658240                              {pd product} {ergonomic}
     bool SegmentedCodeCache                       = true                                      {product} {ergonomic}
   size_t SoftMaxHeapSize                          = 2080374784                             {manageable} {ergonomic}
     bool UseCompressedOops                        = true                           {product lp64_product} {ergonomic}
     bool UseG1GC                                  = true                                      {product} {ergonomic}
     bool UseLargePagesIndividualAllocation        = false                                  {pd product} {ergonomic}

Logging:
Log output configuration:
 #0: stdout all=warning uptime,level,tags foldmultilines=false
 #1: stderr all=off uptime,level,tags foldmultilines=false

Environment Variables:
JAVA_HOME=C:\Program Files\Java\jdk-21
PATH=C:\Program Files\Common Files\Oracle\Java\javapath;C:\MinGW\bin;C:\MinGW\bin;C:\WINDOWS\System32\Wbem;C:\WINDOWS\System32\WindowsPowerShell\v1.0\;C:\WINDOWS\System32\OpenSSH\;C:\WINDOWS\system32;C:\WINDOWS;C:\Program Files\Git\cmd;C:\Program Files\Git\mingw64\bin;C:\Program Files\Git\usr\bin;C:\MinGW\bin;C:\Users\user\AppData\Local\Microsoft\WindowsApps;C:\Program Files\JetBrains\CLion 2023.2.2\bin;;C:\Users\user\AppData\Local\Programs\Microsoft VS Code\bin;D:\flutter\bin;;C:\Program Files\JetBrains\IntelliJ IDEA 2023.3.6\bin;
USERNAME=user
OS=Windows_NT
PROCESSOR_IDENTIFIER=Intel64 Family 6 Model 140 Stepping 1, GenuineIntel
TMP=C:\Users\user\AppData\Local\Temp
TEMP=C:\Users\user\AppData\Local\Temp




Periodic native trim disabled

---------------  S Y S T E M  ---------------

OS:
 Windows 11 , 64 bit Build 22621 (10.0.22621.3374)
OS uptime: 0 days 2:32 hours

CPU: total 8 (initial active 8) (4 cores per cpu, 2 threads per core) family 6 model 140 stepping 1 microcode 0xac, cx8, cmov, fxsr, ht, mmx, 3dnowpref, sse, sse2, sse3, ssse3, sse4.1, sse4.2, popcnt, lzcnt, tsc, tscinvbit, avx, avx2, aes, erms, clmul, bmi1, bmi2, adx, avx512f, avx512dq, avx512cd, avx512bw, avx512vl, sha, fma, vzeroupper, avx512_vpopcntdq, avx512_vpclmulqdq, avx512_vaes, avx512_vnni, clflush, clflushopt, clwb, avx512_vbmi2, avx512_vbmi, rdtscp, rdpid, fsrm, gfni, avx512_bitalg, f16c, pku, cet_ibt, cet_ss, avx512_ifma
Processor Information for all 8 processors :
  Max Mhz: 2419, Current Mhz: 2419, Mhz Limit: 2419

Memory: 4k page, system-wide physical 7932M (1371M free)
TotalPageFile size 9980M (AvailPageFile size 5M)
current process WorkingSet (physical memory assigned to process): 81M, peak: 81M
current process commit charge ("private bytes"): 226M, peak: 226M

vm_info: Java HotSpot(TM) 64-Bit Server VM (21.0.2+13-LTS-58) for windows-amd64 JRE (21.0.2+13-LTS-58), built on 2024-01-05T18:32:24Z by "mach5one" with MS VC++ 17.1 (VS2022)

END.
